100
0.515408

Generation 49
0. -26
1. -35
2. -35
3. -50
4. -54

Generation 50
0. -45
1. -49
2. -56
3. -64
4. -64

Generation 51
0. -51
1. -51
2. -53
3. -53
4. -53

Generation 52
0. -45
1. -51
2. -52
3. -53
4. -55

Generation 53
0. -23
1. -47
2. -55
3. -59
4. -60

Generation 54
0. -37
1. -39
2. -50
3. -59
4. -60

Generation 55
0. -21
1. -48
2. -50
3. -62
4. -62

Generation 56
0. -49
1. -52
2. -53
3. -58
4. -62

Generation 57
0. -54
1. -57
2. -61
3. -61
4. -61

Generation 58
0. -35
1. -57
2. -58
3. -60
4. -62

Generation 59
0. -57
1. -58
2. -59
3. -60
4. -62

Generation 60
0. -43
1. -43
2. -48
3. -51
4. -52

Generation 61
0. -21
1. -46
2. -51
3. -52
4. -53

Generation 62
0. -21
1. -26
2. -29
3. -42
4. -54

Generation 63
0. -35
1. -42
2. -52
3. -53
4. -54

Generation 64
0. -48
1. -56
2. -56
3. -56
4. -57

Generation 65
0. -37
1. -44
2. -46
3. -56
4. -57

Generation 66
0. -43
1. -49
2. -49
3. -50
4. -51

Generation 67
0. -41
1. -42
2. -50
3. -52
4. -54

Generation 68
0. -27
1. -47
2. -50
3. -57
4. -60

Generation 69
0. -13
1. -46
2. -52
3. -58
4. -60

Generation 70
0. -48
1. -51
2. -54
3. -54
4. -57

Generation 71
0. -47
1. -51
2. -53
3. -54
4. -56

Generation 72
0. -49
1. -52
2. -53
3. -53
4. -60

Generation 73
0. -49
1. -51
2. -54
3. -55
4. -58

Generation 74
0. -28
1. -56
2. -57
3. -63
4. -63

Generation 75
0. -27
1. -49
2. -49
3. -52
4. -61

Generation 76
0. -51
1. -51
2. -54
3. -55
4. -58

Generation 77
0. -54
1. -58
2. -58
3. -59
4. -61

Generation 78
0. -41
1. -57
2. -59
3. -59
4. -59

Generation 79
0. -38
1. -55
2. -56
3. -65
4. -66

Generation 80
0. -40
1. -42
2. -49
3. -58
4. -58

Generation 81
0. -49
1. -56
2. -57
3. -57
4. -58

Generation 82
0. -59
1. -61
2. -62
3. -63
4. -63

Generation 83
0. -52
1. -55
2. -59
3. -59
4. -60

Generation 84
0. -38
1. -52
2. -55
3. -60
4. -61

Generation 85
0. -25
1. -51
2. -56
3. -56
4. -57

Generation 86
0. -13
1. -40
2. -49
3. -53
4. -54

Generation 87
0. -42
1. -44
2. -53
3. -57
4. -58

Generation 88
0. -38
1. -50
2. -51
3. -55
4. -56

Generation 89
0. -51
1. -60
2. -61
3. -63
4. -64

Generation 90
0. -51
1. -59
2. -61
3. -62
4. -63

Generation 91
0. -53
1. -57
2. -60
3. -63
4. -63

Generation 92
0. -53
1. -54
2. -55
3. -57
4. -58

Generation 93
0. -39
1. -49
2. -62
3. -62
4. -66

Generation 94
0. -49
1. -50
2. -51
3. -53
4. -55

Generation 95
0. -51
1. -56
2. -56
3. -59
4. -63

Generation 96
0. -50
1. -52
2. -58
3. -61
4. -62

Generation 97
0. -43
1. -51
2. -53
3. -56
4. -58

Generation 98
0. -44
1. -47
2. -55
3. -55
4. -58

Generation 99
0. -34
1. -47
2. -48
3. -51
4. -52

Generation 100
0. -40
1. -50
2. -52
3. -56
4. -59

Generation 101
0. -29
1. -41
2. -50
3. -54
4. -54

Generation 102
0. -33
1. -46
2. -53
3. -55
4. -57

Generation 103
0. -27
1. -37
2. -43
3. -44
4. -53

Generation 104
0. -39
1. -44
2. -48
3. -54
4. -60

Generation 105
0. -46
1. -46
2. -51
3. -51
4. -57

Generation 106
0. -43
1. -49
2. -49
3. -51
4. -52

Generation 107
0. -44
1. -51
2. -57
3. -60
4. -63

Generation 108
0. -52
1. -54
2. -55
3. -58
4. -60

Generation 109
0. -38
1. -40
2. -45
3. -49
4. -50

Generation 110
0. -50
1. -51
2. -56
3. -57
4. -60

Generation 111
0. -45
1. -47
2. -49
3. -52
4. -54

Generation 112
0. -46
1. -46
2. -47
3. -52
4. -56

Generation 113
0. -40
1. -49
2. -49
3. -57
4. -57

Generation 114
0. -32
1. -52
2. -52
3. -53
4. -55

Generation 115
0. -38
1. -43
2. -47
3. -51
4. -59

Generation 116
0. -39
1. -57
2. -63
3. -63
4. -63

Generation 117
0. -51
1. -51
2. -54
3. -56
4. -62

Generation 118
0. -41
1. -41
2. -51
3. -52
4. -54

Generation 119
0. -30
1. -38
2. -39
3. -47
4. -50

Generation 120
0. -46
1. -48
2. -49
3. -54
4. -59

Generation 121
0. -39
1. -46
2. -67
3. -67
4. -72

Generation 122
0. -45
1. -47
2. -58
3. -61
4. -64

Generation 123
0. -21
1. -48
2. -52
3. -52
4. -58

Generation 124
0. -33
1. -46
2. -55
3. -56
4. -64

Generation 125
0. -49
1. -50
2. -51
3. -53
4. -55

Generation 126
0. -43
1. -47
2. -60
3. -61
4. -61

Generation 127
0. -27
1. -38
2. -41
3. -50
4. -55

Generation 128
0. -24
1. -51
2. -52
3. -53
4. -61

Generation 129
0. -49
1. -61
2. -62
3. -63
4. -65

Generation 130
0. -50
1. -54
2. -59
3. -64
4. -66

Generation 131
0. -56
1. -58
2. -60
3. -60
4. -61

Generation 132
0. -41
1. -56
2. -59
3. -63
4. -63

Generation 133
0. -37
1. -56
2. -63
3. -64
4. -66

Generation 134
0. -28
1. -47
2. -55
3. -59
4. -59

Generation 135
0. -48
1. -48
2. -49
3. -50
4. -53

Generation 136
0. -46
1. -51
2. -56
3. -62
4. -66

Generation 137
0. -38
1. -51
2. -54
3. -56
4. -56

Generation 138
0. -26
1. -51
2. -56
3. -58
4. -60

Generation 139
0. -57
1. -61
2. -63
3. -64
4. -66

Generation 140
0. -33
1. -46
2. -55
3. -59
4. -61

Generation 141
0. -35
1. -58
2. -60
3. -60
4. -64

Generation 142
0. -36
1. -38
2. -39
3. -44
4. -52

Generation 143
0. -43
1. -49
2. -51
3. -52
4. -55

Generation 144
0. -45
1. -47
2. -56
3. -63
4. -64

Generation 145
0. -48
1. -48
2. -55
3. -56
4. -62

Generation 146
0. -50
1. -53
2. -58
3. -61
4. -63

Generation 147
0. -12
1. -39
2. -43
3. -65
4. -66

Generation 148
0. -28
1. -38
2. -54
3. -55
4. -61

Generation 149
0. -48
1. -56
2. -62
3. -64
4. -64

Generation 150
0. -56
1. -62
2. -63
3. -64
4. -65

Generation 151
0. -30
1. -51
2. -53
3. -57
4. -58

Generation 152
0. -51
1. -54
2. -55
3. -58
4. -61

Generation 153
0. -49
1. -55
2. -55
3. -58
4. -60

Generation 154
0. -57
1. -59
2. -62
3. -64
4. -67

Generation 155
0. -47
1. -50
2. -51
3. -51
4. -59

Generation 156
0. -40
1. -49
2. -58
3. -59
4. -59

Generation 157
0. -46
1. -48
2. -50
3. -53
4. -55

Generation 158
0. -52
1. -54
2. -56
3. -58
4. -59

Generation 159
0. -48
1. -61
2. -64
3. -66
4. -66

Generation 160
0. -34
1. -48
2. -52
3. -56
4. -60

Generation 161
0. -37
1. -44
2. -54
3. -65
4. -72

Generation 162
0. -48
1. -50
2. -54
3. -56
4. -57

Generation 163
0. -42
1. -43
2. -53
3. -54
4. -58

Generation 164
0. -37
1. -47
2. -55
3. -56
4. -56

Generation 165
0. -40
1. -60
2. -62
3. -64
4. -67

Generation 166
0. -56
1. -57
2. -57
3. -58
4. -59

Generation 167
0. -48
1. -62
2. -63
3. -65
4. -66

Generation 168
0. -41
1. -44
2. -56
3. -64
4. -64

Generation 169
0. -47
1. -49
2. -50
3. -52
4. -58

Generation 170
0. -56
1. -61
2. -62
3. -65
4. -66

Generation 171
0. -29
1. -39
2. -55
3. -57
4. -57

Generation 172
0. -48
1. -49
2. -53
3. -58
4. -64

Generation 173
0. -15
1. -27
2. -44
3. -44
4. -47

Generation 174
0. -37
1. -42
2. -50
3. -50
4. -52

Generation 175
0. -35
1. -59
2. -59
3. -60
4. -61

Generation 176
0. -46
1. -59
2. -61
3. -63
4. -63

Generation 177
0. -57
1. -58
2. -62
3. -64
4. -64

Generation 178
0. -52
1. -55
2. -55
3. -56
4. -56

Generation 179
0. -50
1. -52
2. -53
3. -61
4. -61

Generation 180
0. -44
1. -45
2. -49
3. -57
4. -64

Generation 181
0. -33
1. -35
2. -36
3. -40
4. -54

Generation 182
0. -39
1. -41
2. -53
3. -55
4. -60

Generation 183
0. -54
1. -55
2. -55
3. -55
4. -57

Generation 184
0. -41
1. -50
2. -54
3. -62
4. -62

Generation 185
0. -40
1. -44
2. -46
3. -51
4. -66

Generation 186
0. -25
1. -28
2. -43
3. -53
4. -56

Generation 187
0. -18
1. -41
2. -46
3. -52
4. -53

Generation 188
0. -41
1. -48
2. -54
3. -55
4. -59

Generation 189
0. -39
1. -52
2. -58
3. -61
4. -63

Generation 190
0. -51
1. -55
2. -57
3. -62
4. -63

Generation 191
0. -50
1. -52
2. -55
3. -58
4. -58

Generation 192
0. -49
1. -52
2. -57
3. -58
4. -59

Generation 193
0. -43
1. -45
2. -50
3. -53
4. -59

Generation 194
0. -45
1. -46
2. -49
3. -50
4. -51

Generation 195
0. -44
1. -49
2. -54
3. -58
4. -59

Generation 196
0. -55
1. -56
2. -56
3. -57
4. -58

Generation 197
0. -39
1. -40
2. -42
3. -49
4. -52

Generation 198
0. -46
1. -51
2. -54
3. -55
4. -60

Generation 199
0. -36
1. -43
2. -51
3. -51
4. -59

Generation 200
0. -42
1. -52
2. -54
3. -60
4. -60

Generation 201
0. -50
1. -50
2. -50
3. -51
4. -60

Generation 202
0. -45
1. -46
2. -48
3. -59
4. -59

Generation 203
0. -42
1. -54
2. -60
3. -61
4. -62

Generation 204
0. -46
1. -52
2. -53
3. -56
4. -60

Generation 205
0. -31
1. -38
2. -55
3. -61
4. -61

Generation 206
0. -37
1. -61
2. -62
3. -64
4. -65

Generation 207
0. -29
1. -46
2. -51
3. -55
4. -57

Generation 208
0. -45
1. -46
2. -56
3. -57
4. -60

Generation 209
0. -45
1. -48
2. -50
3. -58
4. -61

Generation 210
0. -39
1. -47
2. -49
3. -58
4. -59

Generation 211
0. -46
1. -47
2. -50
3. -61
4. -66

Generation 212
0. -40
1. -50
2. -52
3. -53
4. -58

Generation 213
0. -43
1. -50
2. -55
3. -57
4. -57

Generation 214
0. -50
1. -53
2. -54
3. -55
4. -56

Generation 215
0. -43
1. -46
2. -47
3. -54
4. -55

Generation 216
0. -37
1. -51
2. -53
3. -55
4. -58

Generation 217
0. -36
1. -49
2. -56
3. -57
4. -62

Generation 218
0. -20
1. -47
2. -51
3. -60
4. -61

Generation 219
0. -22
1. -27
2. -37
3. -50
4. -51

Generation 220
0. -30
1. -37
2. -52
3. -56
4. -60

Generation 221
0. -28
1. -52
2. -57
3. -57
4. -59

Generation 222
0. -50
1. -53
2. -54
3. -56
4. -57

Generation 223
0. -36
1. -52
2. -56
3. -60
4. -61

Generation 224
0. -47
1. -58
2. -58
3. -64
4. -64

Generation 225
0. -54
1. -55
2. -60
3. -61
4. -62

Generation 226
0. -41
1. -49
2. -51
3. -52
4. -52

Generation 227
0. -44
1. -46
2. -56
3. -56
4. -57

Generation 228
0. -9
1. -33
2. -43
3. -50
4. -53

Generation 229
0. -39
1. -40
2. -41
3. -46
4. -48

Generation 230
0. -24
1. -32
2. -39
3. -47
4. -48

Generation 231
0. -19
1. -35
2. -39
3. -44
4. -46

Generation 232
0. -45
1. -50
2. -50
3. -53
4. -58

Generation 233
0. -40
1. -41
2. -47
3. -49
4. -55

Generation 234
0. -30
1. -44
2. -54
3. -60
4. -61

Generation 235
0. -38
1. -48
2. -60
3. -62
4. -63

Generation 236
0. -28
1. -45
2. -52
3. -53
4. -59

Generation 237
0. -31
1. -38
2. -48
3. -51
4. -53

Generation 238
0. -43
1. -54
2. -57
3. -59
4. -60

Generation 239
0. -43
1. -45
2. -50
3. -54
4. -55

Generation 240
0. -42
1. -48
2. -50
3. -50
4. -56

Generation 241
0. -24
1. -41
2. -45
3. -54
4. -55

Generation 242
0. -49
1. -52
2. -59
3. -62
4. -65

Generation 243
0. -39
1. -42
2. -44
3. -51
4. -53

Generation 244
0. -41
1. -42
2. -44
3. -46
4. -50

Generation 245
0. -24
1. -46
2. -54
3. -55
4. -55

Generation 246
0. -32
1. -42
2. -47
3. -57
4. -58

Generation 247
0. -35
1. -43
2. -50
3. -57
4. -57

Generation 248
0. -39
1. -54
2. -57
3. -57
4. -59

Generation 249
0. -41
1. -49
2. -49
3. -50
4. -51

Generation 250
0. -37
1. -39
2. -50
3. -53
4. -59

Generation 251
0. -14
1. -42
2. -56
3. -59
4. -59

Generation 252
0. -36
1. -50
2. -52
3. -60
4. -60

Generation 253
0. -37
1. -44
2. -49
3. -51
4. -53

Generation 254
0. -36
1. -42
2. -52
3. -54
4. -59

Generation 255
0. -25
1. -37
2. -50
3. -52
4. -53

Generation 256
0. -35
1. -37
2. -48
3. -52
4. -54

Generation 257
0. -49
1. -55
2. -61
3. -62
4. -62

Generation 258
0. -58
1. -60
2. -61
3. -62
4. -63

Generation 259
0. -43
1. -49
2. -62
3. -65
4. -66

Generation 260
0. -47
1. -48
2. -49
3. -53
4. -59

Generation 261
0. -45
1. -54
2. -60
3. -62
4. -63

Generation 262
0. -30
1. -38
2. -42
3. -53
4. -57

Generation 263
0. -47
1. -52
2. -55
3. -61
4. -62

Generation 264
0. -45
1. -46
2. -47
3. -54
4. -55

Generation 265
0. -53
1. -53
2. -57
3. -57
4. -59

Generation 266
0. -49
1. -52
2. -54
3. -57
4. -59

Generation 267
0. -19
1. -46
2. -58
3. -61
4. -67

Generation 268
0. -27
1. -29
2. -48
3. -54
4. -55

Generation 269
0. -49
1. -50
2. -50
3. -51
4. -54

Generation 270
0. -52
1. -55
2. -55
3. -57
4. -60

Generation 271
0. -33
1. -50
2. -51
3. -54
4. -54

Generation 272
0. -37
1. -51
2. -52
3. -52
4. -53

Generation 273
0. -31
1. -41
2. -46
3. -47
4. -56

Generation 274
0. -38
1. -44
2. -58
3. -58
4. -58

Generation 275
0. -36
1. -56
2. -59
3. -60
4. -60

Generation 276
0. -39
1. -55
2. -56
3. -60
4. -61

Generation 277
0. -43
1. -52
2. -53
3. -57
4. -58

Generation 278
0. -40
1. -43
2. -52
3. -53
4. -56

Generation 279
0. -48
1. -50
2. -55
3. -57
4. -59

Generation 280
0. -46
1. -47
2. -48
3. -62
4. -65

Generation 281
0. -49
1. -50
2. -55
3. -56
4. -63

Generation 282
0. -46
1. -52
2. -57
3. -57
4. -58

Generation 283
0. -63
1. -66
2. -67
3. -67
4. -68

Generation 284
0. -33
1. -50
2. -57
3. -63
4. -65

Generation 285
0. -37
1. -40
2. -46
3. -48
4. -56

Generation 286
0. -46
1. -52
2. -57
3. -60
4. -65

Generation 287
0. -7
1. -42
2. -53
3. -61
4. -62

Generation 288
0. -49
1. -50
2. -51
3. -55
4. -57

Generation 289
0. -34
1. -36
2. -45
3. -57
4. -62

Generation 290
0. -47
1. -51
2. -54
3. -56
4. -57

Generation 291
0. -39
1. -48
2. -54
3. -59
4. -62

Generation 292
0. -43
1. -47
2. -50
3. -53
4. -63

Generation 293
0. -49
1. -53
2. -55
3. -57
4. -64

Generation 294
0. -34
1. -48
2. -51
3. -54
4. -55

Generation 295
0. -21
1. -39
2. -46
3. -47
4. -48

Generation 296
0. -26
1. -41
2. -43
3. -53
4. -54

Generation 297
0. -23
1. -29
2. -32
3. -59
4. -60

Generation 298
0. -37
1. -51
2. -51
3. -52
4. -52

Generation 299
0. -48
1. -54
2. -55
3. -59
4. -60

Generation 300
0. -39
1. -56
2. -56
3. -60
4. -63

Generation 301
0. -41
1. -51
2. -57
3. -60
4. -63

Generation 302
0. -31
1. -52
2. -53
3. -56
4. -57

Generation 303
0. -25
1. -55
2. -55
3. -59
4. -60

Generation 304
0. -36
1. -40
2. -43
3. -50
4. -55

Generation 305
0. -43
1. -49
2. -53
3. -54
4. -61

Generation 306
0. -54
1. -54
2. -57
3. -61
4. -62

Generation 307
0. -43
1. -50
2. -51
3. -58
4. -62

Generation 308
0. -50
1. -54
2. -57
3. -58
4. -59

Generation 309
0. -41
1. -50
2. -61
3. -62
4. -64

Generation 310
0. -48
1. -52
2. -54
3. -54
4. -58

Generation 311
0. -38
1. -47
2. -49
3. -51
4. -54

Generation 312
0. -47
1. -48
2. -50
3. -53
4. -54

Generation 313
0. -43
1. -49
2. -50
3. -52
4. -59

Generation 314
0. -47
1. -48
2. -49
3. -55
4. -58

Generation 315
0. -50
1. -55
2. -58
3. -63
4. -64

Generation 316
0. -46
1. -53
2. -58
3. -59
4. -59

Generation 317
0. -24
1. -44
2. -54
3. -62
4. -63

Generation 318
0. -26
1. -33
2. -50
3. -52
4. -54
100
0.329856

Generation 314
0. -47
1. -48
2. -49
3. -55
4. -58

Generation 315
0. -45
1. -51
2. -52
3. -61
4. -62

Generation 316
0. -33
1. -35
2. -45
3. -54
4. -63

Generation 317
0. -42
1. -43
2. -66
3. -67
4. -67

Generation 318
0. -52
1. -54
2. -56
3. -59
4. -64

Generation 319
0. -60
1. -63
2. -66
3. -67
4. -67

Generation 320
0. -54
1. -55
2. -56
3. -56
4. -60

Generation 321
0. -44
1. -51
2. -56
3. -56
4. -58

Generation 322
0. -31
1. -41
2. -51
3. -55
4. -58

Generation 323
0. -45
1. -50
2. -50
3. -51
4. -54

Generation 324
0. -40
1. -42
2. -43
3. -56
4. -56

Generation 325
0. -42
1. -49
2. -51
3. -56
4. -59

Generation 326
0. -43
1. -46
2. -54
3. -57
4. -58

Generation 327
0. -46
1. -47
2. -51
3. -62
4. -65

Generation 328
0. -43
1. -53
2. -53
3. -54
4. -55

Generation 329
0. -33
1. -44
2. -50
3. -51
4. -60

Generation 330
0. -50
1. -50
2. -51
3. -54
4. -55

Generation 331
0. -33
1. -38
2. -44
3. -45
4. -45

Generation 332
0. -44
1. -46
2. -56
3. -59
4. -59

Generation 333
0. -18
1. -25
2. -45
3. -55
4. -59

Generation 334
0. -37
1. -55
2. -57
3. -59
4. -59

Generation 335
0. -29
1. -51
2. -53
3. -55
4. -58

Generation 336
0. -36
1. -41
2. -53
3. -56
4. -59

Generation 337
0. -48
1. -55
2. -66
3. -67
4. -67

Generation 338
0. -35
1. -49
2. -54
3. -58
4. -58

Generation 339
0. -47
1. -53
2. -58
3. -62
4. -63

Generation 340
0. -40
1. -45
2. -49
3. -53
4. -55

Generation 341
0. -35
1. -47
2. -52
3. -57
4. -57

Generation 342
0. -30
1. -44
2. -49
3. -51
4. -55

Generation 343
0. -50
1. -50
2. -54
3. -59
4. -59

Generation 344
0. -60
1. -60
2. -60
3. -60
4. -61

Generation 345
0. -48
1. -48
2. -53
3. -57
4. -59

Generation 346
0. -54
1. -54
2. -55
3. -59
4. -60

Generation 347
0. -44
1. -44
2. -48
3. -54
4. -57

Generation 348
0. -56
1. -56
2. -56
3. -60
4. -64

Generation 349
0. -55
1. -59
2. -59
3. -60
4. -62

Generation 350
0. -29
1. -49
2. -57
3. -58
4. -59

Generation 351
0. -49
1. -51
2. -58
3. -60
4. -61

Generation 352
0. -32
1. -50
2. -53
3. -54
4. -54

Generation 353
0. -52
1. -52
2. -53
3. -54
4. -59

Generation 354
0. -39
1. -41
2. -44
3. -48
4. -52

Generation 355
0. -40
1. -40
2. -44
3. -48
4. -55

Generation 356
0. -33
1. -38
2. -45
3. -48
4. -49

Generation 357
0. -44
1. -52
2. -56
3. -58
4. -60

Generation 358
0. -44
1. -47
2. -48
3. -51
4. -52

Generation 359
0. -46
1. -56
2. -60
3. -62
4. -63

Generation 360
0. -52
1. -52
2. -59
3. -59
4. -62

Generation 361
0. -45
1. -53
2. -54
3. -62
4. -63

Generation 362
0. -30
1. -40
2. -49
3. -55
4. -65

Generation 363
0. -40
1. -48
2. -51
3. -56
4. -59

Generation 364
0. -43
1. -48
2. -49
3. -56
4. -58

Generation 365
0. -51
1. -61
2. -62
3. -65
4. -65

Generation 366
0. -48
1. -51
2. -56
3. -58
4. -62

Generation 367
0. -48
1. -48
2. -50
3. -51
4. -55

Generation 368
0. -35
1. -51
2. -59
3. -60
4. -61

Generation 369
0. -44
1. -48
2. -52
3. -53
4. -56

Generation 370
0. -42
1. -55
2. -57
3. -59
4. -59

Generation 371
0. -50
1. -58
2. -60
3. -60
4. -60

Generation 372
0. -48
1. -54
2. -57
3. -61
4. -62

Generation 373
0. -37
1. -49
2. -50
3. -56
4. -57

Generation 374
0. -47
1. -48
2. -49
3. -56
4. -58

Generation 375
0. -41
1. -53
2. -59
3. -61
4. -65

Generation 376
0. -40
1. -49
2. -56
3. -58
4. -60

Generation 377
0. -23
1. -35
2. -46
3. -51
4. -56

Generation 378
0. -43
1. -50
2. -52
3. -55
4. -57

Generation 379
0. -39
1. -48
2. -49
3. -52
4. -52

Generation 380
0. -38
1. -53
2. -54
3. -54
4. -56

Generation 381
0. -41
1. -55
2. -56
3. -59
4. -60

Generation 382
0. -42
1. -48
2. -52
3. -54
4. -54

Generation 383
0. -51
1. -55
2. -55
3. -56
4. -58

Generation 384
0. -55
1. -57
2. -57
3. -59
4. -60

Generation 385
0. -41
1. -46
2. -52
3. -64
4. -67

Generation 386
0. -52
1. -53
2. -58
3. -59
4. -60

Generation 387
0. -58
1. -59
2. -61
3. -66
4. -67

Generation 388
0. -45
1. -61
2. -64
3. -64
4. -69

Generation 389
0. -35
1. -43
2. -54
3. -57
4. -63

Generation 390
0. -18
1. -44
2. -48
3. -49
4. -49

Generation 391
0. -46
1. -49
2. -51
3. -53
4. -60

Generation 392
0. -40
1. -55
2. -55
3. -55
4. -59

Generation 393
0. -38
1. -52
2. -60
3. -64
4. -64

Generation 394
0. -32
1. -34
2. -53
3. -53
4. -55

Generation 395
0. -33
1. -46
2. -57
3. -57
4. -60

Generation 396
0. -13
1. -48
2. -51
3. -51
4. -56

Generation 397
0. -22
1. -29
2. -33
3. -51
4. -53

Generation 398
0. -34
1. -50
2. -53
3. -56
4. -60

Generation 399
0. -39
1. -40
2. -42
3. -54
4. -55

Generation 400
0. -43
1. -51
2. -53
3. -57
4. -57

Generation 401
0. -49
1. -49
2. -56
3. -60
4. -61

Generation 402
0. -37
1. -48
2. -52
3. -54
4. -55

Generation 403
0. -45
1. -57
2. -60
3. -60
4. -64

Generation 404
0. -34
1. -48
2. -50
3. -53
4. -62

Generation 405
0. -47
1. -49
2. -55
3. -58
4. -59

Generation 406
0. -50
1. -56
2. -59
3. -59
4. -60

Generation 407
0. -46
1. -52
2. -59
3. -59
4. -60

Generation 408
0. -56
1. -56
2. -56
3. -58
4. -63

Generation 409
0. -45
1. -51
2. -57
3. -60
4. -63

Generation 410
0. -42
1. -45
2. -46
3. -47
4. -49

Generation 411
0. -53
1. -53
2. -60
3. -63
4. -67

Generation 412
0. -50
1. -56
2. -58
3. -62
4. -64

Generation 413
0. -40
1. -44
2. -57
3. -60
4. -61

Generation 414
0. -53
1. -54
2. -55
3. -59
4. -59

Generation 415
0. -45
1. -51
2. -52
3. -53
4. -56

Generation 416
0. -45
1. -53
2. -54
3. -55
4. -58

Generation 417
0. -36
1. -49
2. -54
3. -59
4. -60

Generation 418
0. -54
1. -56
2. -57
3. -60
4. -61

Generation 419
0. -54
1. -54
2. -56
3. -61
4. -66

Generation 420
0. -45
1. -54
2. -59
3. -60
4. -63

Generation 421
0. -44
1. -51
2. -57
3. -61
4. -64

Generation 422
0. -53
1. -53
2. -56
3. -61
4. -62

Generation 423
0. -46
1. -49
2. -49
3. -49
4. -65

Generation 424
0. -51
1. -54
2. -56
3. -60
4. -62

Generation 425
0. -40
1. -48
2. -52
3. -55
4. -63

Generation 426
0. -57
1. -60
2. -60
3. -61
4. -62

Generation 427
0. -31
1. -57
2. -60
3. -64
4. -65

Generation 428
0. -43
1. -54
2. -64
3. -69
4. -69

Generation 429
0. -43
1. -53
2. -56
3. -56
4. -57

Generation 430
0. -36
1. -51
2. -54
3. -60
4. -61

Generation 431
0. -54
1. -56
2. -57
3. -58
4. -59

Generation 432
0. -46
1. -53
2. -53
3. -55
4. -59

Generation 433
0. -48
1. -51
2. -56
3. -56
4. -56

Generation 434
0. -46
1. -53
2. -54
3. -55
4. -61

Generation 435
0. -45
1. -54
2. -56
3. -58
4. -61

Generation 436
0. -59
1. -60
2. -65
3. -66
4. -67

Generation 437
0. -50
1. -57
2. -57
3. -60
4. -62

Generation 438
0. -37
1. -47
2. -51
3. -53
4. -54

Generation 439
0. -40
1. -52
2. -53
3. -57
4. -57

Generation 440
0. -41
1. -44
2. -51
3. -54
4. -56

Generation 441
0. -47
1. -56
2. -58
3. -59
4. -60

Generation 442
0. -44
1. -45
2. -50
3. -56
4. -61

Generation 443
0. -41
1. -59
2. -64
3. -64
4. -68

Generation 444
0. -27
1. -43
2. -45
3. -59
4. -62

Generation 445
0. -37
1. -58
2. -60
3. -62
4. -62

Generation 446
0. -46
1. -51
2. -55
3. -58
4. -61

Generation 447
0. -51
1. -54
2. -57
3. -64
4. -64

Generation 448
0. -47
1. -62
2. -64
3. -66
4. -66

Generation 449
0. -40
1. -49
2. -49
3. -54
4. -57

Generation 450
0. -55
1. -57
2. -58
3. -62
4. -63

Generation 451
0. -41
1. -49
2. -56
3. -59
4. -60

Generation 452
0. -53
1. -55
2. -59
3. -62
4. -65

Generation 453
0. -38
1. -51
2. -55
3. -67
4. -68

Generation 454
0. -33
1. -54
2. -56
3. -57
4. -60

Generation 455
0. -41
1. -45
2. -47
3. -50
4. -51

Generation 456
0. -19
1. -37
2. -40
3. -58
4. -65

Generation 457
0. -44
1. -46
2. -57
3. -57
4. -58

Generation 458
0. -32
1. -40
2. -45
3. -57
4. -57

Generation 459
0. -45
1. -53
2. -54
3. -54
4. -56

Generation 460
0. -42
1. -50
2. -52
3. -58
4. -62

Generation 461
0. -30
1. -63
2. -65
3. -67
4. -68

Generation 462
0. -42
1. -53
2. -58
3. -61
4. -61

Generation 463
0. -52
1. -55
2. -58
3. -61
4. -65

Generation 464
0. -48
1. -50
2. -53
3. -54
4. -60

Generation 465
0. -27
1. -62
2. -63
3. -66
4. -66

Generation 466
0. -40
1. -55
2. -60
3. -63
4. -63

Generation 467
0. -59
1. -61
2. -62
3. -62
4. -64

Generation 468
0. -46
1. -59
2. -60
3. -61
4. -62

Generation 469
0. -33
1. -44
2. -44
3. -49
4. -49

Generation 470
0. -50
1. -50
2. -56
3. -56
4. -58

Generation 471
0. -43
1. -53
2. -54
3. -57
4. -58

Generation 472
0. -48
1. -49
2. -55
3. -57
4. -58

Generation 473
0. -48
1. -54
2. -56
3. -60
4. -60

Generation 474
0. -36
1. -37
2. -56
3. -58
4. -60

Generation 475
0. -50
1. -52
2. -55
3. -58
4. -61

Generation 476
0. -59
1. -60
2. -63
3. -66
4. -67

Generation 477
0. -49
1. -57
2. -61
3. -68
4. -70

Generation 478
0. -34
1. -48
2. -57
3. -61
4. -68

Generation 479
0. -20
1. -45
2. -50
3. -54
4. -56

Generation 480
0. -45
1. -49
2. -60
3. -61
4. -64

Generation 481
0. -54
1. -57
2. -60
3. -61
4. -63

Generation 482
0. -35
1. -54
2. -56
3. -63
4. -63

Generation 483
0. -47
1. -51
2. -53
3. -54
4. -61

Generation 484
0. -36
1. -46
2. -49
3. -54
4. -62

Generation 485
0. -28
1. -42
2. -50
3. -62
4. -64

Generation 486
0. -36
1. -54
2. -57
3. -60
4. -63

Generation 487
0. -54
1. -58
2. -59
3. -59
4. -65

Generation 488
0. -36
1. -56
2. -57
3. -60
4. -63

Generation 489
0. -31
1. -44
2. -53
3. -58
4. -59

Generation 490
0. -49
1. -55
2. -55
3. -55
4. -58

Generation 491
0. -39
1. -60
2. -60
3. -63
4. -65

Generation 492
0. -64
1. -64
2. -64
3. -66
4. -67

Generation 493
0. -54
1. -55
2. -58
3. -58
4. -63

Generation 494
0. -49
1. -54
2. -60
3. -61
4. -67

Generation 495
0. -43
1. -56
2. -59
3. -62
4. -65

Generation 496
0. -46
1. -50
2. -52
3. -54
4. -58

Generation 497
0. -54
1. -54
2. -55
3. -59
4. -60

Generation 498
0. -44
1. -56
2. -56
3. -62
4. -64

Generation 499
0. -54
1. -56
2. -61
3. -65
4. -65

Generation 500
0. -36
1. -51
2. -54
3. -54
4. -58

Generation 501
0. -55
1. -58
2. -59
3. -61
4. -62

Generation 502
0. -42
1. -46
2. -53
3. -55
4. -55

Generation 503
0. -40
1. -47
2. -49
3. -54
4. -55

Generation 504
0. -31
1. -38
2. -39
3. -44
4. -45

Generation 505
0. -35
1. -48
2. -49
3. -53
4. -57

Generation 506
0. -37
1. -40
2. -53
3. -54
4. -56

Generation 507
0. -34
1. -49
2. -50
3. -53
4. -55

Generation 508
0. -51
1. -52
2. -59
3. -59
4. -60

Generation 509
0. -44
1. -52
2. -62
3. -62
4. -65

Generation 510
0. -41
1. -42
2. -51
3. -54
4. -55

Generation 511
0. -48
1. -48
2. -49
3. -56
4. -59

Generation 512
0. -47
1. -49
2. -51
3. -54
4. -56

Generation 513
0. -39
1. -41
2. -46
3. -53
4. -54

Generation 514
0. -37
1. -39
2. -44
3. -53
4. -59

Generation 515
0. -39
1. -41
2. -55
3. -60
4. -62

Generation 516
0. -28
1. -39
2. -50
3. -52
4. -53

Generation 517
0. -48
1. -51
2. -56
3. -59
4. -62

Generation 518
0. -43
1. -46
2. -48
3. -48
4. -51

Generation 519
0. -34
1. -42
2. -42
3. -50
4. -54

Generation 520
0. -48
1. -49
2. -53
3. -58
4. -60

Generation 521
0. -46
1. -57
2. -61
3. -62
4. -67

Generation 522
0. -50
1. -61
2. -61
3. -64
4. -65

Generation 523
0. -51
1. -57
2. -58
3. -59
4. -62

Generation 524
0. -51
1. -52
2. -54
3. -60
4. -62

Generation 525
0. -40
1. -43
2. -56
3. -57
4. -60

Generation 526
0. -41
1. -49
2. -51
3. -51
4. -52

Generation 527
0. -33
1. -34
2. -44
3. -54
4. -61

Generation 528
0. -60
1. -60
2. -62
3. -64
4. -67

Generation 529
0. -54
1. -57
2. -58
3. -58
4. -62

Generation 530
0. -27
1. -47
2. -50
3. -51
4. -61

Generation 531
0. -43
1. -45
2. -47
3. -54
4. -58

Generation 532
0. -41
1. -47
2. -58
3. -60
4. -60

Generation 533
0. -53
1. -53
2. -54
3. -60
4. -61

Generation 534
0. -48
1. -52
2. -63
3. -64
4. -65

Generation 535
0. -32
1. -54
2. -59
3. -59
4. -64

Generation 536
0. -54
1. -55
2. -57
3. -57
4. -58

Generation 537
0. -39
1. -47
2. -52
3. -55
4. -55

Generation 538
0. -34
1. -45
2. -50
3. -50
4. -54

Generation 539
0. -48
1. -52
2. -61
3. -64
4. -66

Generation 540
0. -44
1. -47
2. -54
3. -60
4. -60

Generation 541
0. -43
1. -47
2. -52
3. -60
4. -63

Generation 542
0. -40
1. -46
2. -49
3. -55
4. -57

Generation 543
0. -35
1. -41
2. -45
3. -48
4. -52

Generation 544
0. -44
1. -54
2. -55
3. -57
4. -57

Generation 545
0. -41
1. -56
2. -61
3. -62
4. -63

Generation 546
0. -39
1. -57
2. -65
3. -65
4. -66

Generation 547
0. -41
1. -49
2. -54
3. -56
4. -59

Generation 548
0. -30
1. -47
2. -56
3. -57
4. -58

Generation 549
0. -41
1. -49
2. -51
3. -61
4. -61

Generation 550
0. -38
1. -42
2. -54
3. -56
4. -57

Generation 551
0. -47
1. -57
2. -58
3. -61
4. -62

Generation 552
0. -40
1. -44
2. -46
3. -49
4. -60

Generation 553
0. -51
1. -55
2. -63
3. -65
4. -67

Generation 554
0. -53
1. -59
2. -60
3. -61
4. -63

Generation 555
0. -35
1. -46
2. -46
3. -54
4. -55

Generation 556
0. -37
1. -41
2. -41
3. -52
4. -52

Generation 557
0. -50
1. -54
2. -60
3. -61
4. -62

Generation 558
0. -35
1. -35
2. -49
3. -52
4. -53

Generation 559
0. -52
1. -60
2. -63
3. -64
4. -65

Generation 560
0. -37
1. -56
2. -60
3. -64
4. -64

Generation 561
0. -51
1. -56
2. -56
3. -59
4. -60

Generation 562
0. -49
1. -59
2. -60
3. -63
4. -63

Generation 563
0. -36
1. -43
2. -46
3. -50
4. -54

Generation 564
0. -45
1. -45
2. -47
3. -55
4. -57

Generation 565
0. -50
1. -50
2. -50
3. -53
4. -63

Generation 566
0. -39
1. -40
2. -50
3. -50
4. -53

Generation 567
0. -25
1. -47
2. -51
3. -54
4. -56

Generation 568
0. -42
1. -43
2. -47
3. -50
4. -50

Generation 569
0. -38
1. -51
2. -51
3. -56
4. -56

Generation 570
0. -23
1. -55
2. -59
3. -64
4. -65

Generation 571
0. -39
1. -45
2. -50
3. -53
4. -53

Generation 572
0. -15
1. -48
2. -55
3. -56
4. -57

Generation 573
0. -40
1. -45
2. -50
3. -52
4. -54

Generation 574
0. -47
1. -53
2. -58
3. -61
4. -63

Generation 575
0. -44
1. -49
2. -54
3. -57
4. -60

Generation 576
0. -58
1. -63
2. -64
3. -66
4. -66

Generation 577
0. -42
1. -56
2. -58
3. -59
4. -63

Generation 578
0. -45
1. -51
2. -58
3. -58
4. -61

Generation 579
0. -42
1. -51
2. -56
3. -59
4. -59

Generation 580
0. -45
1. -50
2. -52
3. -60
4. -62

Generation 581
0. -47
1. -51
2. -57
3. -58
4. -58

Generation 582
0. -52
1. -54
2. -54
3. -55
4. -58

Generation 583
0. -32
1. -56
2. -60
3. -61
4. -62

Generation 584
0. -54
1. -56
2. -62
3. -62
4. -64

Generation 585
0. -55
1. -58
2. -58
3. -59
4. -61

Generation 586
0. -54
1. -62
2. -64
3. -65
4. -66

Generation 587
0. -54
1. -56
2. -57
3. -60
4. -66

Generation 588
0. -39
1. -46
2. -50
3. -57
4. -58

Generation 589
0. -57
1. -59
2. -60
3. -62
4. -64

Generation 590
0. -43
1. -46
2. -47
3. -50
4. -59

Generation 591
0. -42
1. -54
2. -54
3. -55
4. -56

Generation 592
0. -45
1. -54
2. -58
3. -58
4. -61

Generation 593
0. -31
1. -45
2. -46
3. -60
4. -61

Generation 594
0. -38
1. -50
2. -52
3. -55
4. -58

Generation 595
0. -37
1. -45
2. -46
3. -57
4. -57

Generation 596
0. -50
1. -50
2. -52
3. -55
4. -56

Generation 597
0. -41
1. -47
2. -49
3. -53
4. -55

Generation 598
0. -44
1. -47
2. -55
3. -56
4. -61

Generation 599
0. -33
1. -51
2. -54
3. -57
4. -58

Generation 600
0. -44
1. -51
2. -56
3. -57
4. -57

Generation 601
0. -47
1. -48
2. -54
3. -56
4. -57

Generation 602
0. -50
1. -51
2. -55
3. -55
4. -59

Generation 603
0. -44
1. -52
2. -58
3. -59
4. -61

Generation 604
0. -44
1. -54
2. -56
3. -59
4. -61

Generation 605
0. -27
1. -53
2. -53
3. -54
4. -58

Generation 606
0. -26
1. -49
2. -56
3. -60
4. -62

Generation 607
0. -23
1. -39
2. -46
3. -54
4. -55

Generation 608
0. -12
1. -30
2. -43
3. -50
4. -54

Generation 609
0. -24
1. -41
2. -42
3. -49
4. -53

Generation 610
0. -36
1. -36
2. -42
3. -43
4. -45

Generation 611
0. -43
1. -43
2. -44
3. -48
4. -51

Generation 612
0. -50
1. -50
2. -55
3. -56
4. -57

Generation 613
0. -42
1. -44
2. -54
3. -56
4. -64

Generation 614
0. -47
1. -52
2. -55
3. -57
4. -59

Generation 615
0. -45
1. -50
2. -54
3. -54
4. -62

Generation 616
0. -51
1. -52
2. -56
3. -57
4. -61

Generation 617
0. -36
1. -48
2. -51
3. -55
4. -64

Generation 618
0. -31
1. -33
2. -53
3. -55
4. -60

Generation 619
0. -35
1. -50
2. -51
3. -53
4. -53

Generation 620
0. -42
1. -51
2. -58
3. -59
4. -62

Generation 621
0. -46
1. -48
2. -50
3. -53
4. -58

Generation 622
0. -36
1. -38
2. -47
3. -49
4. -49

Generation 623
0. -41
1. -52
2. -55
3. -57
4. -58

Generation 624
0. -51
1. -53
2. -58
3. -59
4. -60

Generation 625
0. -48
1. -53
2. -54
3. -55
4. -55

Generation 626
0. -33
1. -46
2. -52
3. -60
4. -60

Generation 627
0. -48
1. -51
2. -53
3. -54
4. -58

Generation 628
0. -43
1. -50
2. -54
3. -55
4. -57

Generation 629
0. -47
1. -55
2. -57
3. -61
4. -62

Generation 630
0. -35
1. -45
2. -49
3. -61
4. -61

Generation 631
0. -21
1. -56
2. -60
3. -63
4. -65

Generation 632
0. -43
1. -50
2. -51
3. -54
4. -55

Generation 633
0. -46
1. -52
2. -55
3. -56
4. -56

Generation 634
0. -52
1. -55
2. -57
3. -60
4. -60

Generation 635
0. -52
1. -55
2. -58
3. -59
4. -62

Generation 636
0. -46
1. -53
2. -58
3. -59
4. -60

Generation 637
0. -46
1. -51
2. -58
3. -58
4. -60

Generation 638
0. -37
1. -48
2. -50
3. -54
4. -55

Generation 639
0. -35
1. -51
2. -57
3. -59
4. -61

Generation 640
0. -51
1. -55
2. -61
3. -61
4. -63

Generation 641
0. -53
1. -61
2. -63
3. -63
4. -64

Generation 642
0. -53
1. -57
2. -58
3. -63
4. -65

Generation 643
0. -50
1. -53
2. -54
3. -54
4. -57

Generation 644
0. -41
1. -48
2. -49
3. -53
4. -55

Generation 645
0. -49
1. -51
2. -57
3. -58
4. -58

Generation 646
0. -44
1. -46
2. -52
3. -54
4. -56

Generation 647
0. -39
1. -54
2. -54
3. -59
4. -61

Generation 648
0. -36
1. -48
2. -50
3. -56
4. -57

Generation 649
0. -43
1. -47
2. -53
3. -53
4. -57

Generation 650
0. -34
1. -48
2. -49
3. -50
4. -51

Generation 651
0. -42
1. -49
2. -53
3. -56
4. -57

Generation 652
0. -38
1. -53
2. -54
3. -58
4. -63

Generation 653
0. -47
1. -51
2. -52
3. -57
4. -63

Generation 654
0. -35
1. -42
2. -50
3. -57
4. -58

Generation 655
0. -40
1. -40
2. -44
3. -55
4. -57

Generation 656
0. -41
1. -41
2. -41
3. -45
4. -49

Generation 657
0. -57
1. -58
2. -58
3. -59
4. -61

Generation 658
0. -18
1. -45
2. -48
3. -49
4. -52

Generation 659
0. -38
1. -49
2. -52
3. -58
4. -59

Generation 660
0. -45
1. -47
2. -59
3. -60
4. -63

Generation 661
0. -37
1. -42
2. -47
3. -59
4. -61

Generation 662
0. -38
1. -56
2. -56
3. -59
4. -63

Generation 663
0. -43
1. -44
2. -50
3. -64
4. -66

Generation 664
0. -52
1. -55
2. -57
3. -58
4. -60

Generation 665
0. -14
1. -48
2. -57
3. -59
4. -59

Generation 666
0. -26
1. -47
2. -50
3. -52
4. -53

Generation 667
0. -46
1. -48
2. -48
3. -48
4. -49

Generation 668
0. -43
1. -54
2. -55
3. -60
4. -60

Generation 669
0. -50
1. -57
2. -57
3. -58
4. -60

Generation 670
0. -45
1. -52
2. -54
3. -55
4. -59

Generation 671
0. -36
1. -46
2. -57
3. -63
4. -65

Generation 672
0. -51
1. -55
2. -58
3. -59
4. -63

Generation 673
0. -38
1. -43
2. -44
3. -50
4. -50

Generation 674
0. -34
1. -37
2. -43
3. -44
4. -56

Generation 675
0. -43
1. -50
2. -52
3. -52
4. -52

Generation 676
0. -41
1. -42
2. -45
3. -57
4. -58

Generation 677
0. -29
1. -50
2. -51
3. -53
4. -55

Generation 678
0. -41
1. -47
2. -49
3. -55
4. -59

Generation 679
0. -45
1. -56
2. -62
3. -63
4. -66

Generation 680
0. -46
1. -51
2. -54
3. -55
4. -57

Generation 681
0. -41
1. -45
2. -60
3. -63
4. -65

Generation 682
0. -49
1. -49
2. -53
3. -54
4. -54

Generation 683
0. -18
1. -46
2. -47
3. -58
4. -59

Generation 684
0. -37
1. -40
2. -41
3. -43
4. -55

Generation 685
0. -40
1. -46
2. -51
3. -58
4. -60

Generation 686
0. -48
1. -59
2. -60
3. -62
4. -63

Generation 687
0. -27
1. -53
2. -54
3. -56
4. -56

Generation 688
0. -46
1. -57
2. -61
3. -62
4. -64

Generation 689
0. -37
1. -53
2. -58
3. -59
4. -59

Generation 690
0. -29
1. -45
2. -47
3. -55
4. -59

Generation 691
0. -42
1. -48
2. -48
3. -54
4. -54

Generation 692
0. -45
1. -51
2. -52
3. -52
4. -52

Generation 693
0. -45
1. -47
2. -49
3. -52
4. -56

Generation 694
0. -37
1. -46
2. -48
3. -48
4. -58

Generation 695
0. -30
1. -44
2. -54
3. -54
4. -60

Generation 696
0. -40
1. -58
2. -59
3. -63
4. -64

Generation 697
0. -38
1. -40
2. -57
3. -59
4. -60

Generation 698
0. -40
1. -53
2. -61
3. -62
4. -65

Generation 699
0. -47
1. -52
2. -56
3. -61
4. -61

Generation 700
0. -49
1. -52
2. -54
3. -57
4. -63

Generation 701
0. -50
1. -51
2. -53
3. -54
4. -56

Generation 702
0. -48
1. -49
2. -55
3. -56
4. -57

Generation 703
0. -45
1. -49
2. -60
3. -62
4. -63

Generation 704
0. -48
1. -50
2. -51
3. -59
4. -62

Generation 705
0. -41
1. -47
2. -47
3. -53
4. -53

Generation 706
0. -50
1. -54
2. -56
3. -56
4. -61

Generation 707
0. -49
1. -55
2. -57
3. -59
4. -62

Generation 708
0. -41
1. -46
2. -51
3. -57
4. -60

Generation 709
0. -33
1. -58
2. -62
3. -63
4. -63

Generation 710
0. -50
1. -57
2. -57
3. -58
4. -60

Generation 711
0. -41
1. -45
2. -49
3. -55
4. -61

Generation 712
0. -44
1. -45
2. -54
3. -60
4. -63

Generation 713
0. -51
1. -54
2. -57
3. -58
4. -58

Generation 714
0. -27
1. -52
2. -53
3. -57
4. -60

Generation 715
0. -28
1. -36
2. -37
3. -50
4. -61

Generation 716
0. -25
1. -38
2. -42
3. -44
4. -55

Generation 717
0. -35
1. -39
2. -40
3. -44
4. -46

Generation 718
0. -27
1. -32
2. -45
3. -54
4. -57

Generation 719
0. -23
1. -43
2. -43
3. -46
4. -57

Generation 720
0. -36
1. -60
2. -60
3. -61
4. -62

Generation 721
0. -39
1. -49
2. -56
3. -56
4. -60

Generation 722
0. -48
1. -53
2. -59
3. -61
4. -63

Generation 723
0. -41
1. -51
2. -56
3. -58
4. -60

Generation 724
0. -45
1. -49
2. -50
3. -53
4. -57

Generation 725
0. -40
1. -46
2. -56
3. -57
4. -57

Generation 726
0. -35
1. -38
2. -41
3. -42
4. -45

Generation 727
0. -17
1. -32
2. -32
3. -33
4. -41

Generation 728
0. -30
1. -46
2. -48
3. -49
4. -59

Generation 729
0. -39
1. -42
2. -44
3. -46
4. -54

Generation 730
0. -41
1. -43
2. -44
3. -58
4. -59

Generation 731
0. -40
1. -45
2. -50
3. -51
4. -51

Generation 732
0. -29
1. -34
2. -48
3. -49
4. -49

Generation 733
0. -28
1. -47
2. -53
3. -53
4. -57

Generation 734
0. -44
1. -46
2. -51
3. -57
4. -60

Generation 735
0. -39
1. -49
2. -51
3. -51
4. -52

Generation 736
0. -46
1. -52
2. -53
3. -55
4. -61

Generation 737
0. -43
1. -46
2. -47
3. -57
4. -58

Generation 738
0. -28
1. -39
2. -56
3. -60
4. -61

Generation 739
0. -32
1. -44
2. -48
3. -52
4. -52

Generation 740
0. -42
1. -50
2. -50
3. -51
4. -60

Generation 741
0. -46
1. -50
2. -59
3. -60
4. -61

Generation 742
0. -29
1. -50
2. -51
3. -54
4. -56

Generation 743
0. -52
1. -52
2. -55
3. -57
4. -61

Generation 744
0. -16
1. -47
2. -56
3. -58
4. -60

Generation 745
0. -23
1. -37
2. -46
3. -48
4. -49

Generation 746
0. -45
1. -51
2. -55
3. -62
4. -62

Generation 747
0. -39
1. -47
2. -47
3. -49
4. -56

Generation 748
0. -35
1. -45
2. -56
3. -57
4. -57

Generation 749
0. -26
1. -47
2. -57
3. -57
4. -58

Generation 750
0. -45
1. -48
2. -51
3. -52
4. -57

Generation 751
0. -50
1. -55
2. -60
3. -60
4. -61

Generation 752
0. -29
1. -49
2. -55
3. -58
4. -62

Generation 753
0. -44
1. -54
2. -58
3. -60
4. -64

Generation 754
0. -44
1. -48
2. -50
3. -58
4. -58

Generation 755
0. -30
1. -45
2. -47
3. -48
4. -53

Generation 756
0. -44
1. -53
2. -55
3. -58
4. -62

Generation 757
0. -47
1. -51
2. -52
3. -54
4. -56

Generation 758
0. -36
1. -45
2. -47
3. -51
4. -53

Generation 759
0. -49
1. -56
2. -57
3. -60
4. -61

Generation 760
0. -44
1. -55
2. -58
3. -62
4. -62

Generation 761
0. -53
1. -54
2. -61
3. -64
4. -65

Generation 762
0. -50
1. -56
2. -60
3. -61
4. -66

Generation 763
0. -22
1. -37
2. -56
3. -60
4. -62

Generation 764
0. -30
1. -49
2. -49
3. -50
4. -54

Generation 765
0. -32
1. -35
2. -50
3. -58
4. -60

Generation 766
0. -24
1. -32
2. -41
3. -43
4. -49

Generation 767
0. -33
1. -44
2. -51
3. -52
4. -54

Generation 768
0. -38
1. -51
2. -54
3. -63
4. -63

Generation 769
0. -28
1. -54
2. -55
3. -59
4. -59

Generation 770
0. -34
1. -44
2. -45
3. -49
4. -58

Generation 771
0. -37
1. -38
2. -50
3. -52
4. -52

Generation 772
0. -41
1. -45
2. -50
3. -59
4. -63

Generation 773
0. -53
1. -59
2. -60
3. -61
4. -61

Generation 774
0. -49
1. -49
2. -59
3. -61
4. -64

Generation 775
0. -53
1. -56
2. -59
3. -61
4. -61

Generation 776
0. -37
1. -42
2. -54
3. -55
4. -60

Generation 777
0. -44
1. -45
2. -48
3. -49
4. -50

Generation 778
0. -34
1. -52
2. -56
3. -56
4. -59

Generation 779
0. -51
1. -53
2. -54
3. -55
4. -56

Generation 780
0. -33
1. -54
2. -61
3. -61
4. -61

Generation 781
0. -38
1. -51
2. -52
3. -54
4. -56

Generation 782
0. -40
1. -44
2. -46
3. -49
4. -51

Generation 783
0. -38
1. -43
2. -43
3. -50
4. -58

Generation 784
0. -34
1. -42
2. -45
3. -51
4. -53

Generation 785
0. -37
1. -44
2. -45
3. -50
4. -52

Generation 786
0. -35
1. -51
2. -51
3. -52
4. -54

Generation 787
0. -50
1. -53
2. -53
3. -54
4. -57

Generation 788
0. -24
1. -40
2. -44
3. -47
4. -48

Generation 789
0. -18
1. -36
2. -44
3. -59
4. -60

Generation 790
0. -40
1. -51
2. -53
3. -56
4. -58

Generation 791
0. -44
1. -44
2. -51
3. -55
4. -61

Generation 792
0. -45
1. -49
2. -52
3. -52
4. -58

Generation 793
0. -31
1. -41
2. -47
3. -55
4. -55

Generation 794
0. -40
1. -50
2. -60
3. -60
4. -62

Generation 795
0. -49
1. -49
2. -51
3. -55
4. -57

Generation 796
0. -40
1. -40
2. -54
3. -56
4. -62

Generation 797
0. -49
1. -52
2. -59
3. -61
4. -61

Generation 798
0. -45
1. -54
2. -56
3. -59
4. -60

Generation 799
0. -49
1. -54
2. -55
3. -56
4. -57

Generation 800
0. -23
1. -50
2. -53
3. -55
4. -56

Generation 801
0. -25
1. -40
2. -44
3. -51
4. -55

Generation 802
0. -26
1. -38
2. -47
3. -55
4. -59

Generation 803
0. 3
1. -39
2. -41
3. -55
4. -60

Generation 804
0. -20
1. -42
2. -46
3. -51
4. -58

Generation 805
0. -35
1. -41
2. -45
3. -46
4. -49

Generation 806
0. -48
1. -48
2. -50
3. -56
4. -57

Generation 807
0. -28
1. -31
2. -43
3. -47
4. -53

Generation 808
0. -42
1. -47
2. -50
3. -51
4. -52

Generation 809
0. -37
1. -44
2. -50
3. -52
4. -55

Generation 810
0. -38
1. -43
2. -47
3. -55
4. -59

Generation 811
0. -27
1. -50
2. -53
3. -56
4. -59

Generation 812
0. -41
1. -47
2. -49
3. -50
4. -52

Generation 813
0. -40
1. -41
2. -58
3. -59
4. -59

Generation 814
0. -33
1. -36
2. -36
3. -51
4. -60

Generation 815
0. -27
1. -34
2. -39
3. -51
4. -54

Generation 816
0. -41
1. -45
2. -47
3. -52
4. -52

Generation 817
0. -44
1. -47
2. -47
3. -50
4. -55

Generation 818
0. -23
1. -25
2. -36
3. -43
4. -52

Generation 819
0. -12
1. -33
2. -38
3. -42
4. -44

Generation 820
0. -40
1. -43
2. -52
3. -54
4. -55

Generation 821
0. -25
1. -39
2. -53
3. -56
4. -58

Generation 822
0. -44
1. -46
2. -51
3. -53
4. -54

Generation 823
0. -39
1. -51
2. -55
3. -56
4. -60

Generation 824
0. -35
1. -53
2. -56
3. -58
4. -58

Generation 825
0. -27
1. -41
2. -47
3. -51
4. -55

Generation 826
0. -37
1. -49
2. -50
3. -52
4. -54

Generation 827
0. -34
1. -47
2. -58
3. -59
4. -59

Generation 828
0. -52
1. -53
2. -55
3. -58
4. -61

Generation 829
0. -8
1. -25
2. -40
3. -54
4. -56

Generation 830
0. -29
1. -30
2. -34
3. -40
4. -54

Generation 831
0. -22
1. -33
2. -40
3. -48
4. -53

Generation 832
0. -18
1. -43
2. -52
3. -53
4. -55

Generation 833
0. -51
1. -51
2. -54
3. -55
4. -55

Generation 834
0. -53
1. -62
2. -63
3. -63
4. -63

Generation 835
0. -47
1. -48
2. -55
3. -64
4. -65

Generation 836
0. -33
1. -44
2. -53
3. -56
4. -57

Generation 837
0. -22
1. -35
2. -49
3. -53
4. -54

Generation 838
0. -39
1. -47
2. -50
3. -56
4. -56

Generation 839
0. -41
1. -44
2. -54
3. -56
4. -58

Generation 840
0. -27
1. -45
2. -50
3. -50
4. -57

Generation 841
0. -19
1. -36
2. -36
3. -40
4. -52

Generation 842
0. -24
1. -47
2. -49
3. -49
4. -52

Generation 843
0. -32
1. -39
2. -41
3. -42
4. -45

Generation 844
0. -53
1. -54
2. -55
3. -59
4. -59

Generation 845
0. -53
1. -55
2. -56
3. -57
4. -62

Generation 846
0. -37
1. -54
2. -56
3. -56
4. -58

Generation 847
0. -20
1. -38
2. -38
3. -47
4. -50

Generation 848
0. -13
1. -35
2. -45
3. -49
4. -51

Generation 849
0. -47
1. -49
2. -50
3. -50
4. -57

Generation 850
0. -36
1. -36
2. -38
3. -46
4. -50

Generation 851
0. -30
1. -38
2. -62
3. -63
4. -64

Generation 852
0. -37
1. -43
2. -53
3. -53
4. -53

Generation 853
0. -27
1. -47
2. -51
3. -51
4. -55

Generation 854
0. -12
1. -14
2. -45
3. -50
4. -59

Generation 855
0. -6
1. -40
2. -45
3. -53
4. -53

Generation 856
0. -4
1. -52
2. -56
3. -59
4. -59

Generation 857
0. -35
1. -47
2. -48
3. -50
4. -59

Generation 858
0. -44
1. -46
2. -47
3. -53
4. -57

Generation 859
0. -53
1. -54
2. -54
3. -56
4. -58

Generation 860
0. -45
1. -47
2. -47
3. -47
4. -48

Generation 861
0. -34
1. -39
2. -44
3. -53
4. -64

Generation 862
0. -51
1. -53
2. -56
3. -58
4. -61

Generation 863
0. -27
1. -31
2. -53
3. -53
4. -56

Generation 864
0. -38
1. -39
2. -54
3. -58
4. -59

Generation 865
0. -39
1. -40
2. -41
3. -50
4. -52

Generation 866
0. -35
1. -44
2. -50
3. -54
4. -55

Generation 867
0. -24
1. -41
2. -44
3. -47
4. -54

Generation 868
0. -22
1. -28
2. -32
3. -50
4. -57

Generation 869
0. -35
1. -49
2. -50
3. -51
4. -54

Generation 870
0. -42
1. -47
2. -57
3. -58
4. -58

Generation 871
0. -53
1. -54
2. -58
3. -58
4. -61

Generation 872
0. -39
1. -49
2. -55
3. -60
4. -62

Generation 873
0. -19
1. -27
2. -38
3. -47
4. -47

Generation 874
0. -9
1. -48
2. -49
3. -52
4. -54

Generation 875
0. -9
1. -32
2. -44
3. -46
4. -49

Generation 876
0. -20
1. -31
2. -45
3. -52
4. -56

Generation 877
0. -19
1. -34
2. -43
3. -60
4. -61

Generation 878
0. -18
1. -25
2. -39
3. -50
4. -51

Generation 879
0. 1
1. -30
2. -45
3. -48
4. -48

Generation 880
0. -6
1. -24
2. -29
3. -45
4. -45

Generation 881
0. -20
1. -33
2. -38
3. -40
4. -50

Generation 882
0. -1
1. -25
2. -46
3. -52
4. -53

Generation 883
0. -14
1. -21
2. -32
3. -39
4. -44

Generation 884
0. -20
1. -33
2. -46
3. -53
4. -53

Generation 885
0. -24
1. -28
2. -50
3. -52
4. -53

Generation 886
0. -15
1. -51
2. -53
3. -56
4. -57

Generation 887
0. -45
1. -47
2. -47
3. -52
4. -53

Generation 888
0. -37
1. -39
2. -45
3. -51
4. -52

Generation 889
0. -27
1. -41
2. -41
3. -44
4. -60

Generation 890
0. -27
1. -36
2. -46
3. -53
4. -54

Generation 891
0. -33
1. -35
2. -41
3. -52
4. -54

Generation 892
0. -32
1. -39
2. -50
3. -53
4. -55

Generation 893
0. -41
1. -43
2. -43
3. -49
4. -53

Generation 894
0. -40
1. -41
2. -51
3. -52
4. -53

Generation 895
0. -49
1. -52
2. -54
3. -54
4. -54

Generation 896
0. -35
1. -46
2. -51
3. -56
4. -57

Generation 897
0. -7
1. -30
2. -42
3. -42
4. -46

Generation 898
0. -35
1. -43
2. -47
3. -50
4. -51

Generation 899
0. -35
1. -41
2. -45
3. -47
4. -47

Generation 900
0. -6
1. -29
2. -33
3. -36
4. -43

Generation 901
0. 0
1. -18
2. -29
3. -33
4. -34

Generation 902
0. -16
1. -23
2. -39
3. -44
4. -45

Generation 903
0. -36
1. -39
2. -41
3. -43
4. -47

Generation 904
0. -21
1. -26
2. -33
3. -37
4. -44

Generation 905
0. -23
1. -41
2. -45
3. -49
4. -53

Generation 906
0. -38
1. -39
2. -51
3. -53
4. -55

Generation 907
0. -28
1. -42
2. -51
3. -51
4. -51

Generation 908
0. -23
1. -28
2. -38
3. -38
4. -39

Generation 909
0. -27
1. -37
2. -41
3. -43
4. -44

Generation 910
0. -28
1. -39
2. -42
3. -44
4. -48

Generation 911
0. -32
1. -41
2. -42
3. -46
4. -46

Generation 912
0. -38
1. -50
2. -50
3. -50
4. -53

Generation 913
0. -37
1. -39
2. -51
3. -52
4. -61

Generation 914
0. -24
1. -43
2. -45
3. -47
4. -49

Generation 915
0. -4
1. -17
2. -48
3. -49
4. -54

Generation 916
0. -28
1. -36
2. -39
3. -42
4. -50

Generation 917
0. -38
1. -38
2. -41
3. -44
4. -51

Generation 918
0. -22
1. -33
2. -36
3. -37
4. -38

Generation 919
0. -28
1. -41
2. -45
3. -45
4. -48

Generation 920
0. -34
1. -41
2. -42
3. -42
4. -46

Generation 921
0. -33
1. -40
2. -42
3. -43
4. -46

Generation 922
0. -29
1. -38
2. -46
3. -48
4. -51

Generation 923
0. -33
1. -41
2. -47
3. -56
4. -56

Generation 924
0. -10
1. -32
2. -35
3. -45
4. -45

Generation 925
0. 0
1. -21
2. -27
3. -28
4. -38

Generation 926
0. -13
1. -16
2. -27
3. -35
4. -41

Generation 927
0. -22
1. -26
2. -28
3. -37
4. -39

Generation 928
0. -31
1. -41
2. -43
3. -46
4. -50

Generation 929
0. -30
1. -36
2. -42
3. -52
4. -54

Generation 930
0. 4
1. -15
2. -19
3. -32
4. -34

Generation 931
0. -20
1. -38
2. -46
3. -51
4. -52

Generation 932
0. -20
1. -31
2. -38
3. -40
4. -41

Generation 933
0. -2
1. -13
2. -17
3. -18
4. -31

Generation 934
0. 2
1. -8
2. -27
3. -28
4. -36

Generation 935
0. -32
1. -34
2. -36
3. -37
4. -37

Generation 936
0. -13
1. -33
2. -33
3. -37
4. -38

Generation 937
0. -24
1. -28
2. -30
3. -40
4. -41

Generation 938
0. -19
1. -22
2. -23
3. -24
4. -29

Generation 939
0. -23
1. -31
2. -33
3. -33
4. -44

Generation 940
0. 7
1. -26
2. -29
3. -35
4. -38

Generation 941
0. -7
1. -22
2. -29
3. -30
4. -31

Generation 942
0. -11
1. -24
2. -27
3. -32
4. -36

Generation 943
0. -1
1. -8
2. -23
3. -35
4. -35

Generation 944
0. -21
1. -27
2. -28
3. -32
4. -34

Generation 945
0. -32
1. -42
2. -46
3. -48
4. -49

Generation 946
0. -24
1. -35
2. -42
3. -45
4. -46

Generation 947
0. -22
1. -36
2. -42
3. -43
4. -45

Generation 948
0. -25
1. -32
2. -41
3. -44
4. -47

Generation 949
0. -17
1. -32
2. -33
3. -37
4. -41

Generation 950
0. -13
1. -45
2. -45
3. -51
4. -52

Generation 951
0. -9
1. -32
2. -32
3. -36
4. -43

Generation 952
0. -29
1. -30
2. -36
3. -42
4. -45

Generation 953
0. -20
1. -27
2. -41
3. -44
4. -49

Generation 954
0. -2
1. -16
2. -18
3. -25
4. -30

Generation 955
0. 11
1. 4
2. -10
3. -13
4. -22

Generation 956
0. -11
1. -20
2. -20
3. -23
4. -29

Generation 957
0. -17
1. -28
2. -30
3. -30
4. -34

Generation 958
0. -15
1. -26
2. -29
3. -35
4. -42

Generation 959
0. -9
1. -16
2. -19
3. -33
4. -39

Generation 960
0. 28
1. 9
2. -22
3. -22
4. -25

Generation 961
0. 16
1. 2
2. -14
3. -25
4. -42

Generation 962
0. 11
1. -15
2. -24
3. -35
4. -45

Generation 963
0. -32
1. -33
2. -38
3. -42
4. -43

Generation 964
0. -28
1. -39
2. -48
3. -49
4. -51

Generation 965
0. -25
1. -35
2. -37
3. -46
4. -52

Generation 966
0. 19
1. 2
2. -5
3. -23
4. -26

Generation 967
0. -15
1. -17
2. -18
3. -22
4. -27

Generation 968
0. -1
1. -15
2. -22
3. -24
4. -29

Generation 969
0. -11
1. -11
2. -13
3. -20
4. -37

Generation 970
0. -22
1. -27
2. -39
3. -40
4. -43

Generation 971
0. -25
1. -28
2. -40
3. -41
4. -42

Generation 972
0. -32
1. -35
2. -36
3. -37
4. -42

Generation 973
0. -23
1. -33
2. -36
3. -42
4. -42

Generation 974
0. -14
1. -24
2. -33
3. -34
4. -38

Generation 975
0. -1
1. -16
2. -16
3. -34
4. -42

Generation 976
0. -2
1. -8
2. -19
3. -23
4. -25

Generation 977
0. -6
1. -18
2. -21
3. -26
4. -32

Generation 978
0. 2
1. -18
2. -23
3. -30
4. -34

Generation 979
0. -20
1. -22
2. -24
3. -35
4. -42

Generation 980
0. -20
1. -22
2. -33
3. -39
4. -41

Generation 981
0. -11
1. -12
2. -16
3. -29
4. -31

Generation 982
0. -9
1. -18
2. -19
3. -20
4. -22

Generation 983
0. -7
1. -20
2. -25
3. -26
4. -27

Generation 984
0. -7
1. -15
2. -28
3. -30
4. -33

Generation 985
0. 18
1. -12
2. -31
3. -37
4. -40

Generation 986
0. 24
1. 3
2. -17
3. -24
4. -33

Generation 987
0. 30
1. 8
2. -6
3. -13
4. -13

Generation 988
0. 5
1. -18
2. -24
3. -25
4. -30

Generation 989
0. -10
1. -14
2. -19
3. -20
4. -23

Generation 990
0. 16
1. 7
2. -8
3. -21
4. -25

Generation 991
0. 18
1. 15
2. -1
3. -4
4. -9

Generation 992
0. 3
1. 0
2. -5
3. -6
4. -15

Generation 993
0. 39
1. 3
2. -6
3. -18
4. -22

Generation 994
0. 7
1. 6
2. 5
3. -11
4. -11

Generation 995
0. 9
1. 9
2. 3
3. -5
4. -10

Generation 996
0. 27
1. 23
2. 21
3. 18
4. 15

Generation 997
0. 18
1. 11
2. 9
3. 0
4. -2

Generation 998
0. 42
1. 39
2. 39
3. 16
4. 8

Generation 999
0. 78
1. 70
2. 69
3. 48
4. 45
