
Generation 0
0. 54
1. 9
2. 8
3. 8
4. -9

Generation 1
0. 62
1. -14
2. -22
3. -22
4. -23

Generation 2
0. 66
1. 3
2. -18
3. -28
4. -30

Generation 3
0. 36
1. -16
2. -27
3. -30
4. -31

Generation 4
0. 30
1. -33
2. -34
3. -34
4. -35

Generation 5
0. -13
1. -19
2. -22
3. -33
4. -36

Generation 6
0. 0
1. -5
2. -34
3. -40
4. -41

Generation 7
0. 10
1. -1
2. -5
3. -34
4. -38

Generation 8
0. 1
1. -13
2. -24
3. -30
4. -39

Generation 9
0. 6
1. -31
2. -35
3. -38
4. -40

Generation 10
0. -21
1. -35
2. -36
3. -39
4. -44

Generation 11
0. -17
1. -23
2. -34
3. -35
4. -43

Generation 12
0. -26
1. -30
2. -30
3. -39
4. -41

Generation 13
0. -23
1. -28
2. -33
3. -35
4. -42

Generation 14
0. -24
1. -29
2. -32
3. -39
4. -45

Generation 15
0. -18
1. -27
2. -39
3. -47
4. -52

Generation 16
0. -10
1. -18
2. -28
3. -30
4. -33

Generation 17
0. -9
1. -17
2. -30
3. -30
4. -32

Generation 18
0. -21
1. -28
2. -36
3. -44
4. -47

Generation 19
0. -23
1. -26
2. -38
3. -46
4. -48

Generation 20
0. -8
1. -18
2. -30
3. -34
4. -41

Generation 21
0. -39
1. -40
2. -45
3. -50
4. -51

Generation 22
0. -28
1. -35
2. -42
3. -47
4. -47

Generation 23
0. -17
1. -38
2. -38
3. -42
4. -43

Generation 24
0. -35
1. -38
2. -40
3. -44
4. -46

Generation 25
0. -44
1. -47
2. -48
3. -54
4. -59

Generation 26
0. -16
1. -44
2. -47
3. -53
4. -58

Generation 27
0. -49
1. -52
2. -52
3. -54
4. -55

Generation 28
0. -37
1. -48
2. -50
3. -52
4. -56

Generation 29
0. -49
1. -51
2. -52
3. -56
4. -56

Generation 30
0. -53
1. -56
2. -57
3. -58
4. -65

Generation 31
0. -45
1. -52
2. -59
3. -60
4. -62

Generation 32
0. -42
1. -50
2. -50
3. -50
4. -51

Generation 33
0. -35
1. -43
2. -46
3. -49
4. -56

Generation 34
0. -27
1. -30
2. -37
3. -49
4. -54

Generation 35
0. -32
1. -36
2. -38
3. -50
4. -52

Generation 36
0. -21
1. -30
2. -38
3. -42
4. -45

Generation 37
0. -7
1. -33
2. -34
3. -44
4. -55

Generation 38
0. -31
1. -40
2. -48
3. -50
4. -50

Generation 39
0. -27
1. -37
2. -50
3. -59
4. -61

Generation 40
0. -51
1. -51
2. -52
3. -57
4. -57

Generation 41
0. -44
1. -48
2. -48
3. -51
4. -57

Generation 42
0. -38
1. -44
2. -49
3. -52
4. -53

Generation 43
0. -31
1. -47
2. -47
3. -54
4. -56

Generation 44
0. -43
1. -55
2. -56
3. -59
4. -61

Generation 45
0. -20
1. -29
2. -50
3. -52
4. -63

Generation 46
0. -28
1. -37
2. -50
3. -52
4. -52

Generation 47
0. -40
1. -43
2. -45
3. -52
4. -58

Generation 48
0. -46
1. -50
2. -56
3. -57
4. -57

Generation 49
0. -32
1. -49
2. -49
3. -50
4. -62

Generation 50
0. -40
1. -40
2. -43
3. -50
4. -56

Generation 51
0. -42
1. -54
2. -54
3. -55
4. -57

Generation 52
0. -49
1. -54
2. -55
3. -57
4. -58

Generation 53
0. -42
1. -45
2. -46
3. -47
4. -54

Generation 54
0. -15
1. -39
2. -42
3. -48
4. -54

Generation 55
0. -30
1. -34
2. -49
3. -55
4. -56

Generation 56
0. -9
1. -41
2. -43
3. -43
4. -49

Generation 57
0. -9
1. -27
2. -32
3. -42
4. -47

Generation 58
0. -11
1. -48
2. -48
3. -53
4. -55

Generation 59
0. -17
1. -27
2. -43
3. -50
4. -53

Generation 60
0. -32
1. -35
2. -42
3. -49
4. -50

Generation 61
0. -37
1. -39
2. -40
3. -42
4. -50

Generation 62
0. -16
1. -34
2. -51
3. -56
4. -56

Generation 63
0. -8
1. -19
2. -47
3. -47
4. -52

Generation 64
0. -15
1. -19
2. -40
3. -42
4. -48

Generation 65
0. -28
1. -39
2. -45
3. -53
4. -54

Generation 66
0. 11
1. -49
2. -51
3. -54
4. -56

Generation 67
0. 9
1. -45
2. -47
3. -48
4. -48

Generation 68
0. -18
1. -48
2. -54
3. -58
4. -60

Generation 69
0. -40
1. -48
2. -48
3. -49
4. -54

Generation 70
0. -26
1. -43
2. -54
3. -57
4. -62

Generation 71
0. -36
1. -48
2. -56
3. -57
4. -59

Generation 72
0. -33
1. -34
2. -52
3. -56
4. -61

Generation 73
0. -41
1. -52
2. -54
3. -54
4. -61

Generation 74
0. -48
1. -51
2. -53
3. -53
4. -54

Generation 75
0. -43
1. -47
2. -49
3. -59
4. -60

Generation 76
0. -36
1. -39
2. -49
3. -51
4. -56

Generation 77
0. -43
1. -43
2. -47
3. -48
4. -59

Generation 78
0. -41
1. -47
2. -58
3. -60
4. -69

Generation 79
0. -56
1. -56
2. -57
3. -60
4. -61

Generation 80
0. -46
1. -53
2. -54
3. -60
4. -65

Generation 81
0. -48
1. -49
2. -52
3. -54
4. -56

Generation 82
0. -48
1. -53
2. -54
3. -59
4. -59

Generation 83
0. -39
1. -53
2. -58
3. -58
4. -60

Generation 84
0. -51
1. -52
2. -53
3. -54
4. -57

Generation 85
0. -27
1. -27
2. -36
3. -48
4. -51

Generation 86
0. -47
1. -47
2. -57
3. -58
4. -60

Generation 87
0. -51
1. -51
2. -54
3. -57
4. -60

Generation 88
0. -51
1. -53
2. -54
3. -58
4. -60

Generation 89
0. -25
1. -51
2. -55
3. -57
4. -58

Generation 90
0. -38
1. -43
2. -46
3. -57
4. -61

Generation 91
0. -32
1. -49
2. -53
3. -55
4. -62

Generation 92
0. -37
1. -54
2. -55
3. -58
4. -58

Generation 93
0. -45
1. -53
2. -54
3. -60
4. -61

Generation 94
0. -41
1. -44
2. -50
3. -61
4. -65

Generation 95
0. -47
1. -51
2. -53
3. -53
4. -59

Generation 96
0. -45
1. -51
2. -54
3. -57
4. -58

Generation 97
0. -44
1. -49
2. -55
3. -56
4. -60

Generation 98
0. -42
1. -47
2. -53
3. -54
4. -57

Generation 99
0. -48
1. -49
2. -54
3. -54
4. -55

Generation 100
0. -45
1. -55
2. -57
3. -58
4. -59

Generation 101
0. -42
1. -46
2. -48
3. -49
4. -56

Generation 102
0. -45
1. -50
2. -51
3. -52
4. -55

Generation 103
0. -41
1. -49
2. -50
3. -52
4. -55

Generation 104
0. -38
1. -39
2. -46
3. -49
4. -53

Generation 105
0. -17
1. -31
2. -35
3. -40
4. -46

Generation 106
0. -40
1. -43
2. -49
3. -50
4. -52

Generation 107
0. -36
1. -36
2. -43
3. -45
4. -53

Generation 108
0. -36
1. -54
2. -54
3. -55
4. -57

Generation 109
0. -34
1. -43
2. -49
3. -52
4. -53

Generation 110
0. -35
1. -46
2. -50
3. -57
4. -57

Generation 111
0. -31
1. -40
2. -51
3. -51
4. -56

Generation 112
0. -43
1. -46
2. -48
3. -55
4. -59

Generation 113
0. -46
1. -51
2. -54
3. -57
4. -58

Generation 114
0. -50
1. -51
2. -56
3. -56
4. -61

Generation 115
0. -41
1. -41
2. -43
3. -47
4. -52

Generation 116
0. -21
1. -42
2. -47
3. -51
4. -57

Generation 117
0. -35
1. -45
2. -49
3. -59
4. -61

Generation 118
0. -38
1. -41
2. -44
3. -48
4. -55

Generation 119
0. -38
1. -52
2. -54
3. -55
4. -56

Generation 120
0. -41
1. -45
2. -53
3. -56
4. -58

Generation 121
0. -29
1. -48
2. -52
3. -53
4. -57

Generation 122
0. -53
1. -53
2. -54
3. -55
4. -66

Generation 123
0. -48
1. -56
2. -56
3. -57
4. -59

Generation 124
0. -32
1. -52
2. -54
3. -60
4. -62

Generation 125
0. -41
1. -45
2. -45
3. -48
4. -49

Generation 126
0. -53
1. -59
2. -59
3. -60
4. -62

Generation 127
0. -30
1. -49
2. -51
3. -58
4. -62

Generation 128
0. -44
1. -53
2. -57
3. -64
4. -65

Generation 129
0. -50
1. -51
2. -51
3. -54
4. -56

Generation 130
0. -42
1. -54
2. -55
3. -60
4. -61

Generation 131
0. -50
1. -50
2. -51
3. -55
4. -59

Generation 132
0. -22
1. -42
2. -52
3. -53
4. -58

Generation 133
0. -38
1. -38
2. -43
3. -47
4. -57

Generation 134
0. -42
1. -42
2. -47
3. -51
4. -52

Generation 135
0. -37
1. -53
2. -54
3. -55
4. -57

Generation 136
0. -20
1. -30
2. -55
3. -56
4. -58

Generation 137
0. -30
1. -40
2. -44
3. -58
4. -58

Generation 138
0. -43
1. -51
2. -51
3. -52
4. -56

Generation 139
0. -34
1. -42
2. -44
3. -46
4. -52

Generation 140
0. -54
1. -54
2. -55
3. -56
4. -58

Generation 141
0. -41
1. -43
2. -44
3. -50
4. -54

Generation 142
0. -31
1. -38
2. -61
3. -63
4. -63

Generation 143
0. -36
1. -42
2. -45
3. -51
4. -60

Generation 144
0. -32
1. -41
2. -53
3. -53
4. -56

Generation 145
0. -43
1. -48
2. -53
3. -55
4. -57

Generation 146
0. -33
1. -45
2. -56
3. -58
4. -59

Generation 147
0. -25
1. -49
2. -50
3. -51
4. -53

Generation 148
0. -35
1. -39
2. -46
3. -52
4. -54

Generation 149
0. -41
1. -47
2. -47
3. -51
4. -52

Generation 150
0. -36
1. -45
2. -53
3. -57
4. -59

Generation 151
0. 1
1. -13
2. -32
3. -48
4. -49

Generation 152
0. -33
1. -46
2. -51
3. -53
4. -56

Generation 153
0. -46
1. -54
2. -54
3. -55
4. -60

Generation 154
0. -35
1. -39
2. -42
3. -51
4. -54

Generation 155
0. -29
1. -39
2. -44
3. -51
4. -55

Generation 156
0. -41
1. -43
2. -56
3. -58
4. -58

Generation 157
0. -49
1. -53
2. -57
3. -58
4. -60

Generation 158
0. -42
1. -47
2. -47
3. -50
4. -52

Generation 159
0. -44
1. -51
2. -51
3. -57
4. -59

Generation 160
0. -36
1. -55
2. -56
3. -57
4. -59

Generation 161
0. -35
1. -42
2. -49
3. -49
4. -53

Generation 162
0. -34
1. -47
2. -48
3. -52
4. -59

Generation 163
0. -45
1. -53
2. -54
3. -62
4. -63

Generation 164
0. -48
1. -49
2. -54
3. -56
4. -58

Generation 165
0. -49
1. -50
2. -51
3. -53
4. -57

Generation 166
0. -40
1. -51
2. -53
3. -59
4. -60

Generation 167
0. -37
1. -43
2. -57
3. -62
4. -64

Generation 168
0. -51
1. -53
2. -54
3. -57
4. -61

Generation 169
0. -43
1. -45
2. -54
3. -57
4. -58

Generation 170
0. -42
1. -47
2. -60
3. -61
4. -62

Generation 171
0. -51
1. -53
2. -56
3. -56
4. -59

Generation 172
0. -51
1. -52
2. -55
3. -57
4. -57

Generation 173
0. -45
1. -53
2. -54
3. -57
4. -60

Generation 174
0. -40
1. -44
2. -53
3. -53
4. -54

Generation 175
0. -46
1. -50
2. -56
3. -56
4. -56

Generation 176
0. -25
1. -44
2. -59
3. -60
4. -62

Generation 177
0. -44
1. -44
2. -50
3. -53
4. -55

Generation 178
0. -54
1. -55
2. -55
3. -55
4. -57

Generation 179
0. -47
1. -51
2. -54
3. -55
4. -55

Generation 180
0. -50
1. -54
2. -55
3. -55
4. -57

Generation 181
0. -32
1. -43
2. -48
3. -50
4. -52

Generation 182
0. -43
1. -45
2. -55
3. -56
4. -57

Generation 183
0. -19
1. -46
2. -47
3. -55
4. -61

Generation 184
0. -34
1. -35
2. -44
3. -50
4. -53

Generation 185
0. -34
1. -46
2. -55
3. -57
4. -60

Generation 186
0. -47
1. -51
2. -52
3. -57
4. -59

Generation 187
0. -46
1. -48
2. -57
3. -58
4. -62

Generation 188
0. -43
1. -47
2. -53
3. -53
4. -58

Generation 189
0. -41
1. -56
2. -57
3. -58
4. -58

Generation 190
0. -60
1. -62
2. -62
3. -62
4. -63

Generation 191
0. -51
1. -56
2. -58
3. -58
4. -60

Generation 192
0. -25
1. -40
2. -44
3. -47
4. -52

Generation 193
0. -26
1. -47
2. -50
3. -61
4. -62

Generation 194
0. -33
1. -56
2. -56
3. -56
4. -62

Generation 195
0. -43
1. -49
2. -57
3. -59
4. -61

Generation 196
0. -38
1. -54
2. -59
3. -60
4. -62

Generation 197
0. -38
1. -56
2. -57
3. -57
4. -59

Generation 198
0. -50
1. -56
2. -62
3. -63
4. -64

Generation 199
0. -22
1. -46
2. -49
3. -54
4. -59

Generation 200
0. -31
1. -32
2. -55
3. -55
4. -55

Generation 201
0. -39
1. -46
2. -49
3. -53
4. -55

Generation 202
0. -32
1. -46
2. -50
3. -56
4. -58

Generation 203
0. -43
1. -45
2. -48
3. -51
4. -53

Generation 204
0. -40
1. -48
2. -53
3. -55
4. -57

Generation 205
0. -31
1. -42
2. -44
3. -50
4. -51

Generation 206
0. -37
1. -45
2. -45
3. -54
4. -54

Generation 207
0. -27
1. -54
2. -54
3. -55
4. -58

Generation 208
0. -37
1. -41
2. -56
3. -57
4. -57

Generation 209
0. -44
1. -50
2. -50
3. -53
4. -57

Generation 210
0. -14
1. -41
2. -52
3. -53
4. -56

Generation 211
0. -7
1. -38
2. -45
3. -57
4. -58

Generation 212
0. -30
1. -32
2. -39
3. -40
4. -43

Generation 213
0. -31
1. -39
2. -43
3. -45
4. -47

Generation 214
0. -36
1. -40
2. -44
3. -51
4. -53

Generation 215
0. -47
1. -52
2. -56
3. -62
4. -63

Generation 216
0. -37
1. -44
2. -48
3. -52
4. -55

Generation 217
0. -41
1. -44
2. -46
3. -57
4. -58

Generation 218
0. -42
1. -50
2. -52
3. -57
4. -57

Generation 219
0. -26
1. -49
2. -56
3. -62
4. -62

Generation 220
0. -36
1. -53
2. -54
3. -56
4. -56

Generation 221
0. -39
1. -45
2. -57
3. -59
4. -61

Generation 222
0. -35
1. -50
2. -58
3. -60
4. -60

Generation 223
0. -48
1. -54
2. -57
3. -57
4. -59

Generation 224
0. -35
1. -38
2. -42
3. -55
4. -57

Generation 225
0. -39
1. -50
2. -55
3. -55
4. -56

Generation 226
0. -49
1. -50
2. -52
3. -54
4. -55

Generation 227
0. -37
1. -44
2. -50
3. -53
4. -56

Generation 228
0. -27
1. -37
2. -39
3. -55
4. -55

Generation 229
0. -37
1. -47
2. -48
3. -48
4. -56

Generation 230
0. -51
1. -53
2. -57
3. -59
4. -59

Generation 231
0. -33
1. -42
2. -45
3. -47
4. -54

Generation 232
0. -30
1. -43
2. -55
3. -57
4. -58

Generation 233
0. -49
1. -50
2. -57
3. -58
4. -59

Generation 234
0. -48
1. -49
2. -49
3. -57
4. -58

Generation 235
0. -52
1. -53
2. -59
3. -61
4. -62

Generation 236
0. -41
1. -44
2. -51
3. -55
4. -64

Generation 237
0. -44
1. -51
2. -55
3. -56
4. -57

Generation 238
0. -43
1. -50
2. -50
3. -59
4. -59

Generation 239
0. -44
1. -48
2. -54
3. -54
4. -58

Generation 240
0. -31
1. -44
2. -47
3. -54
4. -57

Generation 241
0. -39
1. -51
2. -52
3. -53
4. -57

Generation 242
0. -47
1. -55
2. -56
3. -56
4. -58

Generation 243
0. -16
1. -46
2. -56
3. -57
4. -58

Generation 244
0. -40
1. -40
2. -51
3. -52
4. -54

Generation 245
0. -45
1. -55
2. -56
3. -61
4. -62

Generation 246
0. -38
1. -46
2. -59
3. -60
4. -63

Generation 247
0. -54
1. -55
2. -56
3. -57
4. -58

Generation 248
0. -37
1. -46
2. -53
3. -56
4. -59

Generation 249
0. -56
1. -59
2. -61
3. -62
4. -62

Generation 250
0. -48
1. -51
2. -59
3. -60
4. -64

Generation 251
0. -52
1. -57
2. -62
3. -62
4. -63

Generation 252
0. -48
1. -56
2. -57
3. -58
4. -60

Generation 253
0. -43
1. -46
2. -53
3. -54
4. -56

Generation 254
0. -46
1. -49
2. -49
3. -50
4. -50

Generation 255
0. -30
1. -47
2. -52
3. -57
4. -57

Generation 256
0. -32
1. -44
2. -52
3. -60
4. -61

Generation 257
0. -48
1. -51
2. -53
3. -54
4. -54

Generation 258
0. -45
1. -51
2. -57
3. -60
4. -64

Generation 259
0. -40
1. -43
2. -46
3. -49
4. -57

Generation 260
0. -45
1. -47
2. -49
3. -50
4. -52

Generation 261
0. -49
1. -51
2. -55
3. -55
4. -60

Generation 262
0. -51
1. -54
2. -57
3. -58
4. -60

Generation 263
0. -54
1. -60
2. -61
3. -63
4. -63

Generation 264
0. -43
1. -48
2. -57
3. -60
4. -64

Generation 265
0. -46
1. -49
2. -49
3. -52
4. -52

Generation 266
0. -39
1. -55
2. -56
3. -56
4. -57

Generation 267
0. -48
1. -49
2. -53
3. -53
4. -61

Generation 268
0. -42
1. -47
2. -52
3. -55
4. -56

Generation 269
0. -18
1. -53
2. -58
3. -60
4. -61

Generation 270
0. -29
1. -47
2. -59
3. -64
4. -65

Generation 271
0. -31
1. -48
2. -55
3. -57
4. -64

Generation 272
0. -23
1. -36
2. -44
3. -51
4. -58

Generation 273
0. -41
1. -55
2. -62
3. -62
4. -67

Generation 274
0. -39
1. -54
2. -59
3. -60
4. -64

Generation 275
0. -43
1. -52
2. -59
3. -64
4. -66

Generation 276
0. -30
1. -49
2. -62
3. -62
4. -62

Generation 277
0. -35
1. -39
2. -53
3. -56
4. -58

Generation 278
0. -35
1. -37
2. -38
3. -49
4. -56

Generation 279
0. -51
1. -51
2. -56
3. -57
4. -61

Generation 280
0. -52
1. -52
2. -54
3. -57
4. -61

Generation 281
0. -23
1. -47
2. -48
3. -48
4. -49

Generation 282
0. -15
1. -43
2. -54
3. -54
4. -54

Generation 283
0. -29
1. -32
2. -42
3. -43
4. -48

Generation 284
0. -35
1. -51
2. -51
3. -59
4. -61

Generation 285
0. -38
1. -48
2. -58
3. -59
4. -60

Generation 286
0. -18
1. -28
2. -48
3. -56
4. -58

Generation 287
0. -25
1. -32
2. -48
3. -49
4. -57

Generation 288
0. -51
1. -54
2. -56
3. -56
4. -56

Generation 289
0. -42
1. -53
2. -56
3. -57
4. -61

Generation 290
0. -44
1. -47
2. -56
3. -58
4. -58

Generation 291
0. -52
1. -59
2. -61
3. -61
4. -63

Generation 292
0. -56
1. -56
2. -58
3. -59
4. -60

Generation 293
0. -56
1. -57
2. -58
3. -58
4. -61

Generation 294
0. -49
1. -50
2. -54
3. -54
4. -55

Generation 295
0. -43
1. -46
2. -50
3. -58
4. -62

Generation 296
0. -44
1. -52
2. -53
3. -57
4. -59

Generation 297
0. -48
1. -51
2. -57
3. -61
4. -62

Generation 298
0. -47
1. -50
2. -56
3. -57
4. -58

Generation 299
0. -56
1. -57
2. -59
3. -60
4. -62

Generation 300
0. -40
1. -46
2. -58
3. -59
4. -60

Generation 301
0. -40
1. -52
2. -59
3. -60
4. -62

Generation 302
0. -43
1. -49
2. -53
3. -55
4. -55

Generation 303
0. -56
1. -59
2. -60
3. -63
4. -66

Generation 304
0. -48
1. -52
2. -54
3. -54
4. -55

Generation 305
0. -25
1. -51
2. -54
3. -55
4. -57

Generation 306
0. -39
1. -46
2. -58
3. -60
4. -60

Generation 307
0. -56
1. -56
2. -56
3. -58
4. -63

Generation 308
0. -31
1. -43
2. -47
3. -65
4. -66

Generation 309
0. -43
1. -45
2. -46
3. -53
4. -53

Generation 310
0. -32
1. -52
2. -59
3. -59
4. -62

Generation 311
0. -43
1. -48
2. -51
3. -60
4. -65

Generation 312
0. -48
1. -53
2. -54
3. -56
4. -56

Generation 313
0. -31
1. -46
2. -47
3. -53
4. -54

Generation 314
0. -35
1. -55
2. -56
3. -60
4. -62

Generation 315
0. -44
1. -44
2. -48
3. -50
4. -53

Generation 316
0. -47
1. -48
2. -52
3. -53
4. -56

Generation 317
0. -47
1. -49
2. -52
3. -57
4. -59

Generation 318
0. -49
1. -52
2. -52
3. -54
4. -54

Generation 319
0. -47
1. -50
2. -57
3. -58
4. -60

Generation 320
0. -40
1. -40
2. -61
3. -62
4. -64

Generation 321
0. -54
1. -56
2. -58
3. -60
4. -60

Generation 322
0. -57
1. -58
2. -59
3. -61
4. -63

Generation 323
0. -49
1. -51
2. -53
3. -55
4. -56

Generation 324
0. -42
1. -46
2. -46
3. -57
4. -58

Generation 325
0. -41
1. -43
2. -47
3. -48
4. -54

Generation 326
0. -37
1. -41
2. -50
3. -52
4. -54

Generation 327
0. -40
1. -43
2. -43
3. -48
4. -52

Generation 328
0. -43
1. -47
2. -49
3. -51
4. -54

Generation 329
0. -38
1. -42
2. -46
3. -51
4. -55

Generation 330
0. -30
1. -35
2. -37
3. -42
4. -44

Generation 331
0. -34
1. -42
2. -44
3. -47
4. -62

Generation 332
0. -41
1. -47
2. -51
3. -54
4. -56

Generation 333
0. -56
1. -58
2. -60
3. -65
4. -66

Generation 334
0. -20
1. -49
2. -53
3. -58
4. -61

Generation 335
0. -28
1. -42
2. -56
3. -59
4. -63

Generation 336
0. -39
1. -51
2. -53
3. -58
4. -59

Generation 337
0. -37
1. -48
2. -56
3. -56
4. -57

Generation 338
0. -28
1. -39
2. -43
3. -44
4. -48

Generation 339
0. -40
1. -47
2. -50
3. -51
4. -55

Generation 340
0. -44
1. -49
2. -54
3. -54
4. -54

Generation 341
0. -55
1. -60
2. -61
3. -61
4. -62

Generation 342
0. -48
1. -50
2. -51
3. -59
4. -59

Generation 343
0. -45
1. -47
2. -49
3. -49
4. -50

Generation 344
0. -46
1. -49
2. -53
3. -54
4. -55

Generation 345
0. -46
1. -48
2. -50
3. -53
4. -66

Generation 346
0. -18
1. -55
2. -55
3. -57
4. -62

Generation 347
0. -40
1. -51
2. -51
3. -55
4. -57

Generation 348
0. -46
1. -47
2. -50
3. -51
4. -59

Generation 349
0. -37
1. -47
2. -51
3. -54
4. -54

Generation 350
0. -44
1. -45
2. -53
3. -54
4. -55

Generation 351
0. -29
1. -39
2. -50
3. -51
4. -56

Generation 352
0. -15
1. -50
2. -53
3. -59
4. -59

Generation 353
0. -38
1. -44
2. -52
3. -55
4. -57

Generation 354
0. -41
1. -45
2. -45
3. -53
4. -55

Generation 355
0. -40
1. -49
2. -52
3. -52
4. -54

Generation 356
0. -41
1. -46
2. -47
3. -50
4. -55

Generation 357
0. -25
1. -33
2. -41
3. -46
4. -48

Generation 358
0. -22
1. -34
2. -44
3. -50
4. -51

Generation 359
0. -29
1. -34
2. -52
3. -56
4. -60

Generation 360
0. -47
1. -47
2. -47
3. -53
4. -58

Generation 361
0. 13
1. -40
2. -49
3. -55
4. -58

Generation 362
0. -7
1. -50
2. -50
3. -50
4. -53

Generation 363
0. -38
1. -44
2. -49
3. -58
4. -59

Generation 364
0. -46
1. -49
2. -51
3. -53
4. -56

Generation 365
0. -38
1. -48
2. -49
3. -52
4. -54

Generation 366
0. -49
1. -54
2. -59
3. -60
4. -62

Generation 367
0. -48
1. -51
2. -53
3. -53
4. -54

Generation 368
0. -46
1. -47
2. -51
3. -51
4. -53

Generation 369
0. -38
1. -41
2. -43
3. -43
4. -47

Generation 370
0. -41
1. -47
2. -49
3. -50
4. -52

Generation 371
0. -39
1. -44
2. -49
3. -49
4. -52

Generation 372
0. -41
1. -46
2. -47
3. -49
4. -51

Generation 373
0. -38
1. -43
2. -45
3. -52
4. -55

Generation 374
0. -32
1. -38
2. -41
3. -45
4. -51

Generation 375
0. -43
1. -48
2. -53
3. -58
4. -60

Generation 376
0. -41
1. -50
2. -51
3. -58
4. -60

Generation 377
0. -41
1. -47
2. -48
3. -57
4. -59

Generation 378
0. -29
1. -37
2. -46
3. -48
4. -49

Generation 379
0. -43
1. -44
2. -48
3. -49
4. -57

Generation 380
0. -39
1. -45
2. -56
3. -57
4. -60

Generation 381
0. -34
1. -45
2. -56
3. -61
4. -64

Generation 382
0. -44
1. -51
2. -52
3. -56
4. -60

Generation 383
0. -49
1. -50
2. -52
3. -53
4. -60

Generation 384
0. -43
1. -47
2. -48
3. -48
4. -55

Generation 385
0. -45
1. -50
2. -52
3. -54
4. -56

Generation 386
0. -43
1. -51
2. -58
3. -58
4. -60

Generation 387
0. -54
1. -56
2. -59
3. -62
4. -62

Generation 388
0. -44
1. -55
2. -55
3. -56
4. -56

Generation 389
0. -50
1. -52
2. -54
3. -57
4. -58

Generation 390
0. -42
1. -53
2. -59
3. -64
4. -64

Generation 391
0. -54
1. -54
2. -59
3. -60
4. -61

Generation 392
0. -40
1. -49
2. -54
3. -57
4. -65

Generation 393
0. -47
1. -53
2. -56
3. -59
4. -62

Generation 394
0. -45
1. -53
2. -53
3. -55
4. -69

Generation 395
0. -42
1. -44
2. -51
3. -57
4. -57

Generation 396
0. -35
1. -45
2. -51
3. -58
4. -60

Generation 397
0. -54
1. -58
2. -62
3. -63
4. -64

Generation 398
0. -55
1. -57
2. -60
3. -61
4. -63

Generation 399
0. -50
1. -55
2. -55
3. -62
4. -63

Generation 400
0. -37
1. -58
2. -58
3. -61
4. -62

Generation 401
0. -41
1. -42
2. -46
3. -55
4. -57

Generation 402
0. -48
1. -48
2. -48
3. -51
4. -51

Generation 403
0. -50
1. -55
2. -57
3. -57
4. -66

Generation 404
0. -42
1. -59
2. -59
3. -60
4. -63

Generation 405
0. -43
1. -43
2. -48
3. -53
4. -59

Generation 406
0. -47
1. -48
2. -56
3. -59
4. -59

Generation 407
0. -48
1. -53
2. -66
3. -66
4. -66

Generation 408
0. -42
1. -56
2. -57
3. -57
4. -58

Generation 409
0. -51
1. -57
2. -59
3. -61
4. -63

Generation 410
0. -36
1. -41
2. -46
3. -52
4. -57

Generation 411
0. -32
1. -48
2. -51
3. -51
4. -55

Generation 412
0. -37
1. -47
2. -55
3. -56
4. -57

Generation 413
0. -37
1. -56
2. -58
3. -59
4. -59

Generation 414
0. -45
1. -54
2. -55
3. -57
4. -57

Generation 415
0. -42
1. -45
2. -61
3. -64
4. -66

Generation 416
0. -55
1. -56
2. -57
3. -59
4. -62

Generation 417
0. -49
1. -53
2. -55
3. -58
4. -59

Generation 418
0. -38
1. -53
2. -56
3. -60
4. -62

Generation 419
0. -40
1. -53
2. -55
3. -55
4. -56

Generation 420
0. -47
1. -50
2. -53
3. -56
4. -60

Generation 421
0. -48
1. -51
2. -51
3. -57
4. -62

Generation 422
0. -37
1. -47
2. -49
3. -55
4. -57

Generation 423
0. -13
1. -50
2. -57
3. -57
4. -59

Generation 424
0. -44
1. -47
2. -53
3. -55
4. -57

Generation 425
0. -41
1. -46
2. -48
3. -55
4. -55

Generation 426
0. -22
1. -31
2. -56
3. -56
4. -57

Generation 427
0. -13
1. -17
2. -43
3. -65
4. -65

Generation 428
0. -26
1. -31
2. -37
3. -60
4. -61

Generation 429
0. -24
1. -38
2. -45
3. -60
4. -61

Generation 430
0. -43
1. -46
2. -48
3. -51
4. -53

Generation 431
0. -36
1. -49
2. -50
3. -50
4. -53

Generation 432
0. -40
1. -47
2. -55
3. -57
4. -60

Generation 433
0. -39
1. -50
2. -56
3. -57
4. -59

Generation 434
0. -41
1. -42
2. -42
3. -48
4. -51

Generation 435
0. -28
1. -37
2. -45
3. -45
4. -54

Generation 436
0. -36
1. -47
2. -54
3. -58
4. -59

Generation 437
0. -28
1. -29
2. -41
3. -42
4. -53

Generation 438
0. -37
1. -40
2. -47
3. -48
4. -57

Generation 439
0. -40
1. -55
2. -57
3. -59
4. -59

Generation 440
0. -32
1. -47
2. -52
3. -54
4. -62

Generation 441
0. -34
1. -37
2. -38
3. -46
4. -55

Generation 442
0. -41
1. -56
2. -58
3. -62
4. -63

Generation 443
0. -53
1. -54
2. -58
3. -58
4. -58

Generation 444
0. -48
1. -49
2. -49
3. -51
4. -52

Generation 445
0. -51
1. -52
2. -53
3. -53
4. -57

Generation 446
0. -42
1. -55
2. -62
3. -63
4. -63

Generation 447
0. -36
1. -50
2. -62
3. -63
4. -65

Generation 448
0. -39
1. -50
2. -52
3. -56
4. -57

Generation 449
0. -44
1. -46
2. -51
3. -56
4. -58

Generation 450
0. -43
1. -52
2. -57
3. -58
4. -60

Generation 451
0. -42
1. -51
2. -55
3. -55
4. -61

Generation 452
0. -48
1. -56
2. -56
3. -56
4. -57

Generation 453
0. -40
1. -43
2. -55
3. -58
4. -59

Generation 454
0. -48
1. -48
2. -50
3. -54
4. -58

Generation 455
0. -55
1. -55
2. -60
3. -61
4. -62

Generation 456
0. -43
1. -47
2. -53
3. -58
4. -59

Generation 457
0. -48
1. -49
2. -55
3. -57
4. -57

Generation 458
0. -43
1. -50
2. -52
3. -59
4. -60

Generation 459
0. -48
1. -49
2. -53
3. -60
4. -61

Generation 460
0. -47
1. -56
2. -59
3. -62
4. -63

Generation 461
0. -47
1. -50
2. -61
3. -63
4. -63

Generation 462
0. -48
1. -48
2. -56
3. -56
4. -58

Generation 463
0. -49
1. -55
2. -55
3. -56
4. -61

Generation 464
0. -34
1. -40
2. -46
3. -48
4. -53

Generation 465
0. -37
1. -50
2. -54
3. -57
4. -60

Generation 466
0. -34
1. -53
2. -53
3. -55
4. -57

Generation 467
0. -42
1. -50
2. -58
3. -59
4. -60

Generation 468
0. -32
1. -34
2. -43
3. -47
4. -52

Generation 469
0. -40
1. -43
2. -44
3. -49
4. -57

Generation 470
0. -55
1. -57
2. -59
3. -59
4. -63

Generation 471
0. -38
1. -55
2. -55
3. -58
4. -60

Generation 472
0. -43
1. -60
2. -63
3. -63
4. -64

Generation 473
0. -50
1. -57
2. -59
3. -60
4. -60

Generation 474
0. -44
1. -55
2. -64
3. -65
4. -68

Generation 475
0. -48
1. -52
2. -55
3. -60
4. -62

Generation 476
0. -50
1. -59
2. -60
3. -65
4. -66

Generation 477
0. -38
1. -52
2. -57
3. -60
4. -64

Generation 478
0. -50
1. -53
2. -54
3. -56
4. -57

Generation 479
0. -55
1. -55
2. -60
3. -62
4. -65

Generation 480
0. -45
1. -48
2. -53
3. -54
4. -59

Generation 481
0. -60
1. -62
2. -63
3. -63
4. -64

Generation 482
0. -53
1. -54
2. -59
3. -60
4. -61

Generation 483
0. -48
1. -57
2. -59
3. -60
4. -61

Generation 484
0. -44
1. -50
2. -54
3. -57
4. -59

Generation 485
0. -35
1. -43
2. -47
3. -53
4. -58

Generation 486
0. -28
1. -59
2. -60
3. -61
4. -64

Generation 487
0. -46
1. -49
2. -54
3. -55
4. -61

Generation 488
0. -48
1. -53
2. -57
3. -61
4. -63

Generation 489
0. -44
1. -47
2. -50
3. -50
4. -56

Generation 490
0. -28
1. -35
2. -55
3. -57
4. -58

Generation 491
0. -27
1. -54
2. -64
3. -64
4. -65

Generation 492
0. -50
1. -56
2. -56
3. -57
4. -58

Generation 493
0. -35
1. -48
2. -49
3. -52
4. -54

Generation 494
0. -30
1. -46
2. -48
3. -51
4. -52

Generation 495
0. -44
1. -57
2. -57
3. -59
4. -60

Generation 496
0. -39
1. -42
2. -54
3. -55
4. -57

Generation 497
0. -39
1. -44
2. -48
3. -49
4. -51

Generation 498
0. -28
1. -42
2. -43
3. -48
4. -55

Generation 499
0. -39
1. -55
2. -56
3. -58
4. -59

Generation 500
0. -49
1. -49
2. -58
3. -60
4. -60

Generation 501
0. -14
1. -24
2. -41
3. -41
4. -54

Generation 502
0. -29
1. -55
2. -57
3. -61
4. -62

Generation 503
0. -43
1. -46
2. -52
3. -55
4. -63

Generation 504
0. -27
1. -34
2. -40
3. -55
4. -64

Generation 505
0. -39
1. -45
2. -49
3. -58
4. -64

Generation 506
0. -45
1. -57
2. -58
3. -62
4. -63

Generation 507
0. -44
1. -55
2. -60
3. -62
4. -67

Generation 508
0. -40
1. -44
2. -54
3. -55
4. -55

Generation 509
0. -44
1. -46
2. -49
3. -49
4. -59

Generation 510
0. -44
1. -45
2. -46
3. -57
4. -57

Generation 511
0. -37
1. -40
2. -47
3. -52
4. -57

Generation 512
0. -37
1. -44
2. -48
3. -48
4. -55

Generation 513
0. -37
1. -44
2. -48
3. -57
4. -58

Generation 514
0. -41
1. -48
2. -50
3. -50
4. -52

Generation 515
0. -52
1. -53
2. -54
3. -54
4. -55

Generation 516
0. -55
1. -60
2. -63
3. -64
4. -64

Generation 517
0. -55
1. -62
2. -64
3. -65
4. -66

Generation 518
0. -24
1. -50
2. -52
3. -57
4. -57

Generation 519
0. -32
1. -34
2. -41
3. -46
4. -49

Generation 520
0. -38
1. -44
2. -46
3. -54
4. -62

Generation 521
0. -46
1. -54
2. -55
3. -57
4. -58

Generation 522
0. -53
1. -54
2. -56
3. -71
4. -71

Generation 523
0. -40
1. -58
2. -63
3. -63
4. -63

Generation 524
0. -49
1. -55
2. -63
3. -67
4. -68

Generation 525
0. -40
1. -55
2. -59
3. -59
4. -63

Generation 526
0. -53
1. -54
2. -55
3. -60
4. -63

Generation 527
0. -41
1. -43
2. -53
3. -56
4. -59

Generation 528
0. -35
1. -38
2. -53
3. -53
4. -53

Generation 529
0. -48
1. -53
2. -57
3. -63
4. -66

Generation 530
0. -47
1. -47
2. -49
3. -50
4. -58

Generation 531
0. -42
1. -42
2. -52
3. -65
4. -67

Generation 532
0. -42
1. -43
2. -51
3. -56
4. -61

Generation 533
0. -59
1. -60
2. -60
3. -61
4. -64

Generation 534
0. -56
1. -60
2. -62
3. -62
4. -62

Generation 535
0. -52
1. -54
2. -54
3. -55
4. -57

Generation 536
0. -40
1. -47
2. -50
3. -57
4. -59

Generation 537
0. -43
1. -49
2. -57
3. -62
4. -63

Generation 538
0. -50
1. -56
2. -61
3. -63
4. -65

Generation 539
0. -50
1. -57
2. -59
3. -64
4. -65

Generation 540
0. -52
1. -54
2. -64
3. -66
4. -66

Generation 541
0. -50
1. -53
2. -55
3. -59
4. -59

Generation 542
0. -37
1. -47
2. -63
3. -66
4. -66

Generation 543
0. -55
1. -57
2. -64
3. -65
4. -66

Generation 544
0. -60
1. -61
2. -63
3. -65
4. -65

Generation 545
0. -49
1. -53
2. -57
3. -60
4. -68

Generation 546
0. -46
1. -53
2. -54
3. -55
4. -56

Generation 547
0. -42
1. -44
2. -46
3. -48
4. -55

Generation 548
0. -51
1. -57
2. -60
3. -60
4. -61

Generation 549
0. -29
1. -48
2. -51
3. -54
4. -62

Generation 550
0. -46
1. -50
2. -54
3. -55
4. -55

Generation 551
0. -46
1. -55
2. -56
3. -62
4. -65

Generation 552
0. -51
1. -51
2. -63
3. -63
4. -68

Generation 553
0. -40
1. -42
2. -58
3. -59
4. -59

Generation 554
0. -32
1. -43
2. -52
3. -54
4. -58

Generation 555
0. -54
1. -55
2. -59
3. -60
4. -61

Generation 556
0. -42
1. -44
2. -55
3. -55
4. -64

Generation 557
0. -44
1. -48
2. -50
3. -53
4. -62

Generation 558
0. -42
1. -45
2. -51
3. -52
4. -59

Generation 559
0. -21
1. -26
2. -44
3. -45
4. -47

Generation 560
0. -45
1. -49
2. -50
3. -53
4. -53

Generation 561
0. -53
1. -55
2. -60
3. -62
4. -64

Generation 562
0. -43
1. -55
2. -59
3. -60
4. -62

Generation 563
0. -32
1. -57
2. -59
3. -61
4. -62

Generation 564
0. -49
1. -54
2. -63
3. -63
4. -65

Generation 565
0. -60
1. -63
2. -64
3. -64
4. -67

Generation 566
0. -33
1. -51
2. -53
3. -56
4. -59

Generation 567
0. -53
1. -61
2. -63
3. -65
4. -68

Generation 568
0. -49
1. -58
2. -59
3. -62
4. -64

Generation 569
0. -41
1. -52
2. -58
3. -60
4. -62

Generation 570
0. -35
1. -44
2. -49
3. -50
4. -53

Generation 571
0. -14
1. -52
2. -53
3. -57
4. -58

Generation 572
0. -33
1. -54
2. -57
3. -60
4. -63

Generation 573
0. -44
1. -46
2. -51
3. -55
4. -55

Generation 574
0. -34
1. -37
2. -38
3. -39
4. -43

Generation 575
0. -38
1. -46
2. -48
3. -52
4. -53

Generation 576
0. -36
1. -39
2. -48
3. -57
4. -60

Generation 577
0. -34
1. -53
2. -54
3. -54
4. -60

Generation 578
0. -39
1. -44
2. -52
3. -57
4. -70

Generation 579
0. -41
1. -51
2. -54
3. -55
4. -65

Generation 580
0. -49
1. -51
2. -55
3. -58
4. -61

Generation 581
0. -49
1. -58
2. -58
3. -58
4. -64

Generation 582
0. -42
1. -52
2. -55
3. -59
4. -60

Generation 583
0. -29
1. -33
2. -58
3. -60
4. -62

Generation 584
0. -35
1. -41
2. -46
3. -55
4. -55

Generation 585
0. -30
1. -47
2. -56
3. -56
4. -57

Generation 586
0. -54
1. -60
2. -61
3. -62
4. -65

Generation 587
0. -41
1. -49
2. -54
3. -56
4. -60

Generation 588
0. -9
1. -40
2. -43
3. -47
4. -52

Generation 589
0. -31
1. -43
2. -49
3. -60
4. -61

Generation 590
0. -46
1. -47
2. -49
3. -55
4. -57

Generation 591
0. -57
1. -59
2. -64
3. -65
4. -66

Generation 592
0. -34
1. -47
2. -57
3. -59
4. -60

Generation 593
0. -55
1. -60
2. -60
3. -61
4. -61

Generation 594
0. -46
1. -49
2. -54
3. -55
4. -56

Generation 595
0. -28
1. -51
2. -56
3. -58
4. -61

Generation 596
0. -57
1. -57
2. -59
3. -60
4. -61

Generation 597
0. -38
1. -53
2. -61
3. -61
4. -63

Generation 598
0. -37
1. -39
2. -55
3. -58
4. -59

Generation 599
0. -43
1. -48
2. -53
3. -60
4. -62

Generation 600
0. -49
1. -50
2. -54
3. -56
4. -61

Generation 601
0. -38
1. -47
2. -49
3. -54
4. -54

Generation 602
0. -39
1. -49
2. -57
3. -58
4. -60

Generation 603
0. -50
1. -52
2. -57
3. -63
4. -63

Generation 604
0. -30
1. -48
2. -49
3. -53
4. -56

Generation 605
0. -50
1. -52
2. -53
3. -54
4. -61

Generation 606
0. -55
1. -56
2. -60
3. -61
4. -63

Generation 607
0. -46
1. -59
2. -62
3. -62
4. -63

Generation 608
0. -48
1. -57
2. -60
3. -61
4. -65

Generation 609
0. -57
1. -59
2. -62
3. -62
4. -63

Generation 610
0. -48
1. -50
2. -65
3. -67
4. -68

Generation 611
0. -42
1. -46
2. -52
3. -60
4. -62

Generation 612
0. -42
1. -55
2. -57
3. -58
4. -58

Generation 613
0. -54
1. -54
2. -59
3. -62
4. -64

Generation 614
0. -54
1. -57
2. -58
3. -60
4. -63

Generation 615
0. -38
1. -48
2. -52
3. -56
4. -59

Generation 616
0. -47
1. -51
2. -56
3. -58
4. -62

Generation 617
0. -44
1. -55
2. -57
3. -57
4. -62

Generation 618
0. -45
1. -53
2. -63
3. -63
4. -64

Generation 619
0. -55
1. -55
2. -59
3. -60
4. -62

Generation 620
0. -53
1. -56
2. -58
3. -62
4. -62

Generation 621
0. -28
1. -37
2. -60
3. -64
4. -67

Generation 622
0. -39
1. -43
2. -58
3. -60
4. -60

Generation 623
0. -32
1. -60
2. -62
3. -63
4. -63

Generation 624
0. -54
1. -58
2. -58
3. -61
4. -63

Generation 625
0. -40
1. -51
2. -53
3. -58
4. -61

Generation 626
0. -47
1. -51
2. -52
3. -59
4. -61

Generation 627
0. -40
1. -50
2. -59
3. -59
4. -64

Generation 628
0. -31
1. -50
2. -54
3. -56
4. -57

Generation 629
0. -40
1. -53
2. -62
3. -64
4. -67

Generation 630
0. -39
1. -50
2. -53
3. -58
4. -60

Generation 631
0. -31
1. -45
2. -56
3. -60
4. -60

Generation 632
0. -37
1. -45
2. -53
3. -54
4. -55

Generation 633
0. -42
1. -47
2. -51
3. -58
4. -59

Generation 634
0. -33
1. -39
2. -48
3. -56
4. -63

Generation 635
0. -42
1. -46
2. -52
3. -54
4. -56

Generation 636
0. -51
1. -56
2. -59
3. -59
4. -60

Generation 637
0. -44
1. -50
2. -52
3. -55
4. -63

Generation 638
0. -49
1. -52
2. -53
3. -53
4. -59

Generation 639
0. -53
1. -55
2. -55
3. -63
4. -65

Generation 640
0. -51
1. -66
2. -66
3. -67
4. -69

Generation 641
0. -51
1. -52
2. -58
3. -62
4. -63

Generation 642
0. -41
1. -42
2. -48
3. -50
4. -55

Generation 643
0. -35
1. -48
2. -51
3. -55
4. -57

Generation 644
0. -35
1. -38
2. -46
3. -48
4. -48

Generation 645
0. -35
1. -51
2. -53
3. -58
4. -61

Generation 646
0. -24
1. -35
2. -45
3. -52
4. -59

Generation 647
0. -52
1. -53
2. -54
3. -57
4. -63

Generation 648
0. -46
1. -49
2. -61
3. -62
4. -62

Generation 649
0. -37
1. -43
2. -62
3. -64
4. -65

Generation 650
0. -43
1. -48
2. -48
3. -64
4. -66

Generation 651
0. -56
1. -59
2. -62
3. -65
4. -66

Generation 652
0. -37
1. -49
2. -55
3. -58
4. -59

Generation 653
0. -32
1. -52
2. -61
3. -62
4. -64

Generation 654
0. -52
1. -60
2. -61
3. -66
4. -68

Generation 655
0. -48
1. -53
2. -59
3. -60
4. -60

Generation 656
0. -46
1. -55
2. -58
3. -58
4. -58

Generation 657
0. -45
1. -55
2. -55
3. -56
4. -61

Generation 658
0. -46
1. -55
2. -56
3. -59
4. -60

Generation 659
0. -42
1. -47
2. -50
3. -50
4. -59

Generation 660
0. -44
1. -53
2. -54
3. -57
4. -59

Generation 661
0. -35
1. -49
2. -58
3. -60
4. -62

Generation 662
0. -45
1. -46
2. -48
3. -55
4. -57

Generation 663
0. -47
1. -48
2. -54
3. -57
4. -60

Generation 664
0. -49
1. -57
2. -60
3. -61
4. -65

Generation 665
0. -53
1. -53
2. -56
3. -63
4. -63

Generation 666
0. -44
1. -47
2. -52
3. -58
4. -60

Generation 667
0. -34
1. -44
2. -49
3. -53
4. -58

Generation 668
0. -48
1. -55
2. -56
3. -57
4. -58

Generation 669
0. -35
1. -44
2. -47
3. -51
4. -54

Generation 670
0. -44
1. -58
2. -60
3. -61
4. -61

Generation 671
0. -48
1. -48
2. -52
3. -60
4. -61

Generation 672
0. -50
1. -50
2. -50
3. -58
4. -59

Generation 673
0. -47
1. -56
2. -61
3. -63
4. -64

Generation 674
0. -28
1. -51
2. -57
3. -59
4. -60

Generation 675
0. -47
1. -48
2. -55
3. -57
4. -57

Generation 676
0. -35
1. -52
2. -58
3. -59
4. -61

Generation 677
0. -44
1. -53
2. -62
3. -62
4. -64

Generation 678
0. -57
1. -60
2. -63
3. -65
4. -65

Generation 679
0. -44
1. -50
2. -55
3. -59
4. -60

Generation 680
0. -39
1. -56
2. -62
3. -63
4. -63

Generation 681
0. -33
1. -49
2. -51
3. -54
4. -58

Generation 682
0. -40
1. -51
2. -55
3. -61
4. -62

Generation 683
0. -38
1. -47
2. -50
3. -57
4. -58

Generation 684
0. -43
1. -58
2. -60
3. -60
4. -61

Generation 685
0. -39
1. -44
2. -51
3. -51
4. -52

Generation 686
0. -20
1. -44
2. -45
3. -58
4. -62

Generation 687
0. -47
1. -51
2. -58
3. -60
4. -62

Generation 688
0. -20
1. -52
2. -53
3. -53
4. -54

Generation 689
0. -27
1. -42
2. -44
3. -61
4. -62

Generation 690
0. -44
1. -59
2. -60
3. -60
4. -62

Generation 691
0. -41
1. -50
2. -52
3. -54
4. -55

Generation 692
0. -45
1. -47
2. -50
3. -55
4. -58

Generation 693
0. -52
1. -53
2. -55
3. -55
4. -58

Generation 694
0. -27
1. -43
2. -50
3. -51
4. -56

Generation 695
0. -30
1. -51
2. -52
3. -57
4. -60

Generation 696
0. -49
1. -50
2. -52
3. -52
4. -61

Generation 697
0. -40
1. -47
2. -51
3. -56
4. -59

Generation 698
0. -36
1. -48
2. -55
3. -63
4. -63

Generation 699
0. -53
1. -55
2. -64
3. -65
4. -66

Generation 700
0. -29
1. -57
2. -57
3. -60
4. -62

Generation 701
0. -38
1. -45
2. -58
3. -59
4. -60

Generation 702
0. -38
1. -44
2. -62
3. -64
4. -65

Generation 703
0. -35
1. -47
2. -55
3. -57
4. -64

Generation 704
0. -49
1. -51
2. -59
3. -61
4. -61

Generation 705
0. -49
1. -49
2. -52
3. -59
4. -60

Generation 706
0. -39
1. -45
2. -57
3. -59
4. -61

Generation 707
0. -44
1. -52
2. -52
3. -57
4. -60

Generation 708
0. -35
1. -55
2. -62
3. -65
4. -66

Generation 709
0. -28
1. -49
2. -62
3. -64
4. -66

Generation 710
0. -35
1. -39
2. -55
3. -56
4. -58

Generation 711
0. -31
1. -50
2. -51
3. -52
4. -54

Generation 712
0. -41
1. -49
2. -52
3. -55
4. -58

Generation 713
0. -49
1. -57
2. -59
3. -60
4. -62

Generation 714
0. -45
1. -51
2. -55
3. -57
4. -59

Generation 715
0. -40
1. -44
2. -51
3. -58
4. -58

Generation 716
0. -43
1. -53
2. -53
3. -54
4. -54

Generation 717
0. -56
1. -58
2. -64
3. -65
4. -65

Generation 718
0. -44
1. -51
2. -57
3. -58
4. -59

Generation 719
0. -31
1. -34
2. -37
3. -44
4. -52

Generation 720
0. -32
1. -34
2. -52
3. -54
4. -63

Generation 721
0. -52
1. -53
2. -55
3. -62
4. -62

Generation 722
0. -45
1. -48
2. -49
3. -54
4. -55

Generation 723
0. -38
1. -45
2. -48
3. -52
4. -59

Generation 724
0. -50
1. -53
2. -55
3. -57
4. -57

Generation 725
0. -44
1. -48
2. -49
3. -54
4. -60

Generation 726
0. -48
1. -53
2. -65
3. -66
4. -66

Generation 727
0. -38
1. -40
2. -47
3. -50
4. -60

Generation 728
0. -36
1. -55
2. -61
3. -62
4. -62

Generation 729
0. -49
1. -51
2. -56
3. -56
4. -58

Generation 730
0. -48
1. -52
2. -56
3. -59
4. -59

Generation 731
0. -49
1. -51
2. -53
3. -54
4. -55

Generation 732
0. -30
1. -46
2. -48
3. -51
4. -58

Generation 733
0. -44
1. -48
2. -52
3. -52
4. -55

Generation 734
0. -46
1. -51
2. -55
3. -55
4. -56

Generation 735
0. -46
1. -58
2. -59
3. -60
4. -62

Generation 736
0. -49
1. -53
2. -59
3. -62
4. -64

Generation 737
0. -30
1. -33
2. -52
3. -59
4. -60

Generation 738
0. -18
1. -48
2. -53
3. -58
4. -59

Generation 739
0. -34
1. -51
2. -52
3. -56
4. -58

Generation 740
0. -47
1. -50
2. -57
3. -61
4. -62

Generation 741
0. -44
1. -54
2. -56
3. -57
4. -58

Generation 742
0. -33
1. -44
2. -53
3. -58
4. -59

Generation 743
0. -25
1. -38
2. -55
3. -61
4. -66

Generation 744
0. -19
1. -50
2. -60
3. -60
4. -61

Generation 745
0. -31
1. -38
2. -39
3. -50
4. -60

Generation 746
0. -36
1. -41
2. -52
3. -58
4. -58

Generation 747
0. -32
1. -49
2. -49
3. -52
4. -54

Generation 748
0. -39
1. -44
2. -45
3. -51
4. -59

Generation 749
0. -47
1. -57
2. -58
3. -60
4. -63

Generation 750
0. -45
1. -46
2. -54
3. -63
4. -65

Generation 751
0. -29
1. -39
2. -51
3. -55
4. -58

Generation 752
0. -38
1. -45
2. -47
3. -49
4. -50

Generation 753
0. -42
1. -51
2. -53
3. -60
4. -63

Generation 754
0. -37
1. -48
2. -52
3. -58
4. -60

Generation 755
0. -49
1. -51
2. -55
3. -56
4. -60

Generation 756
0. -46
1. -52
2. -53
3. -54
4. -57

Generation 757
0. -43
1. -57
2. -58
3. -60
4. -62

Generation 758
0. -44
1. -46
2. -51
3. -54
4. -56

Generation 759
0. -45
1. -52
2. -54
3. -62
4. -63

Generation 760
0. -46
1. -53
2. -54
3. -59
4. -60

Generation 761
0. -45
1. -50
2. -54
3. -55
4. -55

Generation 762
0. -45
1. -47
2. -51
3. -55
4. -55

Generation 763
0. -53
1. -59
2. -59
3. -60
4. -60

Generation 764
0. -43
1. -46
2. -60
3. -67
4. -67

Generation 765
0. -37
1. -41
2. -55
3. -57
4. -59

Generation 766
0. -32
1. -44
2. -54
3. -55
4. -55

Generation 767
0. -51
1. -51
2. -60
3. -62
4. -63

Generation 768
0. -50
1. -52
2. -52
3. -57
4. -58

Generation 769
0. -37
1. -45
2. -47
3. -51
4. -55

Generation 770
0. -51
1. -52
2. -55
3. -57
4. -58

Generation 771
0. -52
1. -54
2. -55
3. -57
4. -61

Generation 772
0. -52
1. -54
2. -55
3. -56
4. -58

Generation 773
0. -36
1. -47
2. -56
3. -59
4. -60

Generation 774
0. -41
1. -55
2. -55
3. -56
4. -57

Generation 775
0. -48
1. -49
2. -56
3. -59
4. -59

Generation 776
0. -52
1. -55
2. -56
3. -58
4. -60

Generation 777
0. -35
1. -39
2. -53
3. -59
4. -60

Generation 778
0. -47
1. -48
2. -52
3. -55
4. -55

Generation 779
0. -40
1. -54
2. -55
3. -56
4. -59

Generation 780
0. -48
1. -49
2. -53
3. -56
4. -60

Generation 781
0. -53
1. -56
2. -59
3. -59
4. -66

Generation 782
0. -39
1. -50
2. -55
3. -56
4. -63

Generation 783
0. -19
1. -51
2. -57
3. -59
4. -63

Generation 784
0. -15
1. -52
2. -54
3. -55
4. -55

Generation 785
0. -38
1. -44
2. -46
3. -48
4. -51

Generation 786
0. -55
1. -57
2. -58
3. -62
4. -62

Generation 787
0. -47
1. -50
2. -51
3. -55
4. -56

Generation 788
0. -44
1. -50
2. -52
3. -57
4. -60

Generation 789
0. -45
1. -50
2. -50
3. -51
4. -56

Generation 790
0. -23
1. -34
2. -48
3. -49
4. -56

Generation 791
0. -39
1. -43
2. -51
3. -52
4. -53

Generation 792
0. -23
1. -46
2. -56
3. -56
4. -56

Generation 793
0. -38
1. -54
2. -58
3. -58
4. -63

Generation 794
0. -48
1. -49
2. -52
3. -53
4. -57

Generation 795
0. -39
1. -53
2. -54
3. -58
4. -61

Generation 796
0. -20
1. -49
2. -54
3. -55
4. -56

Generation 797
0. -46
1. -52
2. -54
3. -54
4. -58

Generation 798
0. -44
1. -50
2. -53
3. -56
4. -59

Generation 799
0. -46
1. -47
2. -49
3. -50
4. -53

Generation 800
0. -46
1. -47
2. -54
3. -56
4. -62

Generation 801
0. -50
1. -51
2. -58
3. -67
4. -69

Generation 802
0. -37
1. -46
2. -54
3. -56
4. -56

Generation 803
0. -26
1. -42
2. -51
3. -52
4. -53

Generation 804
0. -34
1. -41
2. -46
3. -50
4. -54

Generation 805
0. -30
1. -53
2. -55
3. -59
4. -62

Generation 806
0. -49
1. -50
2. -57
3. -62
4. -62

Generation 807
0. -45
1. -49
2. -54
3. -56
4. -60

Generation 808
0. -59
1. -60
2. -63
3. -64
4. -66

Generation 809
0. -41
1. -47
2. -49
3. -49
4. -56

Generation 810
0. -35
1. -50
2. -58
3. -58
4. -63

Generation 811
0. -45
1. -54
2. -56
3. -61
4. -64

Generation 812
0. -36
1. -49
2. -53
3. -59
4. -63

Generation 813
0. -35
1. -51
2. -54
3. -55
4. -60

Generation 814
0. -42
1. -46
2. -53
3. -61
4. -61

Generation 815
0. -40
1. -50
2. -52
3. -57
4. -60

Generation 816
0. -52
1. -54
2. -58
3. -59
4. -61

Generation 817
0. -52
1. -53
2. -57
3. -60
4. -63

Generation 818
0. -56
1. -61
2. -64
3. -64
4. -66

Generation 819
0. -27
1. -62
2. -63
3. -65
4. -65

Generation 820
0. -38
1. -50
2. -51
3. -52
4. -59

Generation 821
0. -42
1. -50
2. -52
3. -53
4. -56

Generation 822
0. -44
1. -52
2. -52
3. -54
4. -57

Generation 823
0. -17
1. -37
2. -43
3. -47
4. -50

Generation 824
0. -14
1. -33
2. -36
3. -51
4. -51

Generation 825
0. -20
1. -32
2. -53
3. -55
4. -55

Generation 826
0. -26
1. -41
2. -46
3. -48
4. -57

Generation 827
0. -40
1. -47
2. -47
3. -53
4. -54

Generation 828
0. -44
1. -46
2. -49
3. -53
4. -56

Generation 829
0. -32
1. -33
2. -45
3. -46
4. -52

Generation 830
0. -33
1. -39
2. -53
3. -55
4. -57

Generation 831
0. -33
1. -36
2. -36
3. -45
4. -48

Generation 832
0. -18
1. -43
2. -43
3. -46
4. -46

Generation 833
0. -54
1. -55
2. -59
3. -61
4. -65

Generation 834
0. -45
1. -47
2. -53
3. -54
4. -56

Generation 835
0. -51
1. -57
2. -58
3. -59
4. -59

Generation 836
0. -48
1. -49
2. -52
3. -53
4. -61

Generation 837
0. -46
1. -46
2. -49
3. -51
4. -58

Generation 838
0. -16
1. -48
2. -60
3. -60
4. -62

Generation 839
0. -37
1. -44
2. -52
3. -56
4. -61

Generation 840
0. -40
1. -52
2. -53
3. -55
4. -61

Generation 841
0. -48
1. -50
2. -53
3. -59
4. -62

Generation 842
0. -26
1. -34
2. -35
3. -47
4. -51

Generation 843
0. -16
1. -34
2. -42
3. -50
4. -51

Generation 844
0. -34
1. -36
2. -52
3. -52
4. -53

Generation 845
0. -30
1. -45
2. -48
3. -49
4. -54

Generation 846
0. 0
1. -41
2. -44
3. -46
4. -57

Generation 847
0. 19
1. -26
2. -49
3. -53
4. -54

Generation 848
0. -37
1. -38
2. -44
3. -47
4. -48

Generation 849
0. -26
1. -35
2. -47
3. -54
4. -60

Generation 850
0. -23
1. -46
2. -49
3. -54
4. -58

Generation 851
0. -27
1. -36
2. -41
3. -46
4. -53

Generation 852
0. -35
1. -37
2. -49
3. -49
4. -59

Generation 853
0. -36
1. -44
2. -45
3. -54
4. -55

Generation 854
0. -38
1. -42
2. -46
3. -52
4. -53

Generation 855
0. -20
1. -50
2. -51
3. -62
4. -63

Generation 856
0. -35
1. -63
2. -63
3. -64
4. -64

Generation 857
0. -42
1. -42
2. -53
3. -56
4. -56

Generation 858
0. -34
1. -51
2. -52
3. -52
4. -61

Generation 859
0. -27
1. -56
2. -59
3. -61
4. -62

Generation 860
0. -32
1. -32
2. -39
3. -60
4. -61

Generation 861
0. -32
1. -41
2. -53
3. -53
4. -54

Generation 862
0. -34
1. -42
2. -46
3. -47
4. -51

Generation 863
0. -49
1. -52
2. -59
3. -60
4. -61

Generation 864
0. -16
1. -44
2. -50
3. -65
4. -65

Generation 865
0. -12
1. -41
2. -49
3. -50
4. -51

Generation 866
0. -35
1. -41
2. -42
3. -43
4. -44

Generation 867
0. -34
1. -50
2. -55
3. -57
4. -58

Generation 868
0. -36
1. -42
2. -48
3. -53
4. -58

Generation 869
0. -44
1. -59
2. -59
3. -59
4. -60

Generation 870
0. -33
1. -42
2. -50
3. -56
4. -59

Generation 871
0. -50
1. -53
2. -56
3. -59
4. -60

Generation 872
0. -36
1. -38
2. -46
3. -48
4. -56

Generation 873
0. -31
1. -42
2. -48
3. -51
4. -51

Generation 874
0. -17
1. -46
2. -53
3. -56
4. -58

Generation 875
0. -35
1. -37
2. -42
3. -45
4. -53

Generation 876
0. -33
1. -46
2. -50
3. -58
4. -61

Generation 877
0. -29
1. -33
2. -46
3. -48
4. -49

Generation 878
0. -34
1. -45
2. -48
3. -51
4. -55

Generation 879
0. -40
1. -40
2. -42
3. -52
4. -53

Generation 880
0. -22
1. -40
2. -47
3. -50
4. -51

Generation 881
0. -36
1. -37
2. -47
3. -48
4. -56

Generation 882
0. -47
1. -51
2. -53
3. -54
4. -54

Generation 883
0. -36
1. -44
2. -45
3. -49
4. -55

Generation 884
0. -27
1. -42
2. -44
3. -46
4. -47

Generation 885
0. -42
1. -44
2. -44
3. -56
4. -60

Generation 886
0. -54
1. -55
2. -56
3. -57
4. -60

Generation 887
0. -32
1. -33
2. -39
3. -55
4. -60

Generation 888
0. -25
1. -39
2. -39
3. -40
4. -43

Generation 889
0. -43
1. -50
2. -55
3. -55
4. -56

Generation 890
0. -25
1. -48
2. -52
3. -55
4. -57

Generation 891
0. -55
1. -56
2. -58
3. -58
4. -59

Generation 892
0. -49
1. -59
2. -65
3. -65
4. -65

Generation 893
0. -36
1. -38
2. -40
3. -46
4. -47

Generation 894
0. -56
1. -58
2. -60
3. -60
4. -60

Generation 895
0. -34
1. -46
2. -46
3. -51
4. -55

Generation 896
0. -36
1. -43
2. -43
3. -57
4. -58

Generation 897
0. -39
1. -40
2. -51
3. -54
4. -54

Generation 898
0. -44
1. -50
2. -52
3. -54
4. -55

Generation 899
0. -32
1. -50
2. -55
3. -56
4. -56

Generation 900
0. -47
1. -52
2. -53
3. -54
4. -55

Generation 901
0. -17
1. -49
2. -49
3. -51
4. -54

Generation 902
0. -19
1. -50
2. -50
3. -50
4. -55

Generation 903
0. -15
1. -24
2. -41
3. -43
4. -48

Generation 904
0. -37
1. -46
2. -53
3. -53
4. -57

Generation 905
0. -41
1. -57
2. -59
3. -60
4. -67

Generation 906
0. -49
1. -49
2. -57
3. -57
4. -58

Generation 907
0. -33
1. -37
2. -44
3. -45
4. -56

Generation 908
0. -33
1. -38
2. -44
3. -49
4. -52

Generation 909
0. -32
1. -41
2. -41
3. -53
4. -54

Generation 910
0. -37
1. -43
2. -43
3. -54
4. -56

Generation 911
0. -47
1. -51
2. -53
3. -54
4. -56

Generation 912
0. -16
1. -36
2. -38
3. -39
4. -40

Generation 913
0. -26
1. -31
2. -36
3. -38
4. -43

Generation 914
0. -2
1. -39
2. -43
3. -53
4. -53

Generation 915
0. -34
1. -44
2. -46
3. -47
4. -47

Generation 916
0. -35
1. -45
2. -48
3. -50
4. -50

Generation 917
0. -30
1. -32
2. -57
3. -60
4. -65

Generation 918
0. -18
1. -21
2. -30
3. -38
4. -40

Generation 919
0. -20
1. -28
2. -41
3. -46
4. -49

Generation 920
0. -27
1. -32
2. -41
3. -43
4. -44

Generation 921
0. -34
1. -42
2. -45
3. -51
4. -53

Generation 922
0. -29
1. -40
2. -45
3. -50
4. -51

Generation 923
0. -25
1. -37
2. -47
3. -52
4. -53

Generation 924
0. -7
1. -40
2. -42
3. -45
4. -46

Generation 925
0. -48
1. -49
2. -51
3. -51
4. -52

Generation 926
0. -31
1. -46
2. -54
3. -56
4. -58

Generation 927
0. -25
1. -54
2. -55
3. -57
4. -59

Generation 928
0. -12
1. -45
2. -50
3. -50
4. -52

Generation 929
0. -38
1. -41
2. -43
3. -49
4. -50

Generation 930
0. 6
1. -22
2. -30
3. -34
4. -49

Generation 931
0. 5
1. -41
2. -41
3. -42
4. -46

Generation 932
0. -29
1. -34
2. -50
3. -51
4. -52

Generation 933
0. -51
1. -51
2. -52
3. -57
4. -61

Generation 934
0. -46
1. -48
2. -52
3. -56
4. -56

Generation 935
0. -46
1. -47
2. -52
3. -54
4. -57

Generation 936
0. -33
1. -43
2. -50
3. -53
4. -58

Generation 937
0. -35
1. -38
2. -50
3. -51
4. -52

Generation 938
0. -14
1. -46
2. -49
3. -53
4. -54

Generation 939
0. -11
1. -14
2. -25
3. -40
4. -41

Generation 940
0. -36
1. -43
2. -48
3. -54
4. -55

Generation 941
0. -25
1. -44
2. -47
3. -48
4. -50

Generation 942
0. -48
1. -49
2. -50
3. -55
4. -56

Generation 943
0. -32
1. -48
2. -51
3. -52
4. -61

Generation 944
0. -21
1. -49
2. -49
3. -49
4. -53

Generation 945
0. -12
1. -29
2. -31
3. -38
4. -41

Generation 946
0. -24
1. -32
2. -40
3. -46
4. -49

Generation 947
0. 0
1. -11
2. -33
3. -44
4. -54

Generation 948
0. -30
1. -33
2. -47
3. -48
4. -48

Generation 949
0. -16
1. -44
2. -48
3. -50
4. -53

Generation 950
0. -41
1. -44
2. -47
3. -51
4. -52

Generation 951
0. -42
1. -52
2. -55
3. -56
4. -61

Generation 952
0. -33
1. -40
2. -48
3. -54
4. -55

Generation 953
0. -36
1. -39
2. -41
3. -48
4. -49

Generation 954
0. -13
1. -24
2. -26
3. -36
4. -43

Generation 955
0. -4
1. -34
2. -34
3. -35
4. -35

Generation 956
0. 2
1. -22
2. -33
3. -36
4. -42

Generation 957
0. -1
1. -4
2. -13
3. -15
4. -23

Generation 958
0. -11
1. -28
2. -29
3. -31
4. -31

Generation 959
0. -31
1. -34
2. -35
3. -37
4. -39

Generation 960
0. -4
1. -30
2. -39
3. -39
4. -48

Generation 961
0. 4
1. -36
2. -40
3. -41
4. -43

Generation 962
0. -22
1. -31
2. -32
3. -34
4. -43

Generation 963
0. -18
1. -19
2. -27
3. -31
4. -40

Generation 964
0. -9
1. -34
2. -39
3. -51
4. -51

Generation 965
0. 5
1. -26
2. -27
3. -30
4. -33

Generation 966
0. -23
1. -35
2. -38
3. -39
4. -44

Generation 967
0. 7
1. -33
2. -35
3. -37
4. -40

Generation 968
0. -17
1. -26
2. -32
3. -37
4. -39

Generation 969
0. -26
1. -33
2. -35
3. -38
4. -43

Generation 970
0. 11
1. -33
2. -43
3. -46
4. -48

Generation 971
0. 10
1. -4
2. -15
3. -46
4. -47

Generation 972
0. -16
1. -20
2. -23
3. -42
4. -43

Generation 973
0. -19
1. -25
2. -28
3. -36
4. -42

Generation 974
0. 21
1. -18
2. -29
3. -29
4. -29

Generation 975
0. -9
1. -9
2. -14
3. -25
4. -30

Generation 976
0. 17
1. 7
2. -25
3. -28
4. -31

Generation 977
0. -13
1. -18
2. -23
3. -27
4. -34

Generation 978
0. 1
1. -18
2. -20
3. -30
4. -37

Generation 979
0. 13
1. -13
2. -21
3. -23
4. -26

Generation 980
0. 42
1. -5
2. -28
3. -32
4. -35

Generation 981
0. 35
1. 11
2. -33
3. -35
4. -36

Generation 982
0. 14
1. 5
2. -24
3. -26
4. -26

Generation 983
0. 7
1. -9
2. -10
3. -12
4. -13

Generation 984
0. 5
1. -6
2. -15
3. -21
4. -21

Generation 985
0. 3
1. -4
2. -18
3. -30
4. -33

Generation 986
0. 18
1. 0
2. -10
3. -10
4. -13

Generation 987
0. 3
1. -8
2. -13
3. -18
4. -25

Generation 988
0. 39
1. 14
2. 10
3. -1
4. -11

Generation 989
0. 21
1. 10
2. -9
3. -13
4. -28

Generation 990
0. 22
1. 6
2. -5
3. -14
4. -16

Generation 991
0. 2
1. 1
2. -17
3. -22
4. -25

Generation 992
0. 2
1. -7
2. -22
3. -26
4. -27

Generation 993
0. 9
1. -4
2. -12
3. -13
4. -16

Generation 994
0. 13
1. 7
2. 4
3. -5
4. -9

Generation 995
0. 0
1. -16
2. -17
3. -19
4. -21

Generation 996
0. 53
1. 16
2. -6
3. -7
4. -10

Generation 997
0. 13
1. 1
2. -9
3. -29
4. -30

Generation 998
0. -14
1. -16
2. -19
3. -27
4. -43

Generation 999
0. 2
1. -11
2. -22
3. -40
4. -41
