
Generation 0
0. 0
1. -1
2. -10
3. -12
4. -29

Generation 1
0. 1
1. -13
2. -19
3. -21
4. -30

Generation 2
0. -10
1. -11
2. -17
3. -30
4. -37

Generation 3
0. -4
1. -19
2. -28
3. -30
4. -36

Generation 4
0. -8
1. -21
2. -27
3. -30
4. -37

Generation 5
0. -15
1. -32
2. -35
3. -44
4. -46

Generation 6
0. -5
1. -22
2. -32
3. -37
4. -38

Generation 7
0. -24
1. -27
2. -36
3. -37
4. -38

Generation 8
0. -12
1. -16
2. -27
3. -29
4. -36

Generation 9
0. -25
1. -32
2. -36
3. -38
4. -42

Generation 10
0. -29
1. -30
2. -34
3. -41
4. -46

Generation 11
0. -33
1. -37
2. -38
3. -40
4. -44

Generation 12
0. -34
1. -36
2. -41
3. -41
4. -41

Generation 13
0. -35
1. -38
2. -38
3. -43
4. -48

Generation 14
0. -24
1. -31
2. -32
3. -32
4. -42

Generation 15
0. -27
1. -30
2. -40
3. -41
4. -48

Generation 16
0. -38
1. -40
2. -44
3. -45
4. -51

Generation 17
0. -31
1. -33
2. -40
3. -42
4. -48

Generation 18
0. -41
1. -44
2. -49
3. -50
4. -54

Generation 19
0. -36
1. -41
2. -42
3. -48
4. -49

Generation 20
0. -40
1. -42
2. -48
3. -48
4. -51

Generation 21
0. -29
1. -46
2. -48
3. -49
4. -57

Generation 22
0. -28
1. -29
2. -40
3. -45
4. -47

Generation 23
0. -31
1. -38
2. -38
3. -39
4. -42

Generation 24
0. 11
1. -30
2. -37
3. -38
4. -46

Generation 25
0. -6
1. -26
2. -30
3. -41
4. -41

Generation 26
0. -20
1. -22
2. -26
3. -34
4. -40

Generation 27
0. -1
1. -21
2. -39
3. -42
4. -48

Generation 28
0. -32
1. -35
2. -36
3. -39
4. -43

Generation 29
0. -34
1. -40
2. -44
3. -44
4. -46

Generation 30
0. -22
1. -24
2. -27
3. -28
4. -43

Generation 31
0. -34
1. -37
2. -39
3. -49
4. -55

Generation 32
0. -15
1. -38
2. -40
3. -44
4. -47

Generation 33
0. -9
1. -36
2. -52
3. -52
4. -57

Generation 34
0. -10
1. -24
2. -53
3. -56
4. -60

Generation 35
0. -20
1. -31
2. -44
3. -45
4. -47

Generation 36
0. -20
1. -24
2. -27
3. -30
4. -30

Generation 37
0. -30
1. -34
2. -37
3. -39
4. -49

Generation 38
0. -9
1. -32
2. -39
3. -47
4. -48

Generation 39
0. -22
1. -41
2. -46
3. -53
4. -56

Generation 40
0. -32
1. -45
2. -49
3. -50
4. -50

Generation 41
0. -29
1. -49
2. -51
3. -55
4. -56

Generation 42
0. -12
1. -45
2. -47
3. -60
4. -61

Generation 43
0. -19
1. -22
2. -31
3. -41
4. -51

Generation 44
0. -9
1. -18
2. -23
3. -37
4. -38

Generation 45
0. -16
1. -23
2. -24
3. -40
4. -40

Generation 46
0. 1
1. -15
2. -20
3. -22
4. -33

Generation 47
0. -16
1. -29
2. -32
3. -36
4. -40

Generation 48
0. -30
1. -38
2. -40
3. -41
4. -41

Generation 49
0. -35
1. -39
2. -40
3. -40
4. -42

Generation 50
0. -6
1. -15
2. -15
3. -28
4. -38

Generation 51
0. -23
1. -29
2. -34
3. -52
4. -53

Generation 52
0. -36
1. -38
2. -44
3. -44
4. -44

Generation 53
0. -30
1. -42
2. -45
3. -50
4. -57

Generation 54
0. -42
1. -45
2. -47
3. -52
4. -55

Generation 55
0. -28
1. -46
2. -48
3. -51
4. -52

Generation 56
0. -35
1. -44
2. -49
3. -50
4. -52

Generation 57
0. -30
1. -50
2. -52
3. -54
4. -57

Generation 58
0. -46
1. -47
2. -51
3. -52
4. -61

Generation 59
0. -38
1. -44
2. -46
3. -49
4. -50

Generation 60
0. -41
1. -45
2. -55
3. -57
4. -60

Generation 61
0. -31
1. -36
2. -44
3. -50
4. -51

Generation 62
0. -34
1. -39
2. -47
3. -56
4. -60

Generation 63
0. -30
1. -36
2. -51
3. -53
4. -55

Generation 64
0. -39
1. -52
2. -52
3. -53
4. -55

Generation 65
0. -44
1. -46
2. -54
3. -56
4. -57

Generation 66
0. -28
1. -33
2. -35
3. -35
4. -41

Generation 67
0. -18
1. -24
2. -42
3. -49
4. -51

Generation 68
0. -21
1. -35
2. -45
3. -46
4. -47

Generation 69
0. -39
1. -45
2. -53
3. -53
4. -55

Generation 70
0. -23
1. -32
2. -34
3. -43
4. -46

Generation 71
0. -21
1. -46
2. -47
3. -50
4. -50

Generation 72
0. -44
1. -47
2. -54
3. -56
4. -58

Generation 73
0. -43
1. -47
2. -54
3. -62
4. -62

Generation 74
0. -43
1. -61
2. -66
3. -68
4. -68

Generation 75
0. -32
1. -46
2. -50
3. -51
4. -54

Generation 76
0. -47
1. -47
2. -50
3. -52
4. -56

Generation 77
0. -35
1. -39
2. -47
3. -51
4. -59

Generation 78
0. -34
1. -44
2. -59
3. -60
4. -62

Generation 79
0. -42
1. -46
2. -51
3. -55
4. -55

Generation 80
0. -52
1. -53
2. -54
3. -56
4. -58

Generation 81
0. -27
1. -45
2. -47
3. -51
4. -52

Generation 82
0. -41
1. -45
2. -47
3. -49
4. -52

Generation 83
0. -29
1. -38
2. -40
3. -49
4. -52

Generation 84
0. -23
1. -34
2. -49
3. -55
4. -55

Generation 85
0. -18
1. -34
2. -42
3. -46
4. -47

Generation 86
0. -31
1. -49
2. -50
3. -54
4. -59

Generation 87
0. -31
1. -44
2. -51
3. -53
4. -53

Generation 88
0. -49
1. -50
2. -60
3. -62
4. -63

Generation 89
0. -41
1. -45
2. -58
3. -59
4. -59

Generation 90
0. -52
1. -60
2. -63
3. -64
4. -65

Generation 91
0. -49
1. -55
2. -58
3. -59
4. -61

Generation 92
0. -53
1. -55
2. -57
3. -61
4. -63

Generation 93
0. -45
1. -48
2. -53
3. -53
4. -54

Generation 94
0. -38
1. -38
2. -42
3. -43
4. -46

Generation 95
0. -35
1. -41
2. -49
3. -53
4. -55

Generation 96
0. -45
1. -55
2. -57
3. -57
4. -60

Generation 97
0. -35
1. -47
2. -49
3. -51
4. -51

Generation 98
0. -36
1. -55
2. -56
3. -57
4. -60

Generation 99
0. -26
1. -33
2. -44
3. -54
4. -54

Generation 100
0. -27
1. -27
2. -47
3. -51
4. -54

Generation 101
0. -16
1. -27
2. -30
3. -42
4. -46

Generation 102
0. -40
1. -40
2. -41
3. -43
4. -45

Generation 103
0. -40
1. -45
2. -51
3. -57
4. -59

Generation 104
0. -36
1. -51
2. -53
3. -57
4. -57

Generation 105
0. -36
1. -40
2. -47
3. -51
4. -53

Generation 106
0. -46
1. -48
2. -55
3. -55
4. -58

Generation 107
0. -7
1. -49
2. -53
3. -57
4. -60

Generation 108
0. -12
1. -52
2. -55
3. -56
4. -57

Generation 109
0. 13
1. -13
2. -57
3. -62
4. -63

Generation 110
0. -26
1. -28
2. -33
3. -38
4. -53

Generation 111
0. -33
1. -43
2. -44
3. -45
4. -47

Generation 112
0. -41
1. -42
2. -45
3. -46
4. -50

Generation 113
0. -31
1. -35
2. -40
3. -44
4. -55

Generation 114
0. -31
1. -38
2. -51
3. -52
4. -52

Generation 115
0. -42
1. -47
2. -54
3. -55
4. -61

Generation 116
0. -28
1. -37
2. -42
3. -51
4. -51

Generation 117
0. -38
1. -42
2. -48
3. -52
4. -52

Generation 118
0. -48
1. -50
2. -51
3. -55
4. -56

Generation 119
0. -54
1. -54
2. -58
3. -58
4. -60

Generation 120
0. -44
1. -45
2. -49
3. -49
4. -58

Generation 121
0. -47
1. -50
2. -52
3. -58
4. -63

Generation 122
0. -36
1. -43
2. -45
3. -49
4. -52

Generation 123
0. -29
1. -32
2. -43
3. -46
4. -48

Generation 124
0. -50
1. -52
2. -57
3. -57
4. -59

Generation 125
0. -49
1. -51
2. -54
3. -54
4. -65

Generation 126
0. -45
1. -47
2. -49
3. -59
4. -60

Generation 127
0. -51
1. -52
2. -53
3. -55
4. -56

Generation 128
0. -43
1. -44
2. -49
3. -53
4. -54

Generation 129
0. -33
1. -34
2. -34
3. -42
4. -43

Generation 130
0. -28
1. -42
2. -47
3. -47
4. -49

Generation 131
0. -45
1. -45
2. -48
3. -56
4. -57

Generation 132
0. -29
1. -47
2. -48
3. -57
4. -62

Generation 133
0. -26
1. -46
2. -46
3. -49
4. -59

Generation 134
0. -25
1. -40
2. -49
3. -50
4. -56

Generation 135
0. -27
1. -43
2. -45
3. -48
4. -58

Generation 136
0. -41
1. -43
2. -43
3. -44
4. -50

Generation 137
0. -44
1. -47
2. -49
3. -50
4. -52

Generation 138
0. -36
1. -49
2. -51
3. -52
4. -54

Generation 139
0. -36
1. -52
2. -57
3. -58
4. -58

Generation 140
0. -21
1. -40
2. -45
3. -53
4. -57

Generation 141
0. -29
1. -38
2. -47
3. -51
4. -56

Generation 142
0. -40
1. -52
2. -56
3. -62
4. -62

Generation 143
0. 6
1. -43
2. -57
3. -58
4. -60

Generation 144
0. -26
1. -35
2. -40
3. -42
4. -44

Generation 145
0. -37
1. -42
2. -46
3. -48
4. -48

Generation 146
0. -27
1. -49
2. -50
3. -51
4. -53

Generation 147
0. -40
1. -41
2. -50
3. -52
4. -54

Generation 148
0. -23
1. -33
2. -47
3. -48
4. -50

Generation 149
0. -20
1. -38
2. -42
3. -48
4. -50

Generation 150
0. -42
1. -47
2. -52
3. -55
4. -56

Generation 151
0. -43
1. -44
2. -55
3. -57
4. -60

Generation 152
0. -30
1. -46
2. -49
3. -50
4. -51

Generation 153
0. -53
1. -53
2. -54
3. -54
4. -58

Generation 154
0. -47
1. -50
2. -51
3. -52
4. -59

Generation 155
0. -17
1. -45
2. -63
3. -64
4. -66

Generation 156
0. -50
1. -58
2. -59
3. -60
4. -61

Generation 157
0. -41
1. -47
2. -51
3. -52
4. -53

Generation 158
0. -31
1. -44
2. -48
3. -51
4. -57

Generation 159
0. -48
1. -50
2. -54
3. -56
4. -58

Generation 160
0. -35
1. -43
2. -49
3. -50
4. -58

Generation 161
0. -34
1. -44
2. -45
3. -51
4. -55

Generation 162
0. -36
1. -43
2. -51
3. -52
4. -53

Generation 163
0. -21
1. -39
2. -42
3. -46
4. -47

Generation 164
0. -22
1. -28
2. -42
3. -43
4. -44

Generation 165
0. -22
1. -32
2. -40
3. -43
4. -48

Generation 166
0. -35
1. -40
2. -45
3. -47
4. -52

Generation 167
0. -48
1. -49
2. -51
3. -52
4. -54

Generation 168
0. -39
1. -44
2. -51
3. -51
4. -53

Generation 169
0. -38
1. -43
2. -44
3. -51
4. -53

Generation 170
0. -43
1. -44
2. -50
3. -53
4. -59

Generation 171
0. -27
1. -45
2. -53
3. -56
4. -60

Generation 172
0. -23
1. -47
2. -56
3. -57
4. -61

Generation 173
0. -28
1. -36
2. -47
3. -54
4. -54

Generation 174
0. -41
1. -42
2. -45
3. -51
4. -60

Generation 175
0. -31
1. -36
2. -38
3. -46
4. -49

Generation 176
0. -39
1. -56
2. -57
3. -60
4. -61

Generation 177
0. -15
1. -19
2. -40
3. -45
4. -45

Generation 178
0. -13
1. -38
2. -44
3. -47
4. -55

Generation 179
0. 0
1. -43
2. -48
3. -50
4. -54

Generation 180
0. -26
1. -27
2. -47
3. -49
4. -52

Generation 181
0. -30
1. -32
2. -44
3. -46
4. -46

Generation 182
0. -12
1. -18
2. -43
3. -54
4. -55

Generation 183
0. -15
1. -16
2. -22
3. -22
4. -40

Generation 184
0. -35
1. -39
2. -42
3. -51
4. -51

Generation 185
0. -17
1. -35
2. -37
3. -39
4. -43

Generation 186
0. -27
1. -40
2. -53
3. -54
4. -60

Generation 187
0. -18
1. -33
2. -38
3. -41
4. -54

Generation 188
0. -36
1. -38
2. -42
3. -43
4. -47

Generation 189
0. -25
1. -30
2. -43
3. -43
4. -44

Generation 190
0. -38
1. -39
2. -50
3. -52
4. -53

Generation 191
0. -42
1. -49
2. -52
3. -54
4. -54

Generation 192
0. -42
1. -48
2. -53
3. -57
4. -58

Generation 193
0. -19
1. -40
2. -40
3. -57
4. -58

Generation 194
0. -32
1. -48
2. -49
3. -52
4. -61

Generation 195
0. -35
1. -50
2. -52
3. -55
4. -57

Generation 196
0. -25
1. -37
2. -48
3. -50
4. -51

Generation 197
0. -13
1. -46
2. -47
3. -49
4. -51

Generation 198
0. -14
1. -36
2. -45
3. -50
4. -58

Generation 199
0. -31
1. -42
2. -43
3. -55
4. -55

Generation 200
0. -21
1. -24
2. -47
3. -53
4. -56

Generation 201
0. -5
1. -17
2. -45
3. -48
4. -55

Generation 202
0. -29
1. -38
2. -41
3. -42
4. -51

Generation 203
0. -36
1. -46
2. -50
3. -54
4. -57

Generation 204
0. -34
1. -48
2. -51
3. -53
4. -54

Generation 205
0. -44
1. -48
2. -53
3. -54
4. -55

Generation 206
0. -52
1. -58
2. -58
3. -58
4. -61

Generation 207
0. -31
1. -40
2. -53
3. -54
4. -55

Generation 208
0. -16
1. -25
2. -52
3. -53
4. -58

Generation 209
0. -19
1. -23
2. -27
3. -37
4. -37

Generation 210
0. -41
1. -45
2. -51
3. -54
4. -55

Generation 211
0. -40
1. -49
2. -50
3. -51
4. -59

Generation 212
0. -39
1. -39
2. -48
3. -49
4. -51

Generation 213
0. -35
1. -56
2. -57
3. -62
4. -63

Generation 214
0. -36
1. -39
2. -55
3. -57
4. -59

Generation 215
0. -24
1. -39
2. -42
3. -46
4. -49

Generation 216
0. -44
1. -50
2. -54
3. -55
4. -57

Generation 217
0. -45
1. -52
2. -56
3. -57
4. -58

Generation 218
0. -47
1. -50
2. -50
3. -53
4. -55

Generation 219
0. -41
1. -42
2. -43
3. -44
4. -44

Generation 220
0. -35
1. -42
2. -52
3. -54
4. -54

Generation 221
0. -51
1. -54
2. -54
3. -55
4. -56

Generation 222
0. -38
1. -39
2. -42
3. -49
4. -52

Generation 223
0. -18
1. -37
2. -59
3. -60
4. -62

Generation 224
0. -31
1. -48
2. -48
3. -50
4. -59

Generation 225
0. -28
1. -43
2. -49
3. -51
4. -55

Generation 226
0. -25
1. -40
2. -54
3. -56
4. -59

Generation 227
0. -44
1. -56
2. -57
3. -58
4. -59

Generation 228
0. -12
1. -33
2. -41
3. -44
4. -52

Generation 229
0. -41
1. -47
2. -55
3. -58
4. -58

Generation 230
0. -6
1. -44
2. -53
3. -54
4. -56

Generation 231
0. -43
1. -55
2. -57
3. -57
4. -57

Generation 232
0. -45
1. -49
2. -51
3. -54
4. -57

Generation 233
0. -27
1. -38
2. -49
3. -52
4. -56

Generation 234
0. -38
1. -43
2. -45
3. -47
4. -59

Generation 235
0. -44
1. -52
2. -54
3. -56
4. -56

Generation 236
0. -26
1. -32
2. -39
3. -39
4. -50

Generation 237
0. -38
1. -40
2. -42
3. -44
4. -52

Generation 238
0. -25
1. -50
2. -52
3. -53
4. -56

Generation 239
0. -34
1. -34
2. -38
3. -51
4. -51

Generation 240
0. -16
1. -27
2. -38
3. -49
4. -52

Generation 241
0. -29
1. -30
2. -30
3. -47
4. -55

Generation 242
0. -25
1. -32
2. -47
3. -50
4. -51

Generation 243
0. -21
1. -22
2. -26
3. -29
4. -35

Generation 244
0. -19
1. -32
2. -41
3. -45
4. -49

Generation 245
0. -27
1. -36
2. -37
3. -43
4. -44

Generation 246
0. -32
1. -40
2. -48
3. -50
4. -53

Generation 247
0. -37
1. -43
2. -47
3. -48
4. -48

Generation 248
0. -49
1. -49
2. -53
3. -56
4. -57

Generation 249
0. -39
1. -41
2. -45
3. -53
4. -54

Generation 250
0. -43
1. -43
2. -45
3. -50
4. -54

Generation 251
0. -37
1. -48
2. -49
3. -52
4. -53

Generation 252
0. -56
1. -57
2. -57
3. -57
4. -60

Generation 253
0. -53
1. -54
2. -55
3. -58
4. -61

Generation 254
0. -60
1. -60
2. -61
3. -62
4. -63

Generation 255
0. -18
1. -44
2. -45
3. -49
4. -51

Generation 256
0. -22
1. -35
2. -48
3. -49
4. -55

Generation 257
0. -30
1. -41
2. -43
3. -52
4. -53

Generation 258
0. -34
1. -54
2. -55
3. -57
4. -57

Generation 259
0. -34
1. -43
2. -48
3. -49
4. -55

Generation 260
0. -27
1. -27
2. -50
3. -51
4. -52

Generation 261
0. -42
1. -49
2. -49
3. -50
4. -53

Generation 262
0. -46
1. -51
2. -52
3. -63
4. -63

Generation 263
0. -44
1. -57
2. -59
3. -61
4. -63

Generation 264
0. -34
1. -38
2. -41
3. -41
4. -57

Generation 265
0. -14
1. -23
2. -42
3. -42
4. -47

Generation 266
0. -20
1. -34
2. -36
3. -47
4. -51

Generation 267
0. -13
1. -28
2. -43
3. -44
4. -65

Generation 268
0. -4
1. -9
2. -25
3. -35
4. -51

Generation 269
0. -11
1. -19
2. -28
3. -38
4. -40

Generation 270
0. -8
1. -24
2. -25
3. -38
4. -47

Generation 271
0. -21
1. -27
2. -30
3. -43
4. -46

Generation 272
0. -3
1. -15
2. -23
3. -24
4. -34

Generation 273
0. -18
1. -24
2. -26
3. -39
4. -41

Generation 274
0. -41
1. -48
2. -48
3. -51
4. -51

Generation 275
0. -42
1. -43
2. -51
3. -51
4. -51

Generation 276
0. -21
1. -26
2. -36
3. -40
4. -42

Generation 277
0. -22
1. -44
2. -45
3. -50
4. -52

Generation 278
0. -9
1. -31
2. -33
3. -41
4. -42

Generation 279
0. -25
1. -32
2. -34
3. -35
4. -38

Generation 280
0. -8
1. -24
2. -46
3. -49
4. -49

Generation 281
0. 8
1. -32
2. -45
3. -55
4. -55

Generation 282
0. -22
1. -26
2. -40
3. -45
4. -54

Generation 283
0. -23
1. -29
2. -35
3. -45
4. -49

Generation 284
0. -27
1. -35
2. -43
3. -43
4. -49

Generation 285
0. -30
1. -37
2. -44
3. -48
4. -48

Generation 286
0. -21
1. -37
2. -46
3. -48
4. -50

Generation 287
0. -32
1. -42
2. -45
3. -46
4. -47

Generation 288
0. -9
1. -35
2. -35
3. -39
4. -41

Generation 289
0. -38
1. -46
2. -48
3. -49
4. -51

Generation 290
0. -14
1. -37
2. -40
3. -49
4. -53

Generation 291
0. -37
1. -48
2. -50
3. -51
4. -52

Generation 292
0. -40
1. -45
2. -46
3. -47
4. -55

Generation 293
0. -49
1. -51
2. -52
3. -54
4. -57

Generation 294
0. -44
1. -49
2. -52
3. -53
4. -54

Generation 295
0. -30
1. -40
2. -48
3. -49
4. -58

Generation 296
0. -18
1. -35
2. -40
3. -45
4. -51

Generation 297
0. -25
1. -37
2. -43
3. -47
4. -50

Generation 298
0. -33
1. -40
2. -51
3. -51
4. -51

Generation 299
0. -30
1. -44
2. -45
3. -49
4. -52

Generation 300
0. -36
1. -36
2. -48
3. -48
4. -55

Generation 301
0. -29
1. -38
2. -44
3. -46
4. -47

Generation 302
0. -20
1. -42
2. -42
3. -43
4. -44

Generation 303
0. -32
1. -33
2. -41
3. -44
4. -45

Generation 304
0. -43
1. -47
2. -48
3. -50
4. -55

Generation 305
0. -35
1. -52
2. -54
3. -58
4. -58

Generation 306
0. -15
1. -39
2. -54
3. -63
4. -63

Generation 307
0. -38
1. -38
2. -54
3. -55
4. -58

Generation 308
0. -21
1. -37
2. -46
3. -48
4. -56

Generation 309
0. -17
1. -36
2. -45
3. -45
4. -45

Generation 310
0. -42
1. -43
2. -44
3. -47
4. -52

Generation 311
0. -30
1. -37
2. -37
3. -47
4. -49

Generation 312
0. -31
1. -40
2. -53
3. -53
4. -58

Generation 313
0. -39
1. -54
2. -57
3. -58
4. -61

Generation 314
0. -17
1. -32
2. -41
3. -54
4. -55

Generation 315
0. -42
1. -48
2. -53
3. -55
4. -56

Generation 316
0. -43
1. -47
2. -49
3. -49
4. -53

Generation 317
0. -55
1. -55
2. -55
3. -59
4. -60

Generation 318
0. -35
1. -38
2. -51
3. -52
4. -52

Generation 319
0. -31
1. -37
2. -38
3. -50
4. -55

Generation 320
0. 10
1. -39
2. -39
3. -49
4. -50

Generation 321
0. -40
1. -47
2. -51
3. -52
4. -52

Generation 322
0. -47
1. -50
2. -50
3. -51
4. -52

Generation 323
0. -16
1. -32
2. -43
3. -46
4. -48

Generation 324
0. -10
1. -29
2. -36
3. -40
4. -47

Generation 325
0. -18
1. -43
2. -47
3. -52
4. -56

Generation 326
0. -12
1. -23
2. -34
3. -40
4. -49

Generation 327
0. -32
1. -35
2. -39
3. -49
4. -50

Generation 328
0. -45
1. -47
2. -50
3. -52
4. -56

Generation 329
0. -21
1. -28
2. -47
3. -56
4. -60

Generation 330
0. -42
1. -43
2. -52
3. -53
4. -55

Generation 331
0. -40
1. -49
2. -58
3. -59
4. -59

Generation 332
0. -52
1. -59
2. -59
3. -60
4. -65

Generation 333
0. -42
1. -44
2. -52
3. -53
4. -58

Generation 334
0. -42
1. -50
2. -52
3. -53
4. -54

Generation 335
0. -39
1. -42
2. -50
3. -55
4. -57

Generation 336
0. -42
1. -51
2. -52
3. -55
4. -55

Generation 337
0. -46
1. -47
2. -57
3. -58
4. -58

Generation 338
0. -40
1. -41
2. -46
3. -46
4. -60

Generation 339
0. -53
1. -57
2. -58
3. -58
4. -58

Generation 340
0. -34
1. -43
2. -46
3. -46
4. -47

Generation 341
0. -36
1. -40
2. -44
3. -46
4. -48

Generation 342
0. -27
1. -38
2. -46
3. -51
4. -57

Generation 343
0. -14
1. -38
2. -44
3. -50
4. -54

Generation 344
0. -26
1. -37
2. -39
3. -44
4. -46

Generation 345
0. -34
1. -44
2. -46
3. -58
4. -60

Generation 346
0. -33
1. -38
2. -44
3. -52
4. -57

Generation 347
0. -33
1. -43
2. -55
3. -56
4. -57

Generation 348
0. -6
1. -46
2. -49
3. -51
4. -53

Generation 349
0. -39
1. -44
2. -48
3. -52
4. -55

Generation 350
0. -35
1. -53
2. -59
3. -64
4. -64

Generation 351
0. -45
1. -54
2. -61
3. -63
4. -65

Generation 352
0. -23
1. -27
2. -43
3. -52
4. -60

Generation 353
0. -23
1. -46
2. -48
3. -48
4. -54

Generation 354
0. -22
1. -33
2. -34
3. -43
4. -50

Generation 355
0. -24
1. -50
2. -50
3. -55
4. -56

Generation 356
0. -10
1. -35
2. -39
3. -46
4. -49

Generation 357
0. -14
1. -47
2. -49
3. -51
4. -52

Generation 358
0. -11
1. -15
2. -41
3. -48
4. -49

Generation 359
0. -23
1. -29
2. -44
3. -51
4. -55

Generation 360
0. -31
1. -42
2. -59
3. -63
4. -63

Generation 361
0. -49
1. -54
2. -58
3. -60
4. -64

Generation 362
0. -47
1. -55
2. -57
3. -61
4. -63

Generation 363
0. -36
1. -46
2. -58
3. -59
4. -60

Generation 364
0. -40
1. -56
2. -56
3. -57
4. -57

Generation 365
0. -21
1. -40
2. -46
3. -48
4. -51

Generation 366
0. -37
1. -47
2. -51
3. -58
4. -59

Generation 367
0. -45
1. -46
2. -46
3. -53
4. -55

Generation 368
0. -34
1. -46
2. -47
3. -48
4. -48

Generation 369
0. -44
1. -53
2. -54
3. -56
4. -58

Generation 370
0. -28
1. -40
2. -41
3. -47
4. -51

Generation 371
0. -30
1. -49
2. -50
3. -53
4. -57

Generation 372
0. -16
1. -30
2. -48
3. -53
4. -58

Generation 373
0. -43
1. -47
2. -53
3. -55
4. -56

Generation 374
0. -21
1. -27
2. -33
3. -49
4. -54

Generation 375
0. -20
1. -25
2. -32
3. -51
4. -56

Generation 376
0. -38
1. -47
2. -49
3. -54
4. -60

Generation 377
0. -21
1. -40
2. -53
3. -56
4. -58

Generation 378
0. -46
1. -48
2. -51
3. -53
4. -55

Generation 379
0. -39
1. -44
2. -57
3. -58
4. -60

Generation 380
0. -45
1. -48
2. -49
3. -50
4. -50

Generation 381
0. -30
1. -48
2. -52
3. -53
4. -54

Generation 382
0. -43
1. -44
2. -44
3. -44
4. -48

Generation 383
0. -46
1. -48
2. -48
3. -52
4. -53

Generation 384
0. -42
1. -45
2. -47
3. -50
4. -54

Generation 385
0. -34
1. -37
2. -51
3. -52
4. -56

Generation 386
0. -47
1. -51
2. -60
3. -61
4. -62

Generation 387
0. -38
1. -41
2. -50
3. -58
4. -62

Generation 388
0. -26
1. -43
2. -52
3. -56
4. -57

Generation 389
0. -19
1. -34
2. -44
3. -58
4. -59

Generation 390
0. -34
1. -36
2. -40
3. -41
4. -46

Generation 391
0. -41
1. -48
2. -51
3. -51
4. -52

Generation 392
0. -22
1. -41
2. -46
3. -55
4. -56

Generation 393
0. -35
1. -44
2. -56
3. -57
4. -57

Generation 394
0. 14
1. -30
2. -34
3. -36
4. -40

Generation 395
0. 8
1. -26
2. -40
3. -43
4. -49

Generation 396
0. -26
1. -42
2. -46
3. -48
4. -54

Generation 397
0. -24
1. -33
2. -41
3. -44
4. -47

Generation 398
0. -26
1. -33
2. -36
3. -43
4. -43

Generation 399
0. -24
1. -29
2. -30
3. -41
4. -46

Generation 400
0. -45
1. -46
2. -46
3. -52
4. -52

Generation 401
0. -31
1. -40
2. -43
3. -52
4. -54

Generation 402
0. -40
1. -48
2. -53
3. -53
4. -61

Generation 403
0. -28
1. -35
2. -37
3. -41
4. -42

Generation 404
0. -14
1. -24
2. -24
3. -25
4. -34

Generation 405
0. -32
1. -33
2. -37
3. -39
4. -43

Generation 406
0. -27
1. -41
2. -49
3. -51
4. -53

Generation 407
0. -26
1. -44
2. -45
3. -50
4. -51

Generation 408
0. -46
1. -48
2. -49
3. -49
4. -52

Generation 409
0. -37
1. -38
2. -39
3. -49
4. -50

Generation 410
0. -44
1. -52
2. -54
3. -57
4. -59

Generation 411
0. -41
1. -42
2. -46
3. -52
4. -53

Generation 412
0. -33
1. -40
2. -44
3. -47
4. -53

Generation 413
0. -39
1. -48
2. -49
3. -53
4. -53

Generation 414
0. -27
1. -37
2. -49
3. -50
4. -51

Generation 415
0. -45
1. -46
2. -46
3. -47
4. -52

Generation 416
0. -34
1. -41
2. -51
3. -58
4. -59

Generation 417
0. -43
1. -45
2. -53
3. -55
4. -55

Generation 418
0. -41
1. -44
2. -55
3. -56
4. -58

Generation 419
0. -25
1. -29
2. -39
3. -52
4. -57

Generation 420
0. -19
1. -43
2. -44
3. -45
4. -45

Generation 421
0. -13
1. -16
2. -25
3. -39
4. -40

Generation 422
0. -28
1. -29
2. -35
3. -38
4. -48

Generation 423
0. -36
1. -55
2. -56
3. -56
4. -57

Generation 424
0. -27
1. -28
2. -38
3. -39
4. -53

Generation 425
0. -38
1. -40
2. -41
3. -43
4. -46

Generation 426
0. -42
1. -48
2. -50
3. -52
4. -53

Generation 427
0. -51
1. -56
2. -60
3. -62
4. -64

Generation 428
0. -34
1. -53
2. -57
3. -58
4. -59

Generation 429
0. -52
1. -55
2. -55
3. -57
4. -61

Generation 430
0. -37
1. -38
2. -50
3. -53
4. -54

Generation 431
0. -55
1. -58
2. -60
3. -62
4. -62

Generation 432
0. -41
1. -43
2. -44
3. -47
4. -55

Generation 433
0. -42
1. -47
2. -51
3. -54
4. -55

Generation 434
0. -38
1. -40
2. -48
3. -49
4. -50

Generation 435
0. -34
1. -49
2. -50
3. -54
4. -54

Generation 436
0. -26
1. -44
2. -48
3. -52
4. -52

Generation 437
0. -38
1. -44
2. -49
3. -49
4. -50

Generation 438
0. -29
1. -46
2. -50
3. -50
4. -53

Generation 439
0. -36
1. -44
2. -45
3. -48
4. -57

Generation 440
0. -31
1. -32
2. -36
3. -47
4. -49

Generation 441
0. 12
1. -27
2. -38
3. -44
4. -47

Generation 442
0. 12
1. -25
2. -42
3. -48
4. -50

Generation 443
0. -21
1. -38
2. -40
3. -49
4. -53

Generation 444
0. -20
1. -33
2. -43
3. -46
4. -48

Generation 445
0. -29
1. -32
2. -37
3. -38
4. -44

Generation 446
0. -42
1. -47
2. -51
3. -54
4. -55

Generation 447
0. -38
1. -45
2. -46
3. -57
4. -58

Generation 448
0. -47
1. -48
2. -49
3. -50
4. -51

Generation 449
0. -44
1. -47
2. -51
3. -57
4. -61

Generation 450
0. -45
1. -49
2. -59
3. -59
4. -60

Generation 451
0. -46
1. -51
2. -58
3. -59
4. -61

Generation 452
0. -18
1. -54
2. -55
3. -57
4. -61

Generation 453
0. -30
1. -54
2. -56
3. -56
4. -57

Generation 454
0. -27
1. -35
2. -46
3. -48
4. -50

Generation 455
0. -33
1. -40
2. -53
3. -53
4. -54

Generation 456
0. -33
1. -47
2. -54
3. -55
4. -58

Generation 457
0. -21
1. -23
2. -53
3. -55
4. -58

Generation 458
0. -33
1. -39
2. -48
3. -48
4. -48

Generation 459
0. -22
1. -48
2. -51
3. -53
4. -53

Generation 460
0. -39
1. -44
2. -52
3. -54
4. -54

Generation 461
0. -19
1. -40
2. -48
3. -48
4. -53

Generation 462
0. -24
1. -48
2. -53
3. -54
4. -55

Generation 463
0. -20
1. -40
2. -52
3. -53
4. -54

Generation 464
0. -25
1. -45
2. -49
3. -52
4. -57

Generation 465
0. -17
1. -33
2. -46
3. -52
4. -54

Generation 466
0. -28
1. -42
2. -49
3. -50
4. -51

Generation 467
0. -27
1. -28
2. -41
3. -47
4. -47

Generation 468
0. -6
1. -32
2. -32
3. -47
4. -49

Generation 469
0. -39
1. -41
2. -44
3. -47
4. -52

Generation 470
0. -36
1. -37
2. -48
3. -50
4. -51

Generation 471
0. -31
1. -50
2. -51
3. -54
4. -56

Generation 472
0. -40
1. -43
2. -45
3. -50
4. -58

Generation 473
0. -30
1. -47
2. -49
3. -52
4. -53

Generation 474
0. -39
1. -43
2. -44
3. -47
4. -48

Generation 475
0. -43
1. -45
2. -49
3. -50
4. -51

Generation 476
0. 0
1. -24
2. -36
3. -49
4. -53

Generation 477
0. -12
1. -15
2. -36
3. -43
4. -46

Generation 478
0. -20
1. -47
2. -53
3. -54
4. -54

Generation 479
0. -16
1. -35
2. -37
3. -40
4. -42

Generation 480
0. -25
1. -37
2. -42
3. -51
4. -59

Generation 481
0. -27
1. -36
2. -51
3. -55
4. -58

Generation 482
0. -12
1. -33
2. -35
3. -39
4. -52

Generation 483
0. -30
1. -36
2. -37
3. -47
4. -49

Generation 484
0. -43
1. -44
2. -48
3. -49
4. -49

Generation 485
0. -37
1. -43
2. -45
3. -46
4. -49

Generation 486
0. -28
1. -40
2. -41
3. -44
4. -51

Generation 487
0. -33
1. -34
2. -34
3. -40
4. -42

Generation 488
0. -4
1. -14
2. -40
3. -43
4. -49

Generation 489
0. -4
1. -33
2. -35
3. -42
4. -54

Generation 490
0. -16
1. -47
2. -47
3. -53
4. -53

Generation 491
0. -19
1. -38
2. -40
3. -49
4. -56

Generation 492
0. -23
1. -25
2. -31
3. -45
4. -48

Generation 493
0. -28
1. -38
2. -44
3. -51
4. -52

Generation 494
0. -5
1. -33
2. -35
3. -39
4. -41

Generation 495
0. -36
1. -39
2. -40
3. -47
4. -54

Generation 496
0. -30
1. -39
2. -45
3. -48
4. -51

Generation 497
0. -23
1. -33
2. -39
3. -43
4. -45

Generation 498
0. -34
1. -44
2. -47
3. -47
4. -49

Generation 499
0. -12
1. -41
2. -41
3. -46
4. -48

Generation 500
0. 1
1. -34
2. -46
3. -48
4. -50

Generation 501
0. -16
1. -27
2. -48
3. -50
4. -53

Generation 502
0. -15
1. -33
2. -40
3. -59
4. -60

Generation 503
0. -14
1. -45
2. -45
3. -49
4. -49

Generation 504
0. -37
1. -43
2. -47
3. -48
4. -52

Generation 505
0. -18
1. -42
2. -46
3. -49
4. -54

Generation 506
0. -36
1. -44
2. -53
3. -55
4. -58

Generation 507
0. -45
1. -49
2. -53
3. -55
4. -62

Generation 508
0. -38
1. -41
2. -45
3. -49
4. -49

Generation 509
0. -41
1. -46
2. -46
3. -47
4. -49

Generation 510
0. -37
1. -43
2. -45
3. -50
4. -51

Generation 511
0. -30
1. -42
2. -42
3. -42
4. -49

Generation 512
0. -26
1. -40
2. -41
3. -43
4. -50

Generation 513
0. -29
1. -42
2. -47
3. -49
4. -50

Generation 514
0. -2
1. -20
2. -24
3. -36
4. -39

Generation 515
0. -17
1. -21
2. -45
3. -51
4. -52

Generation 516
0. -19
1. -25
2. -41
3. -46
4. -52

Generation 517
0. -12
1. -23
2. -45
3. -52
4. -53

Generation 518
0. -15
1. -30
2. -33
3. -43
4. -44

Generation 519
0. -12
1. -30
2. -37
3. -41
4. -41

Generation 520
0. -24
1. -35
2. -41
3. -43
4. -47

Generation 521
0. -37
1. -49
2. -52
3. -57
4. -59

Generation 522
0. -35
1. -39
2. -43
3. -47
4. -47

Generation 523
0. -16
1. -29
2. -37
3. -42
4. -56

Generation 524
0. -29
1. -40
2. -44
3. -51
4. -56

Generation 525
0. -20
1. -29
2. -41
3. -42
4. -49

Generation 526
0. -38
1. -39
2. -43
3. -46
4. -49

Generation 527
0. -27
1. -38
2. -43
3. -46
4. -47

Generation 528
0. -26
1. -41
2. -41
3. -52
4. -53

Generation 529
0. -37
1. -43
2. -55
3. -56
4. -60

Generation 530
0. -32
1. -36
2. -46
3. -58
4. -59

Generation 531
0. -26
1. -35
2. -49
3. -52
4. -54

Generation 532
0. -39
1. -42
2. -43
3. -47
4. -52

Generation 533
0. -54
1. -56
2. -57
3. -58
4. -58

Generation 534
0. -45
1. -49
2. -53
3. -55
4. -57

Generation 535
0. -30
1. -39
2. -48
3. -51
4. -52

Generation 536
0. -34
1. -35
2. -40
3. -51
4. -52

Generation 537
0. -38
1. -45
2. -49
3. -52
4. -53

Generation 538
0. -42
1. -47
2. -52
3. -52
4. -53

Generation 539
0. -20
1. -28
2. -43
3. -46
4. -48

Generation 540
0. -27
1. -33
2. -40
3. -50
4. -51

Generation 541
0. -48
1. -51
2. -52
3. -52
4. -56

Generation 542
0. -30
1. -35
2. -37
3. -55
4. -57

Generation 543
0. -26
1. -36
2. -36
3. -46
4. -47

Generation 544
0. -21
1. -26
2. -30
3. -49
4. -49

Generation 545
0. -31
1. -38
2. -42
3. -56
4. -59

Generation 546
0. -37
1. -47
2. -52
3. -53
4. -59

Generation 547
0. -34
1. -44
2. -47
3. -49
4. -61

Generation 548
0. -32
1. -42
2. -52
3. -53
4. -55

Generation 549
0. -29
1. -34
2. -35
3. -45
4. -49

Generation 550
0. -29
1. -33
2. -36
3. -42
4. -43

Generation 551
0. -20
1. -22
2. -49
3. -50
4. -50

Generation 552
0. -24
1. -35
2. -43
3. -44
4. -51

Generation 553
0. -29
1. -33
2. -34
3. -39
4. -49

Generation 554
0. -26
1. -39
2. -41
3. -42
4. -46

Generation 555
0. -6
1. -9
2. -30
3. -33
4. -42

Generation 556
0. -24
1. -25
2. -28
3. -29
4. -34

Generation 557
0. -13
1. -44
2. -44
3. -48
4. -49

Generation 558
0. -7
1. -21
2. -45
3. -48
4. -52

Generation 559
0. -36
1. -37
2. -43
3. -55
4. -56

Generation 560
0. -21
1. -36
2. -37
3. -50
4. -51

Generation 561
0. -32
1. -45
2. -48
3. -53
4. -55

Generation 562
0. -29
1. -52
2. -54
3. -57
4. -59

Generation 563
0. -30
1. -42
2. -42
3. -53
4. -53

Generation 564
0. -30
1. -31
2. -32
3. -44
4. -47

Generation 565
0. -23
1. -35
2. -35
3. -40
4. -63

Generation 566
0. -36
1. -43
2. -44
3. -53
4. -57

Generation 567
0. -20
1. -40
2. -44
3. -45
4. -50

Generation 568
0. -15
1. -23
2. -42
3. -50
4. -52

Generation 569
0. -30
1. -32
2. -40
3. -43
4. -43

Generation 570
0. -36
1. -46
2. -48
3. -53
4. -56

Generation 571
0. -19
1. -33
2. -38
3. -42
4. -45

Generation 572
0. -33
1. -39
2. -48
3. -48
4. -51

Generation 573
0. -20
1. -24
2. -45
3. -51
4. -58

Generation 574
0. -46
1. -50
2. -50
3. -54
4. -54

Generation 575
0. -33
1. -49
2. -56
3. -57
4. -58

Generation 576
0. -24
1. -54
2. -55
3. -55
4. -63

Generation 577
0. -49
1. -53
2. -56
3. -57
4. -61

Generation 578
0. -30
1. -46
2. -50
3. -56
4. -58

Generation 579
0. -30
1. -54
2. -56
3. -60
4. -64

Generation 580
0. -47
1. -51
2. -55
3. -59
4. -59

Generation 581
0. -51
1. -55
2. -55
3. -58
4. -59

Generation 582
0. -23
1. -43
2. -43
3. -47
4. -51

Generation 583
0. -6
1. -37
2. -48
3. -55
4. -56

Generation 584
0. -14
1. -30
2. -38
3. -51
4. -54

Generation 585
0. -27
1. -46
2. -50
3. -56
4. -59

Generation 586
0. -26
1. -39
2. -44
3. -51
4. -51

Generation 587
0. -42
1. -49
2. -55
3. -57
4. -57

Generation 588
0. -44
1. -45
2. -50
3. -51
4. -55

Generation 589
0. -31
1. -34
2. -48
3. -48
4. -49

Generation 590
0. -41
1. -42
2. -48
3. -49
4. -49

Generation 591
0. -45
1. -46
2. -52
3. -52
4. -53

Generation 592
0. -45
1. -52
2. -56
3. -56
4. -60

Generation 593
0. -38
1. -39
2. -40
3. -46
4. -46

Generation 594
0. -47
1. -48
2. -54
3. -55
4. -58

Generation 595
0. -27
1. -39
2. -50
3. -57
4. -61

Generation 596
0. -39
1. -43
2. -46
3. -47
4. -53

Generation 597
0. -41
1. -44
2. -45
3. -46
4. -53

Generation 598
0. -46
1. -50
2. -54
3. -59
4. -63

Generation 599
0. -43
1. -51
2. -59
3. -62
4. -65

Generation 600
0. -49
1. -52
2. -55
3. -55
4. -61

Generation 601
0. -45
1. -47
2. -50
3. -52
4. -53

Generation 602
0. -39
1. -44
2. -45
3. -49
4. -53

Generation 603
0. -39
1. -42
2. -47
3. -50
4. -57

Generation 604
0. -45
1. -52
2. -55
3. -56
4. -56

Generation 605
0. -51
1. -57
2. -57
3. -59
4. -61

Generation 606
0. -42
1. -46
2. -48
3. -49
4. -49

Generation 607
0. -17
1. -29
2. -35
3. -37
4. -41

Generation 608
0. -15
1. -24
2. -39
3. -40
4. -46

Generation 609
0. -36
1. -41
2. -47
3. -49
4. -52

Generation 610
0. -52
1. -54
2. -60
3. -64
4. -64

Generation 611
0. -28
1. -43
2. -59
3. -60
4. -62

Generation 612
0. -21
1. -31
2. -43
3. -45
4. -46

Generation 613
0. -17
1. -41
2. -51
3. -51
4. -57

Generation 614
0. -26
1. -31
2. -43
3. -45
4. -57

Generation 615
0. -29
1. -37
2. -56
3. -56
4. -58

Generation 616
0. -30
1. -38
2. -40
3. -45
4. -52

Generation 617
0. -18
1. -33
2. -33
3. -36
4. -42

Generation 618
0. -12
1. -38
2. -39
3. -42
4. -45

Generation 619
0. -21
1. -32
2. -40
3. -48
4. -53

Generation 620
0. -21
1. -30
2. -36
3. -41
4. -46

Generation 621
0. -28
1. -37
2. -38
3. -39
4. -42

Generation 622
0. -34
1. -41
2. -46
3. -50
4. -51

Generation 623
0. -14
1. -40
2. -43
3. -48
4. -49

Generation 624
0. -30
1. -46
2. -46
3. -49
4. -51

Generation 625
0. -28
1. -37
2. -39
3. -46
4. -48

Generation 626
0. -24
1. -43
2. -50
3. -55
4. -56

Generation 627
0. -2
1. -22
2. -23
3. -50
4. -56

Generation 628
0. -18
1. -20
2. -23
3. -27
4. -36

Generation 629
0. -8
1. -24
2. -26
3. -27
4. -42

Generation 630
0. -23
1. -36
2. -41
3. -43
4. -53

Generation 631
0. -14
1. -38
2. -51
3. -51
4. -54

Generation 632
0. -40
1. -46
2. -47
3. -53
4. -55

Generation 633
0. -23
1. -34
2. -49
3. -50
4. -50

Generation 634
0. -30
1. -35
2. -38
3. -39
4. -40

Generation 635
0. -27
1. -41
2. -56
3. -57
4. -58

Generation 636
0. -16
1. -24
2. -29
3. -47
4. -54

Generation 637
0. -27
1. -27
2. -35
3. -40
4. -43

Generation 638
0. -11
1. -21
2. -33
3. -35
4. -35

Generation 639
0. 18
1. -38
2. -40
3. -41
4. -42

Generation 640
0. -6
1. -26
2. -28
3. -29
4. -45

Generation 641
0. -19
1. -29
2. -43
3. -43
4. -45

Generation 642
0. -31
1. -43
2. -44
3. -46
4. -50

Generation 643
0. -32
1. -40
2. -44
3. -49
4. -51

Generation 644
0. -26
1. -31
2. -36
3. -49
4. -49

Generation 645
0. -32
1. -36
2. -44
3. -49
4. -50

Generation 646
0. -16
1. -20
2. -26
3. -26
4. -41

Generation 647
0. -25
1. -28
2. -29
3. -29
4. -35

Generation 648
0. -27
1. -34
2. -35
3. -39
4. -45

Generation 649
0. -9
1. -32
2. -35
3. -36
4. -40

Generation 650
0. -20
1. -32
2. -39
3. -49
4. -53

Generation 651
0. -14
1. -22
2. -33
3. -37
4. -43

Generation 652
0. -11
1. -18
2. -19
3. -30
4. -35

Generation 653
0. -19
1. -27
2. -27
3. -37
4. -39

Generation 654
0. -38
1. -42
2. -42
3. -42
4. -42

Generation 655
0. -31
1. -34
2. -36
3. -36
4. -37

Generation 656
0. -41
1. -43
2. -45
3. -53
4. -58

Generation 657
0. -11
1. -33
2. -33
3. -39
4. -46

Generation 658
0. -34
1. -38
2. -45
3. -48
4. -49

Generation 659
0. -44
1. -45
2. -50
3. -52
4. -57

Generation 660
0. -15
1. -43
2. -47
3. -47
4. -51

Generation 661
0. -42
1. -46
2. -47
3. -47
4. -50

Generation 662
0. -33
1. -39
2. -39
3. -48
4. -54

Generation 663
0. -37
1. -44
2. -52
3. -54
4. -56

Generation 664
0. -53
1. -57
2. -58
3. -62
4. -63

Generation 665
0. -30
1. -42
2. -53
3. -59
4. -60

Generation 666
0. -34
1. -41
2. -44
3. -44
4. -49

Generation 667
0. -34
1. -40
2. -47
3. -54
4. -55

Generation 668
0. -43
1. -46
2. -49
3. -51
4. -53

Generation 669
0. -29
1. -33
2. -43
3. -50
4. -51

Generation 670
0. -32
1. -47
2. -49
3. -49
4. -49

Generation 671
0. -46
1. -48
2. -50
3. -54
4. -57

Generation 672
0. -31
1. -35
2. -43
3. -48
4. -49

Generation 673
0. -17
1. -35
2. -45
3. -50
4. -52

Generation 674
0. -47
1. -49
2. -49
3. -50
4. -50

Generation 675
0. -37
1. -43
2. -44
3. -45
4. -48

Generation 676
0. -39
1. -40
2. -42
3. -44
4. -47

Generation 677
0. 4
1. -19
2. -27
3. -40
4. -42

Generation 678
0. -11
1. -24
2. -26
3. -27
4. -42

Generation 679
0. 2
1. -22
2. -25
3. -29
4. -33

Generation 680
0. -10
1. -21
2. -33
3. -39
4. -42

Generation 681
0. -23
1. -28
2. -40
3. -42
4. -44

Generation 682
0. -26
1. -26
2. -32
3. -37
4. -39

Generation 683
0. -16
1. -43
2. -50
3. -51
4. -54

Generation 684
0. -11
1. -30
2. -35
3. -40
4. -47

Generation 685
0. -30
1. -34
2. -41
3. -48
4. -55

Generation 686
0. -33
1. -37
2. -40
3. -40
4. -45

Generation 687
0. -16
1. -34
2. -42
3. -49
4. -50

Generation 688
0. -27
1. -38
2. -41
3. -46
4. -47

Generation 689
0. -26
1. -33
2. -34
3. -37
4. -38

Generation 690
0. -22
1. -26
2. -39
3. -49
4. -51

Generation 691
0. -12
1. -30
2. -32
3. -34
4. -35

Generation 692
0. -33
1. -39
2. -39
3. -45
4. -46

Generation 693
0. -43
1. -45
2. -45
3. -53
4. -53

Generation 694
0. -16
1. -35
2. -40
3. -42
4. -44

Generation 695
0. -32
1. -36
2. -36
3. -38
4. -39

Generation 696
0. -48
1. -48
2. -50
3. -53
4. -53

Generation 697
0. -9
1. -24
2. -32
3. -34
4. -48

Generation 698
0. -31
1. -33
2. -46
3. -49
4. -49

Generation 699
0. -30
1. -47
2. -48
3. -48
4. -50

Generation 700
0. -37
1. -39
2. -42
3. -43
4. -44

Generation 701
0. -15
1. -34
2. -41
3. -43
4. -47

Generation 702
0. -13
1. -43
2. -45
3. -47
4. -54

Generation 703
0. -42
1. -44
2. -46
3. -53
4. -55

Generation 704
0. -34
1. -37
2. -45
3. -46
4. -58

Generation 705
0. -25
1. -40
2. -43
3. -45
4. -46

Generation 706
0. -28
1. -38
2. -42
3. -45
4. -53

Generation 707
0. -5
1. -35
2. -37
3. -41
4. -48

Generation 708
0. -29
1. -30
2. -37
3. -44
4. -46

Generation 709
0. -30
1. -35
2. -39
3. -42
4. -44

Generation 710
0. -27
1. -31
2. -32
3. -44
4. -45

Generation 711
0. -15
1. -22
2. -42
3. -46
4. -53

Generation 712
0. -19
1. -41
2. -42
3. -48
4. -53

Generation 713
0. -24
1. -45
2. -52
3. -52
4. -54

Generation 714
0. -27
1. -38
2. -40
3. -41
4. -43

Generation 715
0. -31
1. -42
2. -50
3. -53
4. -54

Generation 716
0. -32
1. -45
2. -47
3. -49
4. -56

Generation 717
0. -42
1. -51
2. -52
3. -54
4. -57

Generation 718
0. 8
1. -36
2. -42
3. -45
4. -56

Generation 719
0. 0
1. -7
2. -35
3. -36
4. -50

Generation 720
0. 0
1. -5
2. -29
3. -35
4. -41

Generation 721
0. -14
1. -25
2. -32
3. -32
4. -36

Generation 722
0. -16
1. -26
2. -28
3. -31
4. -44

Generation 723
0. -26
1. -28
2. -33
3. -36
4. -37

Generation 724
0. -33
1. -36
2. -36
3. -43
4. -43

Generation 725
0. -26
1. -27
2. -48
3. -49
4. -53

Generation 726
0. -25
1. -35
2. -35
3. -42
4. -46

Generation 727
0. -31
1. -31
2. -37
3. -41
4. -46

Generation 728
0. -8
1. -38
2. -39
3. -43
4. -46

Generation 729
0. 2
1. -36
2. -43
3. -44
4. -48

Generation 730
0. -13
1. -29
2. -30
3. -36
4. -41

Generation 731
0. -33
1. -36
2. -38
3. -42
4. -54

Generation 732
0. -28
1. -42
2. -46
3. -49
4. -56

Generation 733
0. -23
1. -30
2. -38
3. -40
4. -41

Generation 734
0. -21
1. -22
2. -34
3. -38
4. -42

Generation 735
0. -14
1. -14
2. -36
3. -49
4. -52

Generation 736
0. -14
1. -32
2. -36
3. -38
4. -41

Generation 737
0. -23
1. -24
2. -30
3. -35
4. -46

Generation 738
0. -29
1. -31
2. -43
3. -49
4. -49

Generation 739
0. -25
1. -39
2. -40
3. -43
4. -46

Generation 740
0. -30
1. -31
2. -45
3. -51
4. -53

Generation 741
0. -33
1. -35
2. -36
3. -38
4. -49

Generation 742
0. -25
1. -42
2. -46
3. -59
4. -61

Generation 743
0. -33
1. -41
2. -52
3. -53
4. -56

Generation 744
0. -36
1. -40
2. -40
3. -42
4. -47

Generation 745
0. -47
1. -50
2. -50
3. -53
4. -56

Generation 746
0. -39
1. -47
2. -51
3. -53
4. -53

Generation 747
0. -35
1. -37
2. -48
3. -49
4. -51

Generation 748
0. -35
1. -37
2. -37
3. -40
4. -44

Generation 749
0. -23
1. -26
2. -30
3. -38
4. -45

Generation 750
0. -27
1. -32
2. -36
3. -37
4. -50

Generation 751
0. -38
1. -40
2. -46
3. -48
4. -55

Generation 752
0. -35
1. -41
2. -44
3. -46
4. -50

Generation 753
0. -15
1. -29
2. -31
3. -33
4. -35

Generation 754
0. -32
1. -36
2. -37
3. -39
4. -46

Generation 755
0. -29
1. -30
2. -30
3. -31
4. -38

Generation 756
0. -1
1. -7
2. -12
3. -24
4. -37

Generation 757
0. 0
1. -14
2. -28
3. -29
4. -45

Generation 758
0. -7
1. -20
2. -27
3. -42
4. -43

Generation 759
0. -31
1. -39
2. -46
3. -48
4. -51

Generation 760
0. -26
1. -47
2. -53
3. -56
4. -56

Generation 761
0. -11
1. -13
2. -28
3. -29
4. -30

Generation 762
0. -21
1. -31
2. -36
3. -39
4. -41

Generation 763
0. 16
1. -14
2. -23
3. -29
4. -39

Generation 764
0. 2
1. -20
2. -26
3. -32
4. -36

Generation 765
0. -14
1. -32
2. -39
3. -43
4. -43

Generation 766
0. -35
1. -44
2. -44
3. -47
4. -48

Generation 767
0. -11
1. -32
2. -48
3. -48
4. -51

Generation 768
0. -16
1. -41
2. -42
3. -50
4. -52

Generation 769
0. -23
1. -26
2. -34
3. -35
4. -38

Generation 770
0. 8
1. -6
2. -12
3. -16
4. -29

Generation 771
0. -1
1. -18
2. -18
3. -19
4. -25

Generation 772
0. 1
1. -8
2. -18
3. -23
4. -23

Generation 773
0. -21
1. -25
2. -25
3. -29
4. -35

Generation 774
0. -15
1. -17
2. -29
3. -33
4. -42

Generation 775
0. 9
1. -25
2. -31
3. -42
4. -44

Generation 776
0. -16
1. -16
2. -18
3. -31
4. -41

Generation 777
0. -24
1. -25
2. -30
3. -33
4. -39

Generation 778
0. 11
1. -35
2. -39
3. -43
4. -46

Generation 779
0. 16
1. -16
2. -31
3. -33
4. -38

Generation 780
0. 17
1. -9
2. -32
3. -44
4. -45

Generation 781
0. 2
1. -17
2. -30
3. -33
4. -35

Generation 782
0. -22
1. -30
2. -36
3. -40
4. -46

Generation 783
0. -31
1. -32
2. -32
3. -40
4. -45

Generation 784
0. -12
1. -19
2. -28
3. -32
4. -33

Generation 785
0. -15
1. -26
2. -29
3. -35
4. -38

Generation 786
0. -4
1. -29
2. -33
3. -35
4. -37

Generation 787
0. -11
1. -25
2. -35
3. -40
4. -41

Generation 788
0. -34
1. -35
2. -38
3. -42
4. -43

Generation 789
0. -33
1. -37
2. -43
3. -44
4. -48

Generation 790
0. -16
1. -17
2. -26
3. -30
4. -31

Generation 791
0. -11
1. -21
2. -22
3. -25
4. -26

Generation 792
0. 46
1. -15
2. -25
3. -26
4. -29

Generation 793
0. 11
1. -19
2. -23
3. -23
4. -27

Generation 794
0. -16
1. -28
2. -29
3. -37
4. -41

Generation 795
0. -9
1. -11
2. -20
3. -22
4. -36

Generation 796
0. -17
1. -34
2. -39
3. -41
4. -43

Generation 797
0. -22
1. -30
2. -36
3. -43
4. -43

Generation 798
0. -30
1. -33
2. -34
3. -36
4. -43

Generation 799
0. -42
1. -49
2. -51
3. -53
4. -54

Generation 800
0. -18
1. -38
2. -43
3. -45
4. -46

Generation 801
0. 34
1. 25
2. -30
3. -33
4. -34

Generation 802
0. -13
1. -14
2. -37
3. -42
4. -43

Generation 803
0. -28
1. -31
2. -32
3. -42
4. -44

Generation 804
0. -18
1. -20
2. -39
3. -39
4. -41

Generation 805
0. -16
1. -43
2. -44
3. -46
4. -47

Generation 806
0. -28
1. -42
2. -44
3. -47
4. -48

Generation 807
0. -41
1. -45
2. -46
3. -46
4. -50

Generation 808
0. -5
1. -32
2. -36
3. -50
4. -52

Generation 809
0. 3
1. -3
2. -33
3. -38
4. -41

Generation 810
0. 36
1. -12
2. -35
3. -37
4. -41

Generation 811
0. 14
1. 9
2. -1
3. -1
4. -37

Generation 812
0. 11
1. 9
2. -20
3. -22
4. -23

Generation 813
0. 14
1. 12
2. 9
3. 2
4. -31

Generation 814
0. -22
1. -24
2. -26
3. -43
4. -46

Generation 815
0. -7
1. -15
2. -27
3. -35
4. -36

Generation 816
0. 5
1. -12
2. -19
3. -21
4. -29

Generation 817
0. -6
1. -15
2. -29
3. -35
4. -41

Generation 818
0. -18
1. -22
2. -24
3. -39
4. -41

Generation 819
0. -8
1. -34
2. -40
3. -43
4. -48

Generation 820
0. -33
1. -39
2. -40
3. -44
4. -45

Generation 821
0. -23
1. -34
2. -39
3. -43
4. -44

Generation 822
0. -8
1. -22
2. -29
3. -36
4. -44

Generation 823
0. -4
1. -29
2. -43
3. -44
4. -45

Generation 824
0. -5
1. -32
2. -33
3. -34
4. -40

Generation 825
0. 16
1. 6
2. -19
3. -20
4. -22

Generation 826
0. 18
1. -4
2. -16
3. -22
4. -22

Generation 827
0. -11
1. -14
2. -14
3. -33
4. -42

Generation 828
0. -23
1. -25
2. -30
3. -30
4. -38

Generation 829
0. -23
1. -27
2. -30
3. -33
4. -40

Generation 830
0. -29
1. -42
2. -42
3. -50
4. -54

Generation 831
0. 12
1. -17
2. -20
3. -22
4. -28

Generation 832
0. -18
1. -34
2. -34
3. -35
4. -37

Generation 833
0. -4
1. -20
2. -23
3. -24
4. -29

Generation 834
0. -5
1. -9
2. -21
3. -25
4. -25

Generation 835
0. 5
1. -20
2. -23
3. -40
4. -40

Generation 836
0. 8
1. -6
2. -18
3. -40
4. -42

Generation 837
0. 9
1. -20
2. -20
3. -34
4. -35

Generation 838
0. -18
1. -26
2. -31
3. -38
4. -41

Generation 839
0. -27
1. -33
2. -34
3. -48
4. -50

Generation 840
0. -9
1. -32
2. -33
3. -36
4. -45

Generation 841
0. -20
1. -31
2. -41
3. -42
4. -43

Generation 842
0. -8
1. -13
2. -17
3. -37
4. -38

Generation 843
0. -12
1. -38
2. -40
3. -42
4. -44

Generation 844
0. -13
1. -31
2. -38
3. -47
4. -47

Generation 845
0. -32
1. -32
2. -45
3. -48
4. -49

Generation 846
0. 7
1. 1
2. -23
3. -32
4. -45

Generation 847
0. -5
1. -15
2. -18
3. -20
4. -22

Generation 848
0. -3
1. -31
2. -34
3. -37
4. -37

Generation 849
0. 0
1. -14
2. -20
3. -40
4. -41

Generation 850
0. -18
1. -29
2. -31
3. -35
4. -39

Generation 851
0. -16
1. -20
2. -29
3. -31
4. -32

Generation 852
0. -10
1. -37
2. -38
3. -39
4. -41

Generation 853
0. -10
1. -26
2. -28
3. -30
4. -31

Generation 854
0. -18
1. -20
2. -29
3. -32
4. -41

Generation 855
0. 15
1. -12
2. -25
3. -33
4. -39

Generation 856
0. -1
1. -20
2. -27
3. -39
4. -43

Generation 857
0. -3
1. -14
2. -26
3. -33
4. -39

Generation 858
0. -10
1. -17
2. -18
3. -25
4. -43

Generation 859
0. -3
1. -9
2. -38
3. -39
4. -42

Generation 860
0. 4
1. -2
2. -21
3. -44
4. -45

Generation 861
0. 2
1. 2
2. -17
3. -30
4. -31

Generation 862
0. 2
1. -26
2. -27
3. -35
4. -36

Generation 863
0. -20
1. -26
2. -33
3. -33
4. -35

Generation 864
0. -16
1. -19
2. -23
3. -36
4. -40

Generation 865
0. 4
1. 3
2. 2
3. -17
4. -25

Generation 866
0. 1
1. -5
2. -8
3. -9
4. -28

Generation 867
0. -7
1. -14
2. -18
3. -23
4. -25

Generation 868
0. -11
1. -20
2. -25
3. -25
4. -26

Generation 869
0. -12
1. -21
2. -28
3. -36
4. -38

Generation 870
0. 36
1. -17
2. -19
3. -26
4. -31

Generation 871
0. -2
1. -3
2. -15
3. -16
4. -28

Generation 872
0. 9
1. -2
2. -11
3. -11
4. -16

Generation 873
0. -15
1. -18
2. -19
3. -24
4. -30

Generation 874
0. 4
1. -9
2. -13
3. -16
4. -25

Generation 875
0. -9
1. -16
2. -18
3. -26
4. -35

Generation 876
0. 2
1. -1
2. -5
3. -23
4. -28

Generation 877
0. 11
1. -11
2. -14
3. -19
4. -23

Generation 878
0. 8
1. 1
2. 0
3. -6
4. -16

Generation 879
0. 21
1. 16
2. 7
3. -1
4. -14

Generation 880
0. 36
1. 20
2. 14
3. 10
4. 10

Generation 881
0. 29
1. 29
2. 5
3. -4
4. -4

Generation 882
0. 69
1. 45
2. 10
3. 5
4. 3

Generation 883
0. 13
1. 7
2. -3
3. -10
4. -17

Generation 884
0. 33
1. 15
2. -1
3. -9
4. -22

Generation 885
0. 82
1. 28
2. 19
3. 7
4. 0

Generation 886
0. 63
1. 24
2. 9
3. 1
4. -11

Generation 887
0. 27
1. 0
2. -12
3. -28
4. -30

Generation 888
0. 43
1. 4
2. -17
3. -22
4. -24

Generation 889
0. 13
1. -1
2. -12
3. -13
4. -16

Generation 890
0. 7
1. -11
2. -17
3. -30
4. -30

Generation 891
0. 8
1. -5
2. -8
3. -9
4. -10

Generation 892
0. 29
1. 22
2. 16
3. 2
4. -11

Generation 893
0. 45
1. 43
2. 23
3. 21
4. 15

Generation 894
0. 66
1. 55
2. 42
3. 39
4. 19

Generation 895
0. 36
1. 34
2. 27
3. 11
4. 9

Generation 896
0. 23
1. 20
2. -1
3. -2
4. -2

Generation 897
0. 74
1. -11
2. -15
3. -18
4. -18

Generation 898
0. 45
1. 37
2. -32
3. -33
4. -37

Generation 899
0. 46
1. 38
2. -20
3. -25
4. -28

Generation 900
0. 20
1. 17
2. 7
3. 0
4. -6

Generation 901
0. 26
1. 5
2. -5
3. -13
4. -13

Generation 902
0. 15
1. -17
2. -20
3. -28
4. -32

Generation 903
0. 5
1. -3
2. -3
3. -8
4. -19

Generation 904
0. 27
1. 26
2. 22
3. 20
4. 7

Generation 905
0. 33
1. 27
2. 20
3. 20
4. 18

Generation 906
0. 19
1. 13
2. 11
3. -2
4. -8

Generation 907
0. 57
1. 14
2. 4
3. 4
4. -2

Generation 908
0. 59
1. 30
2. 8
3. 7
4. -1

Generation 909
0. 43
1. 4
2. -8
3. -10
4. -14

Generation 910
0. 12
1. -9
2. -20
3. -20
4. -26

Generation 911
0. 6
1. 4
2. 2
3. -1
4. -1

Generation 912
0. 58
1. -4
2. -11
3. -14
4. -18

Generation 913
0. 50
1. -7
2. -24
3. -24
4. -29

Generation 914
0. 23
1. 11
2. 11
3. -7
4. -28

Generation 915
0. -12
1. -21
2. -21
3. -29
4. -32

Generation 916
0. 16
1. 5
2. -2
3. -4
4. -10

Generation 917
0. 21
1. -3
2. -6
3. -15
4. -16

Generation 918
0. 33
1. 25
2. 21
3. 9
4. -1

Generation 919
0. 24
1. 20
2. 10
3. 7
4. -9

Generation 920
0. 33
1. 24
2. 20
3. 5
4. 0

Generation 921
0. 20
1. 16
2. 10
3. 4
4. 2

Generation 922
0. 11
1. 9
2. -13
3. -17
4. -21

Generation 923
0. 2
1. 0
2. -13
3. -18
4. -19

Generation 924
0. -2
1. -11
2. -20
3. -20
4. -27

Generation 925
0. -2
1. -17
2. -25
3. -25
4. -29

Generation 926
0. -14
1. -18
2. -27
3. -32
4. -35

Generation 927
0. -1
1. -11
2. -13
3. -21
4. -32

Generation 928
0. 15
1. -8
2. -12
3. -21
4. -23

Generation 929
0. 0
1. -10
2. -18
3. -19
4. -24

Generation 930
0. -10
1. -15
2. -18
3. -27
4. -31

Generation 931
0. -15
1. -15
2. -24
3. -24
4. -28

Generation 932
0. -20
1. -22
2. -27
3. -30
4. -39

Generation 933
0. 39
1. 7
2. -11
3. -12
4. -23

Generation 934
0. 42
1. 33
2. -5
3. -7
4. -20

Generation 935
0. 21
1. 15
2. 11
3. 7
4. -9

Generation 936
0. 60
1. 44
2. 24
3. -4
4. -12

Generation 937
0. 27
1. 21
2. 21
3. 0
4. -1

Generation 938
0. 42
1. -5
2. -10
3. -18
4. -21

Generation 939
0. 43
1. 2
2. -7
3. -12
4. -20

Generation 940
0. 20
1. 17
2. -10
3. -10
4. -19

Generation 941
0. -6
1. -11
2. -17
3. -17
4. -24

Generation 942
0. -31
1. -32
2. -33
3. -33
4. -35

Generation 943
0. -6
1. -15
2. -22
3. -30
4. -34

Generation 944
0. -2
1. -5
2. -8
3. -17
4. -24

Generation 945
0. 52
1. 47
2. 8
3. 4
4. 2

Generation 946
0. 48
1. 43
2. 33
3. 31
4. 30

Generation 947
0. 21
1. 13
2. 2
3. -2
4. -5

Generation 948
0. 4
1. 0
2. -11
3. -17
4. -18

Generation 949
0. 30
1. 30
2. 30
3. 20
4. 18

Generation 950
0. 53
1. 47
2. 30
3. 11
4. 11

Generation 951
0. 44
1. 36
2. 22
3. 19
4. 16

Generation 952
0. 105
1. 90
2. 81
3. 81
4. 75

Generation 953
0. 48
1. 18
2. 12
3. 9
4. 6

Generation 954
0. 3
1. 0
2. 0
3. -6
4. -9

Generation 955
0. 29
1. 26
2. 26
3. 23
4. 0

Generation 956
0. 33
1. 33
2. 27
3. 27
4. 27

Generation 957
0. 98
1. 68
2. 65
3. 62
4. 62

Generation 958
0. 50
1. 50
2. 44
3. 17
4. 17

Generation 959
0. 60
1. 57
2. 51
3. 51
4. 51

Generation 960
0. 48
1. 48
2. 42
3. 42
4. 39

Generation 961
0. 69
1. 54
2. 36
3. 33
4. 27

Generation 962
0. 48
1. 33
2. 30
3. 27
4. 27

Generation 963
0. -9
1. -9
2. -15
3. -15
4. -21

Generation 964
0. -41
1. -45
2. -45
3. -46
4. -51

Generation 965
0. -41
1. -41
2. -41
3. -42
4. -42

Generation 966
0. -49
1. -49
2. -49
3. -50
4. -51

Generation 967
0. -44
1. -44
2. -44
3. -44
4. -44

Generation 968
0. -2
1. -9
2. -9
3. -12
4. -17

Generation 969
0. 37
1. 7
2. 6
3. -12
4. -12

Generation 970
0. 31
1. 31
2. 13
3. 6
4. 6

Generation 971
0. 102
1. 102
2. 102
3. 55
4. 55

Generation 972
0. 138
1. 120
2. 120
3. 120
4. 120

Generation 973
0. 117
1. 117
2. 117
3. 96
4. 96

Generation 974
0. 42
1. 42
2. 42
3. 42
4. 42

Generation 975
0. 42
1. 42
2. 42
3. 42
4. 42

Generation 976
0. 48
1. 48
2. 48
3. 48
4. 48

Generation 977
0. 186
1. -25
2. -26
3. -42
4. -42

Generation 978
0. 180
1. 177
2. 144
3. -8
4. -13

Generation 979
0. 165
1. 165
2. 162
3. 162
4. 117

Generation 980
0. 138
1. 138
2. 138
3. 138
4. 132

Generation 981
0. 84
1. 84
2. 84
3. 84
4. 84

Generation 982
0. 15
1. 15
2. 15
3. 15
4. 15

Generation 983
0. -30
1. -30
2. -30
3. -33
4. -33

Generation 984
0. -48
1. -48
2. -48
3. -48
4. -48

Generation 985
0. -78
1. -78
2. -78
3. -78
4. -78

Generation 986
0. -90
1. -90
2. -90
3. -90
4. -90

Generation 987
0. -75
1. -75
2. -75
3. -75
4. -75

Generation 988
0. -87
1. -87
2. -87
3. -87
4. -87

Generation 989
0. -75
1. -75
2. -75
3. -75
4. -75

Generation 990
0. -84
1. -84
2. -84
3. -84
4. -84

Generation 991
0. -90
1. -90
2. -90
3. -90
4. -90

Generation 992
0. -81
1. -81
2. -81
3. -81
4. -81

Generation 993
0. -90
1. -90
2. -90
3. -90
4. -90

Generation 994
0. -87
1. -87
2. -87
3. -87
4. -87

Generation 995
0. -96
1. -96
2. -96
3. -96
4. -96

Generation 996
0. -96
1. -96
2. -96
3. -96
4. -96

Generation 997
0. -99
1. -99
2. -99
3. -99
4. -99

Generation 998
0. -96
1. -96
2. -96
3. -96
4. -96

Generation 999
0. -99
1. -99
2. -99
3. -99
4. -99
