
Generation 0
0. 8
1. -13
2. -15
3. -18
4. -27

Generation 1
0. -32
1. -34
2. -37
3. -38
4. -42

Generation 2
0. -23
1. -36
2. -40
3. -40
4. -42

Generation 3
0. -9
1. -29
2. -45
3. -46
4. -46

Generation 4
0. -22
1. -35
2. -38
3. -38
4. -41

Generation 5
0. -34
1. -44
2. -45
3. -46
4. -46

Generation 6
0. -9
1. -30
2. -34
3. -43
4. -48

Generation 7
0. -24
1. -26
2. -36
3. -40
4. -46

Generation 8
0. -37
1. -43
2. -47
3. -48
4. -48

Generation 9
0. -26
1. -37
2. -41
3. -44
4. -44

Generation 10
0. -18
1. -35
2. -37
3. -39
4. -45

Generation 11
0. -24
1. -27
2. -43
3. -48
4. -53

Generation 12
0. -34
1. -45
2. -46
3. -47
4. -49

Generation 13
0. -38
1. -45
2. -45
3. -50
4. -50

Generation 14
0. -36
1. -39
2. -44
3. -48
4. -50

Generation 15
0. -15
1. -44
2. -45
3. -45
4. -46

Generation 16
0. -36
1. -43
2. -46
3. -51
4. -55

Generation 17
0. -32
1. -49
2. -49
3. -53
4. -60

Generation 18
0. -26
1. -32
2. -45
3. -47
4. -50

Generation 19
0. -3
1. -41
2. -46
3. -47
4. -52

Generation 20
0. -31
1. -43
2. -48
3. -56
4. -58

Generation 21
0. -24
1. -42
2. -49
3. -52
4. -56

Generation 22
0. -24
1. -36
2. -40
3. -41
4. -47

Generation 23
0. -31
1. -43
2. -45
3. -54
4. -57

Generation 24
0. -39
1. -40
2. -46
3. -47
4. -48

Generation 25
0. -41
1. -48
2. -56
3. -57
4. -57

Generation 26
0. -22
1. -36
2. -42
3. -48
4. -56

Generation 27
0. -21
1. -48
2. -52
3. -55
4. -58

Generation 28
0. -38
1. -39
2. -46
3. -56
4. -59

Generation 29
0. -49
1. -53
2. -53
3. -53
4. -58

Generation 30
0. -41
1. -45
2. -51
3. -52
4. -57

Generation 31
0. -41
1. -52
2. -52
3. -54
4. -55

Generation 32
0. -12
1. -42
2. -44
3. -50
4. -53

Generation 33
0. -44
1. -48
2. -54
3. -56
4. -58

Generation 34
0. -38
1. -56
2. -58
3. -60
4. -62

Generation 35
0. -46
1. -48
2. -50
3. -54
4. -55

Generation 36
0. -27
1. -27
2. -53
3. -55
4. -59

Generation 37
0. -47
1. -50
2. -51
3. -53
4. -57

Generation 38
0. -40
1. -44
2. -52
3. -53
4. -54

Generation 39
0. -15
1. -45
2. -49
3. -53
4. -58

Generation 40
0. -36
1. -47
2. -48
3. -50
4. -52

Generation 41
0. -44
1. -54
2. -57
3. -59
4. -59

Generation 42
0. -32
1. -41
2. -51
3. -52
4. -59

Generation 43
0. -38
1. -46
2. -47
3. -48
4. -56

Generation 44
0. -44
1. -51
2. -57
3. -58
4. -58

Generation 45
0. -28
1. -39
2. -42
3. -44
4. -51

Generation 46
0. -24
1. -36
2. -52
3. -53
4. -55

Generation 47
0. -45
1. -47
2. -47
3. -51
4. -52

Generation 48
0. -22
1. -40
2. -47
3. -52
4. -53

Generation 49
0. -26
1. -35
2. -35
3. -50
4. -54

Generation 50
0. -42
1. -53
2. -53
3. -55
4. -55

Generation 51
0. -32
1. -38
2. -51
3. -51
4. -54

Generation 52
0. -36
1. -40
2. -56
3. -57
4. -60

Generation 53
0. -46
1. -47
2. -53
3. -53
4. -59

Generation 54
0. -41
1. -46
2. -49
3. -56
4. -58

Generation 55
0. -44
1. -52
2. -53
3. -57
4. -62

Generation 56
0. -45
1. -46
2. -52
3. -60
4. -61

Generation 57
0. -36
1. -45
2. -49
3. -49
4. -50

Generation 58
0. -48
1. -49
2. -57
3. -58
4. -60

Generation 59
0. -42
1. -44
2. -49
3. -49
4. -52

Generation 60
0. -44
1. -52
2. -53
3. -58
4. -59

Generation 61
0. -54
1. -56
2. -58
3. -58
4. -58

Generation 62
0. -45
1. -50
2. -51
3. -54
4. -55

Generation 63
0. -46
1. -52
2. -57
3. -62
4. -68

Generation 64
0. -55
1. -59
2. -62
3. -63
4. -63

Generation 65
0. -18
1. -43
2. -46
3. -55
4. -56

Generation 66
0. -15
1. -37
2. -45
3. -48
4. -48

Generation 67
0. -44
1. -46
2. -46
3. -52
4. -54

Generation 68
0. -47
1. -62
2. -62
3. -63
4. -63

Generation 69
0. -21
1. -46
2. -49
3. -49
4. -53

Generation 70
0. -31
1. -47
2. -54
3. -58
4. -59

Generation 71
0. -34
1. -39
2. -43
3. -46
4. -57

Generation 72
0. -46
1. -57
2. -58
3. -61
4. -62

Generation 73
0. -37
1. -49
2. -56
3. -58
4. -61

Generation 74
0. -25
1. -50
2. -55
3. -57
4. -58

Generation 75
0. -19
1. -52
2. -52
3. -53
4. -59

Generation 76
0. -33
1. -52
2. -58
3. -59
4. -64

Generation 77
0. -45
1. -49
2. -53
3. -59
4. -62
