
Generation 0
0. 22
1. 20
2. 20
3. -10
4. -13

Generation 1
0. 7
1. -9
2. -17
3. -24
4. -27

Generation 2
0. 13
1. 2
2. 2
3. 1
4. -9

Generation 3
0. 15
1. 0
2. -3
3. -6
4. -9

Generation 4
0. 15
1. -9
2. -13
3. -14
4. -14

Generation 5
0. 30
1. -1
2. -6
3. -11
4. -15

Generation 6
0. 3
1. -6
2. -33
3. -33
4. -34

Generation 7
0. 5
1. 4
2. -5
3. -14
4. -16

Generation 8
0. 10
1. -26
2. -29
3. -30
4. -36

Generation 9
0. 25
1. -6
2. -13
3. -14
4. -31

Generation 10
0. 6
1. -7
2. -10
3. -15
4. -23

Generation 11
0. -7
1. -11
2. -19
3. -19
4. -20

Generation 12
0. 17
1. 6
2. -7
3. -21
4. -33

Generation 13
0. -5
1. -12
2. -16
3. -17
4. -19

Generation 14
0. -14
1. -18
2. -24
3. -25
4. -28

Generation 15
0. 28
1. 3
2. -16
3. -17
4. -19

Generation 16
0. 22
1. 5
2. -6
3. -23
4. -24

Generation 17
0. -8
1. -9
2. -12
3. -17
4. -21

Generation 18
0. -17
1. -21
2. -25
3. -30
4. -32

Generation 19
0. 10
1. -29
2. -48
3. -48
4. -48

Generation 20
0. -23
1. -34
2. -36
3. -39
4. -41

Generation 21
0. -27
1. -39
2. -41
3. -43
4. -45

Generation 22
0. -8
1. -17
2. -27
3. -33
4. -38

Generation 23
0. -21
1. -28
2. -37
3. -41
4. -42

Generation 24
0. 4
1. -19
2. -22
3. -41
4. -41

Generation 25
0. -16
1. -23
2. -24
3. -26
4. -36

Generation 26
0. -13
1. -29
2. -38
3. -39
4. -43

Generation 27
0. -13
1. -17
2. -26
3. -31
4. -35

Generation 28
0. -15
1. -24
2. -28
3. -36
4. -41

Generation 29
0. -25
1. -28
2. -30
3. -33
4. -35

Generation 30
0. -3
1. -16
2. -21
3. -27
4. -31

Generation 31
0. -16
1. -23
2. -26
3. -45
4. -48

Generation 32
0. -23
1. -36
2. -37
3. -38
4. -42

Generation 33
0. -26
1. -41
2. -41
3. -44
4. -44

Generation 34
0. 1
1. -4
2. -35
3. -36
4. -48

Generation 35
0. -20
1. -34
2. -39
3. -42
4. -48

Generation 36
0. -20
1. -37
2. -38
3. -40
4. -40

Generation 37
0. -26
1. -30
2. -45
3. -46
4. -46

Generation 38
0. -23
1. -26
2. -34
3. -35
4. -40

Generation 39
0. -29
1. -36
2. -41
3. -47
4. -49

Generation 40
0. -21
1. -33
2. -40
3. -41
4. -50

Generation 41
0. -23
1. -25
2. -46
3. -53
4. -54

Generation 42
0. -21
1. -24
2. -33
3. -34
4. -42

Generation 43
0. -16
1. -22
2. -31
3. -34
4. -37

Generation 44
0. -14
1. -32
2. -44
3. -45
4. -51

Generation 45
0. -17
1. -29
2. -40
3. -44
4. -46

Generation 46
0. -28
1. -32
2. -35
3. -37
4. -38

Generation 47
0. -19
1. -22
2. -36
3. -39
4. -39

Generation 48
0. -31
1. -41
2. -43
3. -45
4. -51

Generation 49
0. 1
1. -29
2. -40
3. -45
4. -48

Generation 50
0. -11
1. -20
2. -31
3. -52
4. -54

Generation 51
0. -32
1. -34
2. -36
3. -37
4. -41

Generation 52
0. -22
1. -28
2. -35
3. -40
4. -40

Generation 53
0. -23
1. -40
2. -44
3. -49
4. -51

Generation 54
0. -25
1. -44
2. -44
3. -47
4. -48

Generation 55
0. -30
1. -38
2. -39
3. -51
4. -55

Generation 56
0. -35
1. -40
2. -44
3. -51
4. -51

Generation 57
0. -31
1. -41
2. -42
3. -45
4. -56

Generation 58
0. -26
1. -28
2. -40
3. -45
4. -46

Generation 59
0. -37
1. -47
2. -49
3. -52
4. -54

Generation 60
0. -13
1. -27
2. -29
3. -39
4. -42

Generation 61
0. -16
1. -26
2. -26
3. -30
4. -36

Generation 62
0. -29
1. -32
2. -34
3. -34
4. -39

Generation 63
0. -3
1. -9
2. -19
3. -27
4. -27

Generation 64
0. 13
1. -23
2. -34
3. -35
4. -38

Generation 65
0. -26
1. -40
2. -41
3. -44
4. -44

Generation 66
0. -12
1. -15
2. -29
3. -43
4. -43

Generation 67
0. -20
1. -36
2. -37
3. -39
4. -47

Generation 68
0. -32
1. -38
2. -40
3. -41
4. -49

Generation 69
0. -13
1. -46
2. -51
3. -52
4. -57

Generation 70
0. -35
1. -37
2. -45
3. -47
4. -52

Generation 71
0. -36
1. -37
2. -48
3. -52
4. -53

Generation 72
0. -32
1. -33
2. -43
3. -43
4. -51

Generation 73
0. -24
1. -28
2. -28
3. -35
4. -43

Generation 74
0. -29
1. -35
2. -35
3. -43
4. -43

Generation 75
0. -34
1. -37
2. -39
3. -44
4. -48

Generation 76
0. -4
1. -32
2. -42
3. -43
4. -45

Generation 77
0. -25
1. -29
2. -29
3. -43
4. -47

Generation 78
0. -17
1. -20
2. -31
3. -36
4. -39

Generation 79
0. -25
1. -25
2. -36
3. -39
4. -42

Generation 80
0. -20
1. -35
2. -38
3. -46
4. -49

Generation 81
0. -28
1. -35
2. -39
3. -43
4. -46

Generation 82
0. 3
1. -15
2. -19
3. -24
4. -28

Generation 83
0. -24
1. -25
2. -36
3. -45
4. -46

Generation 84
0. -5
1. -11
2. -26
3. -26
4. -27

Generation 85
0. -13
1. -32
2. -34
3. -35
4. -38

Generation 86
0. -7
1. -25
2. -32
3. -36
4. -37

Generation 87
0. 19
1. 6
2. -2
3. -11
4. -34

Generation 88
0. 31
1. 17
2. 8
3. 5
4. -9

Generation 89
0. 4
1. -16
2. -26
3. -31
4. -34

Generation 90
0. -5
1. -13
2. -22
3. -23
4. -24

Generation 91
0. 9
1. 8
2. -9
3. -12
4. -16

Generation 92
0. 3
1. -2
2. -6
3. -6
4. -11

Generation 93
0. 3
1. 3
2. 2
3. -10
4. -11

Generation 94
0. -7
1. -12
2. -13
3. -23
4. -28

Generation 95
0. 13
1. -6
2. -9
3. -10
4. -12

Generation 96
0. 13
1. -7
2. -7
3. -18
4. -19

Generation 97
0. 21
1. -5
2. -6
3. -10
4. -10

Generation 98
0. 12
1. 2
2. -7
3. -8
4. -13

Generation 99
0. 11
1. 0
2. -6
3. -7
4. -9

Generation 100
0. 10
1. -1
2. -3
3. -8
4. -13

Generation 101
0. 13
1. 12
2. 9
3. 5
4. 1

Generation 102
0. 16
1. 14
2. 11
3. 0
4. -9

Generation 103
0. 19
1. 6
2. -2
3. -3
4. -4

Generation 104
0. 4
1. 2
2. -7
3. -9
4. -12

Generation 105
0. -16
1. -19
2. -22
3. -23
4. -40

Generation 106
0. -5
1. -23
2. -35
3. -42
4. -42

Generation 107
0. -18
1. -23
2. -29
3. -30
4. -38

Generation 108
0. -25
1. -26
2. -41
3. -41
4. -44

Generation 109
0. -28
1. -28
2. -39
3. -42
4. -42

Generation 110
0. 1
1. -37
2. -38
3. -41
4. -47

Generation 111
0. -25
1. -39
2. -40
3. -43
4. -43

Generation 112
0. -25
1. -51
2. -52
3. -52
4. -54

Generation 113
0. -24
1. -30
2. -37
3. -42
4. -46

Generation 114
0. 5
1. -25
2. -27
3. -28
4. -34

Generation 115
0. -8
1. -24
2. -40
3. -42
4. -47

Generation 116
0. -31
1. -38
2. -44
3. -45
4. -47

Generation 117
0. -23
1. -30
2. -48
3. -49
4. -54

Generation 118
0. -30
1. -37
2. -37
3. -43
4. -44

Generation 119
0. -34
1. -37
2. -45
3. -46
4. -46

Generation 120
0. -12
1. -23
2. -34
3. -40
4. -43

Generation 121
0. -32
1. -38
2. -42
3. -47
4. -48

Generation 122
0. -38
1. -41
2. -41
3. -41
4. -41

Generation 123
0. -19
1. -34
2. -44
3. -48
4. -53

Generation 124
0. -7
1. -22
2. -36
3. -44
4. -45

Generation 125
0. -19
1. -24
2. -36
3. -37
4. -41

Generation 126
0. -28
1. -40
2. -41
3. -44
4. -50

Generation 127
0. -16
1. -31
2. -36
3. -38
4. -40

Generation 128
0. -14
1. -27
2. -30
3. -35
4. -36

Generation 129
0. -29
1. -31
2. -38
3. -47
4. -51

Generation 130
0. -6
1. -23
2. -28
3. -46
4. -50

Generation 131
0. -42
1. -44
2. -45
3. -46
4. -46

Generation 132
0. -21
1. -26
2. -48
3. -48
4. -52

Generation 133
0. -38
1. -42
2. -43
3. -43
4. -46

Generation 134
0. -27
1. -39
2. -43
3. -46
4. -48

Generation 135
0. -30
1. -41
2. -50
3. -50
4. -52

Generation 136
0. -29
1. -36
2. -39
3. -46
4. -49

Generation 137
0. -30
1. -33
2. -38
3. -39
4. -39

Generation 138
0. -41
1. -45
2. -52
3. -52
4. -56

Generation 139
0. -18
1. -41
2. -46
3. -53
4. -57

Generation 140
0. -30
1. -39
2. -44
3. -50
4. -54

Generation 141
0. -43
1. -46
2. -49
3. -49
4. -50

Generation 142
0. -32
1. -40
2. -45
3. -46
4. -48

Generation 143
0. -31
1. -46
2. -47
3. -49
4. -49

Generation 144
0. -42
1. -49
2. -50
3. -53
4. -53

Generation 145
0. -37
1. -46
2. -50
3. -52
4. -53

Generation 146
0. -1
1. -20
2. -36
3. -42
4. -43

Generation 147
0. -26
1. -31
2. -39
3. -39
4. -40

Generation 148
0. 15
1. -35
2. -38
3. -39
4. -45

Generation 149
0. -31
1. -31
2. -32
3. -34
4. -39

Generation 150
0. -38
1. -44
2. -45
3. -45
4. -45

Generation 151
0. -27
1. -43
2. -43
3. -50
4. -51

Generation 152
0. -39
1. -41
2. -43
3. -43
4. -44

Generation 153
0. -9
1. -22
2. -35
3. -39
4. -47

Generation 154
0. -32
1. -41
2. -44
3. -44
4. -48

Generation 155
0. -15
1. -26
2. -30
3. -36
4. -39

Generation 156
0. -24
1. -24
2. -25
3. -34
4. -40

Generation 157
0. -29
1. -29
2. -36
3. -36
4. -36

Generation 158
0. -11
1. -39
2. -42
3. -43
4. -47

Generation 159
0. -7
1. -28
2. -33
3. -36
4. -47

Generation 160
0. -7
1. -24
2. -36
3. -40
4. -43

Generation 161
0. -37
1. -45
2. -45
3. -50
4. -50

Generation 162
0. -24
1. -41
2. -44
3. -46
4. -48

Generation 163
0. -32
1. -33
2. -35
3. -50
4. -53

Generation 164
0. -32
1. -36
2. -36
3. -40
4. -41

Generation 165
0. -40
1. -42
2. -44
3. -44
4. -48

Generation 166
0. -24
1. -29
2. -40
3. -43
4. -45

Generation 167
0. -35
1. -47
2. -49
3. -53
4. -56

Generation 168
0. -25
1. -45
2. -50
3. -54
4. -56

Generation 169
0. -17
1. -44
2. -47
3. -48
4. -50

Generation 170
0. -25
1. -35
2. -38
3. -47
4. -49

Generation 171
0. -33
1. -44
2. -54
3. -56
4. -56

Generation 172
0. -30
1. -43
2. -43
3. -46
4. -53

Generation 173
0. -37
1. -37
2. -45
3. -48
4. -49

Generation 174
0. -40
1. -44
2. -45
3. -47
4. -50

Generation 175
0. -15
1. -38
2. -46
3. -53
4. -54

Generation 176
0. -6
1. -22
2. -30
3. -38
4. -42

Generation 177
0. -17
1. -22
2. -29
3. -29
4. -32

Generation 178
0. -18
1. -31
2. -42
3. -45
4. -48

Generation 179
0. -24
1. -29
2. -43
3. -45
4. -49

Generation 180
0. -41
1. -41
2. -47
3. -48
4. -50

Generation 181
0. -31
1. -33
2. -34
3. -42
4. -44

Generation 182
0. -23
1. -38
2. -40
3. -43
4. -44

Generation 183
0. -26
1. -40
2. -42
3. -49
4. -52

Generation 184
0. -19
1. -28
2. -45
3. -47
4. -50

Generation 185
0. -26
1. -35
2. -43
3. -45
4. -47

Generation 186
0. -36
1. -45
2. -47
3. -48
4. -48

Generation 187
0. -36
1. -49
2. -52
3. -52
4. -53

Generation 188
0. -27
1. -34
2. -35
3. -37
4. -40

Generation 189
0. -23
1. -33
2. -42
3. -42
4. -46

Generation 190
0. -34
1. -44
2. -44
3. -52
4. -54

Generation 191
0. -36
1. -42
2. -44
3. -51
4. -54

Generation 192
0. -19
1. -36
2. -44
3. -52
4. -53

Generation 193
0. -34
1. -42
2. -45
3. -45
4. -49

Generation 194
0. -30
1. -49
2. -55
3. -57
4. -57

Generation 195
0. -31
1. -45
2. -46
3. -52
4. -58

Generation 196
0. -28
1. -32
2. -42
3. -43
4. -52

Generation 197
0. -19
1. -24
2. -27
3. -27
4. -32

Generation 198
0. -33
1. -35
2. -37
3. -46
4. -47

Generation 199
0. -40
1. -51
2. -52
3. -53
4. -53

Generation 200
0. -35
1. -40
2. -44
3. -48
4. -53

Generation 201
0. -24
1. -50
2. -56
3. -56
4. -59

Generation 202
0. -24
1. -33
2. -47
3. -49
4. -50

Generation 203
0. -19
1. -44
2. -46
3. -55
4. -56

Generation 204
0. -35
1. -43
2. -52
3. -53
4. -56

Generation 205
0. -26
1. -48
2. -58
3. -58
4. -59

Generation 206
0. -34
1. -41
2. -47
3. -48
4. -53

Generation 207
0. -41
1. -43
2. -43
3. -45
4. -49

Generation 208
0. -33
1. -33
2. -33
3. -35
4. -37

Generation 209
0. -25
1. -29
2. -33
3. -35
4. -37

Generation 210
0. -18
1. -27
2. -42
3. -43
4. -52

Generation 211
0. -39
1. -42
2. -46
3. -46
4. -49

Generation 212
0. -37
1. -39
2. -44
3. -47
4. -52

Generation 213
0. -39
1. -43
2. -48
3. -52
4. -52

Generation 214
0. -31
1. -33
2. -36
3. -37
4. -40

Generation 215
0. -8
1. -37
2. -43
3. -47
4. -52

Generation 216
0. -17
1. -33
2. -46
3. -48
4. -48

Generation 217
0. -23
1. -25
2. -33
3. -34
4. -38

Generation 218
0. 33
1. -9
2. -19
3. -27
4. -27

Generation 219
0. 18
1. 6
2. -21
3. -35
4. -39

Generation 220
0. 15
1. -20
2. -20
3. -21
4. -32

Generation 221
0. -10
1. -26
2. -26
3. -29
4. -35

Generation 222
0. 6
1. 0
2. -12
3. -14
4. -30

Generation 223
0. -13
1. -14
2. -23
3. -24
4. -28

Generation 224
0. -5
1. -27
2. -36
3. -42
4. -42

Generation 225
0. -4
1. -7
2. -8
3. -33
4. -34

Generation 226
0. -10
1. -19
2. -23
3. -28
4. -29

Generation 227
0. -11
1. -20
2. -33
3. -33
4. -41

Generation 228
0. 13
1. 11
2. -10
3. -18
4. -20

Generation 229
0. -3
1. -25
2. -27
3. -28
4. -30

Generation 230
0. -3
1. -3
2. -17
3. -19
4. -21

Generation 231
0. -1
1. -1
2. -8
3. -18
4. -28

Generation 232
0. 15
1. 4
2. -3
3. -14
4. -16

Generation 233
0. 54
1. 36
2. 19
3. 13
4. -1

Generation 234
0. 19
1. -2
2. -19
3. -23
4. -23

Generation 235
0. 20
1. -6
2. -17
3. -18
4. -23

Generation 236
0. 11
1. 3
2. 0
3. 0
4. -1

Generation 237
0. 7
1. 3
2. -11
3. -23
4. -29

Generation 238
0. 4
1. -10
2. -23
3. -24
4. -24

Generation 239
0. 3
1. -2
2. -6
3. -7
4. -16

Generation 240
0. 15
1. -2
2. -3
3. -7
4. -7

Generation 241
0. 2
1. -17
2. -18
3. -19
4. -23

Generation 242
0. 30
1. 2
2. 0
3. -1
4. -5

Generation 243
0. 12
1. -13
2. -17
3. -24
4. -25

Generation 244
0. 41
1. 24
2. 7
3. -18
4. -22

Generation 245
0. 38
1. 29
2. 15
3. -3
4. -15

Generation 246
0. 41
1. 24
2. 19
3. 17
4. 14

Generation 247
0. 52
1. 1
2. 1
3. -12
4. -12

Generation 248
0. -6
1. -16
2. -19
3. -20
4. -34

Generation 249
0. 11
1. -7
2. -7
3. -11
4. -19

Generation 250
0. 25
1. 1
2. -7
3. -16
4. -25

Generation 251
0. -5
1. -6
2. -12
3. -14
4. -22

Generation 252
0. 54
1. 34
2. 22
3. 15
4. 13

Generation 253
0. 11
1. 8
2. 4
3. -2
4. -4

Generation 254
0. 39
1. 31
2. 26
3. 11
4. 1

Generation 255
0. 84
1. 67
2. 25
3. 18
4. 18

Generation 256
0. 49
1. 32
2. 29
3. 14
4. 14

Generation 257
0. 26
1. 16
2. -8
3. -11
4. -12

Generation 258
0. 31
1. 13
2. 12
3. 7
4. 4

Generation 259
0. 2
1. -9
2. -9
3. -9
4. -11

Generation 260
0. 20
1. 13
2. 12
3. 9
4. 4

Generation 261
0. 22
1. 19
2. 19
3. 19
4. 8

Generation 262
0. 42
1. 34
2. 31
3. 24
4. 20

Generation 263
0. 17
1. 14
2. 6
3. 3
4. -4

Generation 264
0. 19
1. 15
2. 6
3. 4
4. 0

Generation 265
0. -5
1. -7
2. -7
3. -14
4. -15

Generation 266
0. -20
1. -35
2. -37
3. -39
4. -44

Generation 267
0. 8
1. -32
2. -33
3. -33
4. -34

Generation 268
0. 6
1. -15
2. -27
3. -37
4. -38

Generation 269
0. -9
1. -19
2. -32
3. -33
4. -35

Generation 270
0. -15
1. -15
2. -18
3. -37
4. -41

Generation 271
0. -15
1. -19
2. -20
3. -22
4. -26

Generation 272
0. 15
1. 10
2. -6
3. -11
4. -16

Generation 273
0. 8
1. 5
2. -7
3. -8
4. -15

Generation 274
0. 1
1. -8
2. -12
3. -15
4. -24

Generation 275
0. 17
1. 9
2. -1
3. -12
4. -15

Generation 276
0. 18
1. 6
2. -3
3. -10
4. -15

Generation 277
0. 28
1. -1
2. -7
3. -10
4. -13

Generation 278
0. 31
1. 13
2. 9
3. 7
4. 4

Generation 279
0. 12
1. 3
2. 0
3. -10
4. -14

Generation 280
0. 36
1. -5
2. -10
3. -22
4. -22

Generation 281
0. -3
1. -12
2. -13
3. -18
4. -26

Generation 282
0. 3
1. -17
2. -19
3. -20
4. -29

Generation 283
0. 0
1. -5
2. -10
3. -12
4. -33

Generation 284
0. -7
1. -17
2. -38
3. -39
4. -39

Generation 285
0. 13
1. -16
2. -30
3. -33
4. -36

Generation 286
0. 3
1. -15
2. -19
3. -26
4. -36

Generation 287
0. -8
1. -10
2. -14
3. -28
4. -32

Generation 288
0. -15
1. -18
2. -19
3. -37
4. -38

Generation 289
0. 5
1. 4
2. 1
3. -5
4. -7

Generation 290
0. 2
1. -2
2. -28
3. -35
4. -35

Generation 291
0. 15
1. -16
2. -26
3. -33
4. -36

Generation 292
0. -8
1. -21
2. -33
3. -35
4. -38

Generation 293
0. -24
1. -42
2. -43
3. -47
4. -49

Generation 294
0. 15
1. -11
2. -16
3. -32
4. -32

Generation 295
0. -23
1. -24
2. -29
3. -35
4. -42

Generation 296
0. -29
1. -34
2. -35
3. -40
4. -42

Generation 297
0. -13
1. -21
2. -38
3. -38
4. -44

Generation 298
0. -2
1. -11
2. -35
3. -41
4. -42

Generation 299
0. -21
1. -29
2. -29
3. -43
4. -44

Generation 300
0. 4
1. -1
2. -13
3. -15
4. -19

Generation 301
0. -32
1. -32
2. -39
3. -40
4. -43

Generation 302
0. 8
1. 2
2. -3
3. -24
4. -27

Generation 303
0. -6
1. -27
2. -28
3. -36
4. -37

Generation 304
0. -33
1. -34
2. -34
3. -35
4. -38

Generation 305
0. -27
1. -32
2. -46
3. -47
4. -47

Generation 306
0. -21
1. -33
2. -34
3. -36
4. -39

Generation 307
0. -25
1. -40
2. -40
3. -40
4. -44

Generation 308
0. -27
1. -39
2. -39
3. -39
4. -43

Generation 309
0. -31
1. -32
2. -34
3. -39
4. -46

Generation 310
0. -30
1. -33
2. -33
3. -33
4. -35

Generation 311
0. -25
1. -40
2. -42
3. -43
4. -43

Generation 312
0. -29
1. -35
2. -40
3. -42
4. -42

Generation 313
0. -23
1. -28
2. -29
3. -36
4. -43

Generation 314
0. -27
1. -27
2. -41
3. -41
4. -42

Generation 315
0. -15
1. -28
2. -30
3. -31
4. -36

Generation 316
0. 5
1. -5
2. -16
3. -23
4. -28

Generation 317
0. -1
1. -12
2. -16
3. -26
4. -32

Generation 318
0. -8
1. -16
2. -26
3. -34
4. -35

Generation 319
0. -14
1. -25
2. -27
3. -33
4. -39

Generation 320
0. 18
1. -23
2. -24
3. -32
4. -36

Generation 321
0. -14
1. -29
2. -30
3. -32
4. -35

Generation 322
0. -12
1. -14
2. -14
3. -15
4. -18

Generation 323
0. -12
1. -29
2. -29
3. -32
4. -33

Generation 324
0. -13
1. -20
2. -22
3. -23
4. -30

Generation 325
0. -26
1. -27
2. -28
3. -29
4. -40

Generation 326
0. -3
1. -21
2. -42
3. -45
4. -46

Generation 327
0. 25
1. -11
2. -19
3. -30
4. -30

Generation 328
0. 7
1. -3
2. -12
3. -13
4. -19

Generation 329
0. -12
1. -15
2. -20
3. -25
4. -30

Generation 330
0. 10
1. -9
2. -19
3. -22
4. -32

Generation 331
0. 5
1. -2
2. -14
3. -24
4. -24

Generation 332
0. 11
1. 11
2. -3
3. -7
4. -27

Generation 333
0. 8
1. -4
2. -16
3. -25
4. -26

Generation 334
0. -14
1. -28
2. -33
3. -34
4. -35

Generation 335
0. 2
1. -21
2. -22
3. -24
4. -28

Generation 336
0. -18
1. -30
2. -32
3. -34
4. -41

Generation 337
0. -20
1. -22
2. -27
3. -31
4. -37

Generation 338
0. -18
1. -24
2. -25
3. -30
4. -33

Generation 339
0. -1
1. -3
2. -7
3. -27
4. -41

Generation 340
0. -12
1. -16
2. -17
3. -19
4. -21

Generation 341
0. -21
1. -23
2. -26
3. -26
4. -33

Generation 342
0. 6
1. -11
2. -12
3. -20
4. -32

Generation 343
0. -20
1. -23
2. -31
3. -38
4. -39

Generation 344
0. -18
1. -19
2. -30
3. -30
4. -31

Generation 345
0. 16
1. -23
2. -28
3. -30
4. -34

Generation 346
0. 12
1. -26
2. -31
3. -33
4. -38

Generation 347
0. 10
1. -11
2. -18
3. -22
4. -24

Generation 348
0. -7
1. -19
2. -25
3. -25
4. -26

Generation 349
0. -2
1. -2
2. -8
3. -25
4. -35

Generation 350
0. -22
1. -26
2. -42
3. -43
4. -43

Generation 351
0. -20
1. -28
2. -37
3. -43
4. -43

Generation 352
0. -32
1. -38
2. -38
3. -39
4. -42

Generation 353
0. -27
1. -36
2. -37
3. -41
4. -42

Generation 354
0. -23
1. -27
2. -29
3. -35
4. -39

Generation 355
0. 11
1. -15
2. -20
3. -22
4. -24

Generation 356
0. -23
1. -23
2. -27
3. -27
4. -34

Generation 357
0. -2
1. -29
2. -31
3. -34
4. -36

Generation 358
0. -27
1. -30
2. -36
3. -47
4. -54

Generation 359
0. -17
1. -22
2. -23
3. -29
4. -34

Generation 360
0. -11
1. -29
2. -30
3. -31
4. -38

Generation 361
0. 6
1. -15
2. -16
3. -31
4. -32

Generation 362
0. 19
1. -5
2. -19
3. -21
4. -26

Generation 363
0. 7
1. -11
2. -13
3. -14
4. -22

Generation 364
0. -4
1. -17
2. -25
3. -26
4. -28

Generation 365
0. -11
1. -14
2. -23
3. -26
4. -27

Generation 366
0. 26
1. -6
2. -6
3. -22
4. -24

Generation 367
0. 3
1. -8
2. -16
3. -34
4. -35

Generation 368
0. 0
1. -16
2. -19
3. -21
4. -35

Generation 369
0. 0
1. -33
2. -35
3. -41
4. -42

Generation 370
0. -26
1. -33
2. -36
3. -39
4. -41

Generation 371
0. -31
1. -32
2. -33
3. -35
4. -43

Generation 372
0. -19
1. -33
2. -33
3. -49
4. -52

Generation 373
0. -5
1. -22
2. -22
3. -35
4. -36

Generation 374
0. 10
1. -1
2. -40
3. -44
4. -46

Generation 375
0. -7
1. -33
2. -35
3. -36
4. -46

Generation 376
0. -22
1. -30
2. -33
3. -35
4. -39

Generation 377
0. 11
1. -18
2. -18
3. -21
4. -34

Generation 378
0. -20
1. -24
2. -37
3. -42
4. -49

Generation 379
0. -16
1. -32
2. -33
3. -34
4. -36

Generation 380
0. -21
1. -35
2. -45
3. -45
4. -46

Generation 381
0. -10
1. -31
2. -32
3. -34
4. -37

Generation 382
0. -17
1. -28
2. -30
3. -33
4. -49

Generation 383
0. 30
1. -1
2. -7
3. -12
4. -16

Generation 384
0. 16
1. 9
2. 7
3. 0
4. -1

Generation 385
0. 17
1. -5
2. -23
3. -24
4. -33

Generation 386
0. 7
1. -10
2. -27
3. -28
4. -29

Generation 387
0. -9
1. -12
2. -17
3. -27
4. -27

Generation 388
0. 20
1. 16
2. -8
3. -12
4. -15

Generation 389
0. 35
1. 12
2. 6
3. -6
4. -9

Generation 390
0. -4
1. -6
2. -9
3. -12
4. -20

Generation 391
0. 19
1. 17
2. 3
3. -8
4. -10

Generation 392
0. 8
1. -6
2. -17
3. -18
4. -18

Generation 393
0. 12
1. 1
2. -16
3. -17
4. -19

Generation 394
0. 6
1. -7
2. -15
3. -15
4. -19

Generation 395
0. 26
1. 14
2. -2
3. -8
4. -10

Generation 396
0. 21
1. 3
2. -8
3. -13
4. -13

Generation 397
0. 21
1. 5
2. -7
3. -9
4. -16

Generation 398
0. 26
1. -11
2. -17
3. -19
4. -19

Generation 399
0. -5
1. -10
2. -22
3. -23
4. -39

Generation 400
0. -18
1. -29
2. -38
3. -41
4. -42

Generation 401
0. -15
1. -24
2. -27
3. -27
4. -36

Generation 402
0. -1
1. -11
2. -12
3. -16
4. -29

Generation 403
0. -18
1. -24
2. -26
3. -33
4. -39

Generation 404
0. -17
1. -21
2. -27
3. -27
4. -28

Generation 405
0. 24
1. -10
2. -20
3. -32
4. -35

Generation 406
0. 8
1. 7
2. -6
3. -30
4. -32

Generation 407
0. -7
1. -14
2. -15
3. -25
4. -42

Generation 408
0. -15
1. -36
2. -41
3. -42
4. -43

Generation 409
0. -7
1. -25
2. -31
3. -33
4. -36

Generation 410
0. -5
1. -18
2. -30
3. -33
4. -36

Generation 411
0. 13
1. 11
2. 4
3. -3
4. -21

Generation 412
0. 6
1. -10
2. -13
3. -24
4. -28

Generation 413
0. -8
1. -9
2. -15
3. -29
4. -29

Generation 414
0. 25
1. -9
2. -10
3. -14
4. -21

Generation 415
0. 29
1. 19
2. -10
3. -14
4. -40

Generation 416
0. 17
1. 10
2. -11
3. -15
4. -27

Generation 417
0. 14
1. 6
2. -12
3. -12
4. -17

Generation 418
0. -2
1. -5
2. -12
3. -16
4. -28

Generation 419
0. 2
1. 2
2. -5
3. -16
4. -17

Generation 420
0. 10
1. 5
2. -5
3. -17
4. -18

Generation 421
0. 12
1. 0
2. -6
3. -9
4. -9

Generation 422
0. 19
1. -4
2. -18
3. -20
4. -23

Generation 423
0. -5
1. -15
2. -18
3. -19
4. -19

Generation 424
0. 4
1. -21
2. -25
3. -26
4. -27

Generation 425
0. 11
1. -12
2. -16
3. -27
4. -28

Generation 426
0. -11
1. -20
2. -22
3. -30
4. -37

Generation 427
0. -11
1. -27
2. -36
3. -38
4. -41

Generation 428
0. -11
1. -27
2. -31
3. -33
4. -34

Generation 429
0. -31
1. -39
2. -39
3. -42
4. -46

Generation 430
0. 0
1. -8
2. -21
3. -25
4. -32

Generation 431
0. -7
1. -11
2. -13
3. -13
4. -14

Generation 432
0. 5
1. -26
2. -33
3. -36
4. -40

Generation 433
0. -18
1. -18
2. -31
3. -32
4. -36

Generation 434
0. -4
1. -15
2. -20
3. -22
4. -22

Generation 435
0. -8
1. -22
2. -24
3. -37
4. -39

Generation 436
0. -19
1. -22
2. -23
3. -29
4. -30

Generation 437
0. -14
1. -15
2. -31
3. -34
4. -36

Generation 438
0. -31
1. -33
2. -33
3. -40
4. -40

Generation 439
0. 11
1. -5
2. -23
3. -35
4. -35

Generation 440
0. -8
1. -26
2. -32
3. -37
4. -38

Generation 441
0. 13
1. -7
2. -9
3. -22
4. -32

Generation 442
0. -11
1. -15
2. -16
3. -20
4. -24

Generation 443
0. -28
1. -36
2. -38
3. -39
4. -41

Generation 444
0. -26
1. -26
2. -33
3. -35
4. -39

Generation 445
0. -12
1. -21
2. -22
3. -32
4. -32

Generation 446
0. 7
1. 6
2. 1
3. -17
4. -19

Generation 447
0. 11
1. -4
2. -8
3. -14
4. -16

Generation 448
0. 11
1. 5
2. -13
3. -14
4. -21

Generation 449
0. 19
1. 3
2. -1
3. -4
4. -14

Generation 450
0. 30
1. 30
2. 16
3. -3
4. -12

Generation 451
0. -10
1. -10
2. -15
3. -23
4. -28

Generation 452
0. -11
1. -13
2. -17
3. -30
4. -43

Generation 453
0. -9
1. -28
2. -31
3. -33
4. -34

Generation 454
0. -16
1. -17
2. -26
3. -27
4. -27

Generation 455
0. 22
1. -7
2. -14
3. -15
4. -17

Generation 456
0. 12
1. 10
2. -19
3. -33
4. -39

Generation 457
0. 12
1. -10
2. -11
3. -12
4. -17

Generation 458
0. 26
1. 9
2. -12
3. -14
4. -17

Generation 459
0. 12
1. -7
2. -7
3. -11
4. -16

Generation 460
0. -1
1. -6
2. -9
3. -11
4. -13

Generation 461
0. 12
1. -5
2. -12
3. -14
4. -19

Generation 462
0. 5
1. -2
2. -2
3. -9
4. -12

Generation 463
0. 31
1. 30
2. 11
3. 4
4. -3

Generation 464
0. 5
1. 4
2. -6
3. -20
4. -20

Generation 465
0. 1
1. -1
2. -20
3. -24
4. -36

Generation 466
0. 11
1. -13
2. -23
3. -24
4. -24

Generation 467
0. -7
1. -13
2. -13
3. -17
4. -28

Generation 468
0. 13
1. 4
2. -7
3. -8
4. -15

Generation 469
0. -3
1. -5
2. -12
3. -14
4. -30

Generation 470
0. 3
1. -17
2. -18
3. -25
4. -26

Generation 471
0. 35
1. 18
2. 9
3. -2
4. -10

Generation 472
0. 36
1. 16
2. -9
3. -9
4. -18

Generation 473
0. 90
1. 38
2. 17
3. -1
4. -4

Generation 474
0. 44
1. 24
2. 23
3. -9
4. -12

Generation 475
0. 18
1. 8
2. 2
3. -2
4. -6

Generation 476
0. 32
1. 14
2. 12
3. 9
4. 8

Generation 477
0. 39
1. 24
2. 12
3. 3
4. 1

Generation 478
0. 29
1. 28
2. 6
3. -4
4. -6

Generation 479
0. 39
1. 28
2. 9
3. 6
4. 4

Generation 480
0. 14
1. 0
2. -1
3. -11
4. -13

Generation 481
0. 25
1. -8
2. -13
3. -15
4. -19

Generation 482
0. 33
1. 2
2. -3
3. -4
4. -5

Generation 483
0. 44
1. 37
2. 19
3. 13
4. -8

Generation 484
0. 13
1. 12
2. 7
3. 3
4. -3

Generation 485
0. 1
1. -6
2. -12
3. -14
4. -17

Generation 486
0. 27
1. 21
2. 21
3. 15
4. 8

Generation 487
0. -9
1. -18
2. -20
3. -21
4. -26

Generation 488
0. 3
1. -9
2. -21
3. -21
4. -26

Generation 489
0. 19
1. 0
2. -4
3. -10
4. -15

Generation 490
0. 28
1. 11
2. 11
3. -8
4. -14

Generation 491
0. 25
1. 15
2. 5
3. 3
4. 3

Generation 492
0. 20
1. 12
2. 4
3. 2
4. 1

Generation 493
0. 42
1. 41
2. 38
3. 33
4. 2

Generation 494
0. 25
1. 12
2. 7
3. -2
4. -11

Generation 495
0. 57
1. 19
2. 11
3. -2
4. -3

Generation 496
0. 34
1. 14
2. 11
3. -7
4. -10

Generation 497
0. 68
1. 35
2. 14
3. 7
4. 1

Generation 498
0. 30
1. 20
2. -6
3. -9
4. -10

Generation 499
0. 68
1. 26
2. 12
3. 3
4. -8
